#
# There is insufficient memory for the Java Runtime Environment to continue.
# Native memory allocation (malloc) failed to allocate 32744 bytes for ChunkPool::allocate
# Possible reasons:
#   The system is out of physical RAM or swap space
#   The process is running with CompressedOops enabled, and the Java Heap may be blocking the growth of the native heap
# Possible solutions:
#   Reduce memory load on the system
#   Increase physical memory or swap space
#   Check if swap backing store is full
#   Decrease Java heap size (-Xmx/-Xms)
#   Decrease number of Java threads
#   Decrease Java thread stack sizes (-Xss)
#   Set larger code cache with -XX:ReservedCodeCacheSize=
#   JVM is running with Unscaled Compressed Oops mode in which the Java heap is
#     placed in the first 4GB address space. The Java Heap base address is the
#     maximum limit for the native heap growth. Please use -XX:HeapBaseMinAddress
#     to set the Java Heap base and to place the Java Heap above 4GB virtual address.
# This output file may be truncated or incomplete.
#
#  Out of Memory Error (allocation.cpp:272), pid=14628, tid=0x0000000000004514
#
# JRE version: OpenJDK Runtime Environment (8.0_242-b01) (build 1.8.0_242-release-1644-b01)
# Java VM: OpenJDK 64-Bit Server VM (25.242-b01 mixed mode windows-amd64 compressed oops)
# Failed to write core dump. Minidumps are not enabled by default on client versions of Windows
#

---------------  T H R E A D  ---------------

Current thread (0x000000001785c000):  JavaThread "C2 CompilerThread1" daemon [_thread_in_native, id=17684, stack(0x0000000018fa0000,0x00000000190a0000)]

Stack: [0x0000000018fa0000,0x00000000190a0000]
[error occurred during error reporting (printing stack bounds), id 0xc0000005]

Native frames: (J=compiled Java code, j=interpreted, Vv=VM code, C=native code)


Current CompileTask:
C2:    200  262       4      
[error occurred during error reporting (printing current compile task), id 0xe0000001]


---------------  P R O C E S S  ---------------

Java Threads: ( => current thread )
  0x00000000191d9800 JavaThread "Service Thread" daemon [_thread_blocked, id=7416, stack(0x00000000195a0000,0x00000000196a0000)]
  0x000000001786c800 JavaThread "C1 CompilerThread2" daemon [_thread_in_native, id=5008, stack(0x00000000190a0000,0x00000000191a0000)]
=>0x000000001785c000 JavaThread "C2 CompilerThread1" daemon [_thread_in_native, id=17684, stack(0x0000000018fa0000,0x00000000190a0000)]
  0x0000000017858800 JavaThread "C2 CompilerThread0" daemon [_thread_blocked, id=18284, stack(0x0000000018ea0000,0x0000000018fa0000)]
  0x0000000017856800 JavaThread "Attach Listener" daemon [_thread_blocked, id=13216, stack(0x0000000018da0000,0x0000000018ea0000)]
  0x0000000017855800 JavaThread "Signal Dispatcher" daemon [_thread_blocked, id=5260, stack(0x0000000018ca0000,0x0000000018da0000)]
  0x0000000002e2d000 JavaThread "Finalizer" daemon [_thread_blocked, id=17164, stack(0x0000000018aa0000,0x0000000018ba0000)]
  0x0000000017839000 JavaThread "Reference Handler" daemon [_thread_blocked, id=8396, stack(0x00000000189a0000,0x0000000018aa0000)]
  0x0000000002d32800 JavaThread "main" [_thread_in_vm, id=6372, stack(0x0000000002c30000,0x0000000002d30000)]

Other Threads:
  0x0000000017817000 VMThread [stack: 0x00000000188a0000,0x00000000189a0000] [id=17548]
  0x00000000191da000 WatcherThread [stack: 0x00000000196a0000,0x00000000197a0000] [id=11332]

VM state:not at safepoint (normal execution)

VM Mutex/Monitor currently owned by a thread: None

heap address: 0x0000000083800000, size: 1992 MB, Compressed Oops mode: 32-bit
Narrow klass base: 0x0000000000000000, Narrow klass shift: 3
Compressed class space size: 1073741824 Address: 0x0000000100000000

Heap:
 PSYoungGen      total 37888K, used 5697K [0x00000000d6800000, 0x00000000d9200000, 0x0000000100000000)
  eden space 32768K, 17% used [0x00000000d6800000,0x00000000d6d90480,0x00000000d8800000)
  from space 5120K, 0% used [0x00000000d8d00000,0x00000000d8d00000,0x00000000d9200000)
  to   space 5120K, 0% used [0x00000000d8800000,0x00000000d8800000,0x00000000d8d00000)
 ParOldGen       total 86016K, used 0K [0x0000000083800000, 0x0000000088c00000, 0x00000000d6800000)
  object space 86016K, 0% used [0x0000000083800000,0x0000000083800000,0x0000000088c00000)
 Metaspace       used 4717K, capacity 4910K, committed 5248K, reserved 1056768K
  class space    used 503K, capacity 551K, committed 640K, reserved 1048576K

Card table byte_map: [0x00000000121f0000,0x00000000125e0000] byte_map_base: 0x0000000011dd4000

Marking Bits: (ParMarkBitMap*) 0x000000006cb9f030
 Begin Bits: [0x0000000012c80000, 0x0000000014ba0000)
 End Bits:   [0x0000000014ba0000, 0x0000000016ac0000)

Polling page: 0x0000000001160000

CodeCache: size=245760Kb used=1554Kb max_used=1554Kb free=244205Kb
 bounds [0x0000000002e30000, 0x00000000030a0000, 0x0000000011e30000]
 total_blobs=543 nmethods=258 adapters=199
 compilation: enabled

Compilation events (10 events):
Event: 0.190 Thread 0x000000001786c800  243       3       java.util.AbstractList$Itr::hasNext (20 bytes)
Event: 0.190 Thread 0x000000001786c800 nmethod 243 0x0000000002fad790 code [0x0000000002fad900, 0x0000000002fadb88]
Event: 0.190 Thread 0x000000001786c800  244       3       java.lang.invoke.MemberName::getInvocationType (56 bytes)
Event: 0.190 Thread 0x000000001786c800 nmethod 244 0x0000000002faddd0 code [0x0000000002fadfc0, 0x0000000002faebc8]
Event: 0.190 Thread 0x000000001786c800  245       3       jdk.internal.org.objectweb.asm.Type::getArgumentsAndReturnSizes (151 bytes)
Event: 0.191 Thread 0x000000001786c800 nmethod 245 0x0000000002faf1d0 code [0x0000000002faf400, 0x0000000002fb0198]
Event: 0.191 Thread 0x000000001786c800  246       3       java.lang.invoke.InvokerBytecodeGenerator::isStaticallyNameable (116 bytes)
Event: 0.193 Thread 0x000000001786c800 nmethod 246 0x0000000002fb0b50 code [0x0000000002fb0ec0, 0x0000000002fb2f98]
Event: 0.193 Thread 0x000000001786c800  249       3       jdk.internal.org.objectweb.asm.Frame::execute (2252 bytes)
Event: 0.194 Thread 0x000000001785c000  262       4       jdk.internal.org.objectweb.asm.ByteVector::putUTF8 (142 bytes)

GC Heap History (0 events):
No events

Deoptimization events (0 events):
No events

Classes redefined (0 events):
No events

Internal exceptions (10 events):
Event: 0.024 Thread 0x0000000002d32800 Exception <a 'java/lang/NoSuchMethodError': Method sun.misc.Unsafe.defineClass(Ljava/lang/String;[BII)Ljava/lang/Class; name or signature does not match> (0x00000000d6807cc8) thrown at [C:\src\AOSP-openjdk-git\hotspot\src\share\vm\prims\jni.cpp, line 4013
Event: 0.024 Thread 0x0000000002d32800 Exception <a 'java/lang/NoSuchMethodError': Method sun.misc.Unsafe.prefetchRead(Ljava/lang/Object;J)V name or signature does not match> (0x00000000d6807fb0) thrown at [C:\src\AOSP-openjdk-git\hotspot\src\share\vm\prims\jni.cpp, line 4013]
Event: 0.136 Thread 0x0000000002d32800 Exception <a 'java/security/PrivilegedActionException'> (0x00000000d6c65f00) thrown at [C:\src\AOSP-openjdk-git\hotspot\src\share\vm\prims\jvm.cpp, line 1502]
Event: 0.136 Thread 0x0000000002d32800 Exception <a 'java/security/PrivilegedActionException'> (0x00000000d6c662f8) thrown at [C:\src\AOSP-openjdk-git\hotspot\src\share\vm\prims\jvm.cpp, line 1502]
Event: 0.137 Thread 0x0000000002d32800 Exception <a 'java/security/PrivilegedActionException'> (0x00000000d6c6a2d0) thrown at [C:\src\AOSP-openjdk-git\hotspot\src\share\vm\prims\jvm.cpp, line 1502]
Event: 0.137 Thread 0x0000000002d32800 Exception <a 'java/security/PrivilegedActionException'> (0x00000000d6c6a6c8) thrown at [C:\src\AOSP-openjdk-git\hotspot\src\share\vm\prims\jvm.cpp, line 1502]
Event: 0.138 Thread 0x0000000002d32800 Exception <a 'java/security/PrivilegedActionException'> (0x00000000d6c6bfd0) thrown at [C:\src\AOSP-openjdk-git\hotspot\src\share\vm\prims\jvm.cpp, line 1502]
Event: 0.138 Thread 0x0000000002d32800 Exception <a 'java/security/PrivilegedActionException'> (0x00000000d6c6c3c8) thrown at [C:\src\AOSP-openjdk-git\hotspot\src\share\vm\prims\jvm.cpp, line 1502]
Event: 0.194 Thread 0x0000000002d32800 Exception <a 'java/lang/NoSuchFieldError': method resolution failed> (0x00000000d6d62528) thrown at [C:\src\AOSP-openjdk-git\hotspot\src\share\vm\prims\methodHandles.cpp, line 1167]
Event: 0.196 Thread 0x0000000002d32800 Exception <a 'java/lang/NoSuchFieldError': method resolution failed> (0x00000000d6d6fc78) thrown at [C:\src\AOSP-openjdk-git\hotspot\src\share\vm\prims\methodHandles.cpp, line 1167]

Events (10 events):
Event: 0.179 loading class java/lang/invoke/DelegatingMethodHandle done
Event: 0.179 loading class java/lang/invoke/MethodHandleImpl$AsVarargsCollector done
Event: 0.179 loading class java/lang/invoke/WrongMethodTypeException
Event: 0.179 loading class java/lang/invoke/WrongMethodTypeException done
Event: 0.181 loading class java/lang/invoke/MethodHandleImpl$Lazy
Event: 0.181 loading class java/lang/invoke/MethodHandleImpl$Lazy done
Event: 0.181 loading class java/lang/invoke/MethodHandleImpl$IntrinsicMethodHandle
Event: 0.181 loading class java/lang/invoke/MethodHandleImpl$IntrinsicMethodHandle done
Event: 0.194 loading class java/lang/NoSuchFieldError
Event: 0.194 loading class java/lang/NoSuchFieldError done


Dynamic libraries:
0x00007ff69cc20000 - 0x00007ff69cc51000 	C:\Program Files\Android\Android Studio\jre\jre\bin\java.exe
0x00007ffce63c0000 - 0x00007ffce65b0000 	C:\Windows\SYSTEM32\ntdll.dll
0x00007ffce5ab0000 - 0x00007ffce5b62000 	C:\Windows\System32\KERNEL32.DLL
0x00007ffce3bd0000 - 0x00007ffce3e75000 	C:\Windows\System32\KERNELBASE.dll
0x00007ffce5b70000 - 0x00007ffce5c13000 	C:\Windows\System32\ADVAPI32.dll
0x00007ffce54d0000 - 0x00007ffce556e000 	C:\Windows\System32\msvcrt.dll
0x00007ffce5090000 - 0x00007ffce5127000 	C:\Windows\System32\sechost.dll
0x00007ffce53b0000 - 0x00007ffce54d0000 	C:\Windows\System32\RPCRT4.dll
0x00007ffce6090000 - 0x00007ffce6224000 	C:\Windows\System32\USER32.dll
0x00007ffce4410000 - 0x00007ffce4431000 	C:\Windows\System32\win32u.dll
0x00007ffce48d0000 - 0x00007ffce48f6000 	C:\Windows\System32\GDI32.dll
0x00007ffce3ff0000 - 0x00007ffce4186000 	C:\Windows\System32\gdi32full.dll
0x00007ffce3b30000 - 0x00007ffce3bce000 	C:\Windows\System32\msvcp_win.dll
0x00007ffce41e0000 - 0x00007ffce42da000 	C:\Windows\System32\ucrtbase.dll
0x00007ffcd19e0000 - 0x00007ffcd1c64000 	C:\Windows\WinSxS\amd64_microsoft.windows.common-controls_6595b64144ccf1df_6.0.18362.1198_none_9e820b57e45ad92f\COMCTL32.dll
0x00007ffce4590000 - 0x00007ffce48c5000 	C:\Windows\System32\combase.dll
0x00007ffce42e0000 - 0x00007ffce4360000 	C:\Windows\System32\bcryptPrimitives.dll
0x00007ffce5060000 - 0x00007ffce508e000 	C:\Windows\System32\IMM32.DLL
0x000000006bb40000 - 0x000000006bc12000 	C:\Program Files\Android\Android Studio\jre\jre\bin\msvcr100.dll
0x000000006c3d0000 - 0x000000006cc1b000 	C:\Program Files\Android\Android Studio\jre\jre\bin\server\jvm.dll
0x00007ffce5ee0000 - 0x00007ffce5ee8000 	C:\Windows\System32\PSAPI.DLL
0x00007ffcd0600000 - 0x00007ffcd0609000 	C:\Windows\SYSTEM32\WSOCK32.dll
0x00007ffce0fd0000 - 0x00007ffce0ff4000 	C:\Windows\SYSTEM32\WINMM.dll
0x00007ffcdd430000 - 0x00007ffcdd43a000 	C:\Windows\SYSTEM32\VERSION.dll
0x00007ffce0f70000 - 0x00007ffce0f9d000 	C:\Windows\SYSTEM32\WINMMBASE.dll
0x00007ffce5ef0000 - 0x00007ffce5f5f000 	C:\Windows\System32\WS2_32.dll
0x00007ffce4190000 - 0x00007ffce41da000 	C:\Windows\System32\cfgmgr32.dll
0x00007ffcde480000 - 0x00007ffcde48f000 	C:\Program Files\Android\Android Studio\jre\jre\bin\verify.dll
0x00007ffcde450000 - 0x00007ffcde479000 	C:\Program Files\Android\Android Studio\jre\jre\bin\java.dll
0x00007ffcde380000 - 0x00007ffcde396000 	C:\Program Files\Android\Android Studio\jre\jre\bin\zip.dll
0x00007ffce4970000 - 0x00007ffce5057000 	C:\Windows\System32\SHELL32.dll
0x00007ffce5f60000 - 0x00007ffce6009000 	C:\Windows\System32\shcore.dll
0x00007ffce3310000 - 0x00007ffce3a91000 	C:\Windows\System32\windows.storage.dll
0x00007ffce32e0000 - 0x00007ffce3303000 	C:\Windows\System32\profapi.dll
0x00007ffce3270000 - 0x00007ffce32ba000 	C:\Windows\System32\powrprof.dll
0x00007ffce3240000 - 0x00007ffce3250000 	C:\Windows\System32\UMPDC.dll
0x00007ffce5570000 - 0x00007ffce55c2000 	C:\Windows\System32\shlwapi.dll
0x00007ffce3250000 - 0x00007ffce3261000 	C:\Windows\System32\kernel.appcore.dll
0x00007ffce3fd0000 - 0x00007ffce3fe7000 	C:\Windows\System32\cryptsp.dll

VM Arguments:
java_command: org.jetbrains.git4idea.http.GitAskPassApp Username for 'https://github.com': 
java_class_path (initial): C:/Program Files/Android/Android Studio/plugins/git4idea/lib/git4idea-rt.jar;C:/Program Files/Android/Android Studio/lib/xmlrpc-2.0.1.jar;C:/Program Files/Android/Android Studio/lib/commons-codec-1.14.jar;C:/Program Files/Android/Android Studio/lib/util.jar
Launcher Type: SUN_STANDARD

Environment Variables:
PATH=C:/Program Files/Git/mingw64/libexec/git-core;C:/Program Files/Git/mingw64/libexec/git-core;C:\Program Files\Git\mingw64\bin;C:\Program Files\Git\usr\bin;C:\Users\mustafa\bin;C:\Windows\system32;C:\Windows;C:\Windows\System32\Wbem;C:\Windows\System32\WindowsPowerShell\v1.0\;C:\Windows\System32\OpenSSH\;C:\Program Files\Git\cmd;E:\Sdk\platform-tools;C:\Users\mustafa\anaconda3;C:\Users\mustafa\anaconda3\Library\mingw-w64\bin;C:\Users\mustafa\anaconda3\Library\usr\bin;C:\Users\mustafa\anaconda3\Library\bin;C:\Users\mustafa\anaconda3\Scripts;C:\Users\mustafa\AppData\Local\Microsoft\WindowsApps
USERNAME=mustafa
DISPLAY=:0.0
OS=Windows_NT
PROCESSOR_IDENTIFIER=Intel64 Family 6 Model 142 Stepping 9, GenuineIntel



---------------  S Y S T E M  ---------------

OS: Windows 10.0 , 64 bit Build 18362 (10.0.18362.1110)

CPU:total 4 (initial active 4) (2 cores per cpu, 2 threads per core) family 6 model 142 stepping 9, cmov, cx8, fxsr, mmx, sse, sse2, sse3, ssse3, sse4.1, sse4.2, popcnt, avx, avx2, aes, clmul, erms, 3dnowpref, lzcnt, ht, tsc, tscinvbit, bmi1, bmi2, adx

Memory: 4k page, physical 8154720k(252180k free), swap 27283300k(1004k free)

vm_info: OpenJDK 64-Bit Server VM (25.242-b01) for windows-amd64 JRE (1.8.0_242-release-1644-b01), built by "builder" with MS VC++ 10.0 (VS2010)

time: Mon Nov 23 10:32:30 2020
timezone: Egypt Standard Time
elapsed time: 0 seconds (0d 0h 0m 0s)

