#
# There is insufficient memory for the Java Runtime Environment to continue.
# Native memory allocation (malloc) failed to allocate 32744 bytes for ChunkPool::allocate
# Possible reasons:
#   The system is out of physical RAM or swap space
#   The process is running with CompressedOops enabled, and the Java Heap may be blocking the growth of the native heap
# Possible solutions:
#   Reduce memory load on the system
#   Increase physical memory or swap space
#   Check if swap backing store is full
#   Decrease Java heap size (-Xmx/-Xms)
#   Decrease number of Java threads
#   Decrease Java thread stack sizes (-Xss)
#   Set larger code cache with -XX:ReservedCodeCacheSize=
#   JVM is running with Unscaled Compressed Oops mode in which the Java heap is
#     placed in the first 4GB address space. The Java Heap base address is the
#     maximum limit for the native heap growth. Please use -XX:HeapBaseMinAddress
#     to set the Java Heap base and to place the Java Heap above 4GB virtual address.
# This output file may be truncated or incomplete.
#
#  Out of Memory Error (allocation.cpp:272), pid=7516, tid=0x0000000000004a50
#
# JRE version: OpenJDK Runtime Environment (8.0_242-b01) (build 1.8.0_242-release-1644-b01)
# Java VM: OpenJDK 64-Bit Server VM (25.242-b01 mixed mode windows-amd64 compressed oops)
# Failed to write core dump. Minidumps are not enabled by default on client versions of Windows
#

---------------  T H R E A D  ---------------

Current thread (0x00000000173fb000):  JavaThread "C2 CompilerThread1" daemon [_thread_in_native, id=19024, stack(0x0000000018b60000,0x0000000018c60000)]

Stack: [0x0000000018b60000,0x0000000018c60000]
[error occurred during error reporting (printing stack bounds), id 0xc0000005]

Native frames: (J=compiled Java code, j=interpreted, Vv=VM code, C=native code)


Current CompileTask:
C2:   4729 1592       4       java.net.URLClassLoader$1::run (5 bytes)


---------------  P R O C E S S  ---------------

Java Threads: ( => current thread )
  0x000000001aea9000 JavaThread "Cache worker for file hash cache (C:\Users\mustafa\.gradle\caches\6.5\fileHashes)" [_thread_blocked, id=17796, stack(0x000000001d380000,0x000000001d480000)]
  0x000000001aeaa800 JavaThread "File lock request listener" [_thread_in_native, id=16508, stack(0x000000001d280000,0x000000001d380000)]
  0x000000001ae80000 JavaThread "Cache worker for journal cache (C:\Users\mustafa\.gradle\caches\journal-1)" [_thread_blocked, id=14684, stack(0x000000001d180000,0x000000001d280000)]
  0x000000001af17000 JavaThread "Thread-9" [_thread_blocked, id=16888, stack(0x000000001ce80000,0x000000001cf80000)]
  0x000000001ae34000 JavaThread "Stdin handler" [_thread_blocked, id=16792, stack(0x000000001cd80000,0x000000001ce80000)]
  0x000000001ae33000 JavaThread "Asynchronous log dispatcher for DefaultDaemonConnection: socket connection from /127.0.0.1:13516 to /127.0.0.1:13517" [_thread_blocked, id=8532, stack(0x000000001cc80000,0x000000001cd80000)]
  0x000000001ae39000 JavaThread "Daemon worker" [_thread_in_vm, id=5788, stack(0x000000001cb80000,0x000000001cc80000)]
  0x0000000019d46000 JavaThread "Cancel handler" [_thread_blocked, id=15788, stack(0x000000001ca80000,0x000000001cb80000)]
  0x000000001addb000 JavaThread "Handler for socket connection from /127.0.0.1:13516 to /127.0.0.1:13517" [_thread_in_native, id=17848, stack(0x000000001c980000,0x000000001ca80000)]
  0x000000001aeea000 JavaThread "Daemon" [_thread_blocked, id=13004, stack(0x000000001c880000,0x000000001c980000)]
  0x000000001ad7e000 JavaThread "Daemon periodic checks" [_thread_blocked, id=11148, stack(0x000000001c580000,0x000000001c680000)]
  0x000000001ad8a000 JavaThread "Incoming local TCP Connector on port 13516" [_thread_in_native, id=12132, stack(0x000000001c340000,0x000000001c440000)]
  0x0000000018e35800 JavaThread "Daemon health stats" [_thread_blocked, id=6908, stack(0x000000001bd00000,0x000000001be00000)]
  0x0000000018d88800 JavaThread "Service Thread" daemon [_thread_blocked, id=18076, stack(0x0000000019160000,0x0000000019260000)]
  0x0000000017409000 JavaThread "C1 CompilerThread2" daemon [_thread_in_native, id=11568, stack(0x0000000018c60000,0x0000000018d60000)]
=>0x00000000173fb000 JavaThread "C2 CompilerThread1" daemon [_thread_in_native, id=19024, stack(0x0000000018b60000,0x0000000018c60000)]
  0x00000000173f3000 JavaThread "C2 CompilerThread0" daemon [_thread_in_native, id=16680, stack(0x0000000018a60000,0x0000000018b60000)]
  0x00000000173f2000 JavaThread "Attach Listener" daemon [_thread_blocked, id=18220, stack(0x0000000018960000,0x0000000018a60000)]
  0x00000000173f1000 JavaThread "Signal Dispatcher" daemon [_thread_blocked, id=18356, stack(0x0000000018860000,0x0000000018960000)]
  0x000000000278c000 JavaThread "Finalizer" daemon [_thread_blocked, id=11904, stack(0x0000000018650000,0x0000000018750000)]
  0x00000000173d9000 JavaThread "Reference Handler" daemon [_thread_blocked, id=17200, stack(0x0000000018550000,0x0000000018650000)]
  0x000000000258e000 JavaThread "main" [_thread_blocked, id=18836, stack(0x0000000002590000,0x0000000002690000)]

Other Threads:
  0x00000000173b6000 VMThread [stack: 0x0000000018450000,0x0000000018550000] [id=8328]
  0x000000001744b000 WatcherThread [stack: 0x0000000019260000,0x0000000019360000] [id=4740]

VM state:not at safepoint (normal execution)

VM Mutex/Monitor currently owned by a thread: None

heap address: 0x0000000080000000, size: 2048 MB, Compressed Oops mode: 32-bit
Narrow klass base: 0x0000000000000000, Narrow klass shift: 3
Compressed class space size: 1073741824 Address: 0x0000000100000000

Heap:
 PSYoungGen      total 37888K, used 8044K [0x00000000d5580000, 0x00000000d7f80000, 0x0000000100000000)
  eden space 32768K, 8% used [0x00000000d5580000,0x00000000d585f308,0x00000000d7580000)
  from space 5120K, 99% used [0x00000000d7580000,0x00000000d7a7c030,0x00000000d7a80000)
  to   space 5120K, 0% used [0x00000000d7a80000,0x00000000d7a80000,0x00000000d7f80000)
 ParOldGen       total 86016K, used 5673K [0x0000000080000000, 0x0000000085400000, 0x00000000d5580000)
  object space 86016K, 6% used [0x0000000080000000,0x000000008058a478,0x0000000085400000)
 Metaspace       used 17696K, capacity 18298K, committed 18560K, reserved 1064960K
  class space    used 2418K, capacity 2639K, committed 2688K, reserved 1048576K

Card table byte_map: [0x0000000011b60000,0x0000000011f70000] byte_map_base: 0x0000000011760000

Marking Bits: (ParMarkBitMap*) 0x000000006cb9f030
 Begin Bits: [0x0000000012620000, 0x0000000014620000)
 End Bits:   [0x0000000014620000, 0x0000000016620000)

Polling page: 0x0000000002530000

CodeCache: size=245760Kb used=5940Kb max_used=5940Kb free=239819Kb
 bounds [0x00000000027a0000, 0x0000000002d70000, 0x00000000117a0000]
 total_blobs=2131 nmethods=1727 adapters=317
 compilation: enabled

Compilation events (10 events):
Event: 4.712 Thread 0x0000000017409000 1719       3       com.google.common.base.Splitter$1::<init> (10 bytes)
Event: 4.712 Thread 0x0000000017409000 nmethod 1719 0x0000000002d6cc90 code [0x0000000002d6cde0, 0x0000000002d6cfb0]
Event: 4.712 Thread 0x0000000017409000 1720       3       com.google.common.base.CharMatcher::none (4 bytes)
Event: 4.712 Thread 0x0000000017409000 nmethod 1720 0x0000000002d6d050 code [0x0000000002d6d1a0, 0x0000000002d6d2d0]
Event: 4.712 Thread 0x0000000017409000 1721       3       com.google.common.base.Splitter::omitEmptyStrings (21 bytes)
Event: 4.712 Thread 0x0000000017409000 nmethod 1721 0x0000000002d6d350 code [0x0000000002d6d4c0, 0x0000000002d6d770]
Event: 4.719 Thread 0x0000000017409000 1733       3       sun.misc.ProxyGenerator::code_aload (11 bytes)
Event: 4.719 Thread 0x0000000017409000 nmethod 1733 0x0000000002d6d890 code [0x0000000002d6da00, 0x0000000002d6dba8]
Event: 4.719 Thread 0x0000000017409000 1734       1       sun.misc.ProxyGenerator::access$800 (5 bytes)
Event: 4.719 Thread 0x0000000017409000 nmethod 1734 0x0000000002d6dc50 code [0x0000000002d6dda0, 0x0000000002d6de90]

GC Heap History (10 events):
Event: 0.746 GC heap before
{Heap before GC invocations=1 (full 0):
 PSYoungGen      total 37888K, used 32768K [0x00000000d5580000, 0x00000000d7f80000, 0x0000000100000000)
  eden space 32768K, 100% used [0x00000000d5580000,0x00000000d7580000,0x00000000d7580000)
  from space 5120K, 0% used [0x00000000d7a80000,0x00000000d7a80000,0x00000000d7f80000)
  to   space 5120K, 0% used [0x00000000d7580000,0x00000000d7580000,0x00000000d7a80000)
 ParOldGen       total 86016K, used 0K [0x0000000080000000, 0x0000000085400000, 0x00000000d5580000)
  object space 86016K, 0% used [0x0000000080000000,0x0000000080000000,0x0000000085400000)
 Metaspace       used 7219K, capacity 7442K, committed 7680K, reserved 1056768K
  class space    used 890K, capacity 973K, committed 1024K, reserved 1048576K
Event: 0.752 GC heap after
Heap after GC invocations=1 (full 0):
 PSYoungGen      total 37888K, used 4386K [0x00000000d5580000, 0x00000000d7f80000, 0x0000000100000000)
  eden space 32768K, 0% used [0x00000000d5580000,0x00000000d5580000,0x00000000d7580000)
  from space 5120K, 85% used [0x00000000d7580000,0x00000000d79c8800,0x00000000d7a80000)
  to   space 5120K, 0% used [0x00000000d7a80000,0x00000000d7a80000,0x00000000d7f80000)
 ParOldGen       total 86016K, used 8K [0x0000000080000000, 0x0000000085400000, 0x00000000d5580000)
  object space 86016K, 0% used [0x0000000080000000,0x0000000080002000,0x0000000085400000)
 Metaspace       used 7219K, capacity 7442K, committed 7680K, reserved 1056768K
  class space    used 890K, capacity 973K, committed 1024K, reserved 1048576K
}
Event: 1.220 GC heap before
{Heap before GC invocations=2 (full 0):
 PSYoungGen      total 37888K, used 37154K [0x00000000d5580000, 0x00000000d7f80000, 0x0000000100000000)
  eden space 32768K, 100% used [0x00000000d5580000,0x00000000d7580000,0x00000000d7580000)
  from space 5120K, 85% used [0x00000000d7580000,0x00000000d79c8800,0x00000000d7a80000)
  to   space 5120K, 0% used [0x00000000d7a80000,0x00000000d7a80000,0x00000000d7f80000)
 ParOldGen       total 86016K, used 8K [0x0000000080000000, 0x0000000085400000, 0x00000000d5580000)
  object space 86016K, 0% used [0x0000000080000000,0x0000000080002000,0x0000000085400000)
 Metaspace       used 7446K, capacity 7646K, committed 7936K, reserved 1056768K
  class space    used 909K, capacity 977K, committed 1024K, reserved 1048576K
Event: 1.225 GC heap after
Heap after GC invocations=2 (full 0):
 PSYoungGen      total 37888K, used 3137K [0x00000000d5580000, 0x00000000d7f80000, 0x0000000100000000)
  eden space 32768K, 0% used [0x00000000d5580000,0x00000000d5580000,0x00000000d7580000)
  from space 5120K, 61% used [0x00000000d7a80000,0x00000000d7d90608,0x00000000d7f80000)
  to   space 5120K, 0% used [0x00000000d7580000,0x00000000d7580000,0x00000000d7a80000)
 ParOldGen       total 86016K, used 16K [0x0000000080000000, 0x0000000085400000, 0x00000000d5580000)
  object space 86016K, 0% used [0x0000000080000000,0x0000000080004000,0x0000000085400000)
 Metaspace       used 7446K, capacity 7646K, committed 7936K, reserved 1056768K
  class space    used 909K, capacity 977K, committed 1024K, reserved 1048576K
}
Event: 3.914 GC heap before
{Heap before GC invocations=3 (full 0):
 PSYoungGen      total 37888K, used 35905K [0x00000000d5580000, 0x00000000d7f80000, 0x0000000100000000)
  eden space 32768K, 100% used [0x00000000d5580000,0x00000000d7580000,0x00000000d7580000)
  from space 5120K, 61% used [0x00000000d7a80000,0x00000000d7d90608,0x00000000d7f80000)
  to   space 5120K, 0% used [0x00000000d7580000,0x00000000d7580000,0x00000000d7a80000)
 ParOldGen       total 86016K, used 16K [0x0000000080000000, 0x0000000085400000, 0x00000000d5580000)
  object space 86016K, 0% used [0x0000000080000000,0x0000000080004000,0x0000000085400000)
 Metaspace       used 11619K, capacity 11938K, committed 12160K, reserved 1060864K
  class space    used 1542K, capacity 1641K, committed 1664K, reserved 1048576K
Event: 3.919 GC heap after
Heap after GC invocations=3 (full 0):
 PSYoungGen      total 37888K, used 5088K [0x00000000d5580000, 0x00000000d7f80000, 0x0000000100000000)
  eden space 32768K, 0% used [0x00000000d5580000,0x00000000d5580000,0x00000000d7580000)
  from space 5120K, 99% used [0x00000000d7580000,0x00000000d7a78020,0x00000000d7a80000)
  to   space 5120K, 0% used [0x00000000d7a80000,0x00000000d7a80000,0x00000000d7f80000)
 ParOldGen       total 86016K, used 798K [0x0000000080000000, 0x0000000085400000, 0x00000000d5580000)
  object space 86016K, 0% used [0x0000000080000000,0x00000000800c7bc8,0x0000000085400000)
 Metaspace       used 11619K, capacity 11938K, committed 12160K, reserved 1060864K
  class space    used 1542K, capacity 1641K, committed 1664K, reserved 1048576K
}
Event: 4.321 GC heap before
{Heap before GC invocations=4 (full 0):
 PSYoungGen      total 37888K, used 37856K [0x00000000d5580000, 0x00000000d7f80000, 0x0000000100000000)
  eden space 32768K, 100% used [0x00000000d5580000,0x00000000d7580000,0x00000000d7580000)
  from space 5120K, 99% used [0x00000000d7580000,0x00000000d7a78020,0x00000000d7a80000)
  to   space 5120K, 0% used [0x00000000d7a80000,0x00000000d7a80000,0x00000000d7f80000)
 ParOldGen       total 86016K, used 798K [0x0000000080000000, 0x0000000085400000, 0x00000000d5580000)
  object space 86016K, 0% used [0x0000000080000000,0x00000000800c7bc8,0x0000000085400000)
 Metaspace       used 14564K, capacity 15090K, committed 15232K, reserved 1062912K
  class space    used 1995K, capacity 2165K, committed 2176K, reserved 1048576K
Event: 4.328 GC heap after
Heap after GC invocations=4 (full 0):
 PSYoungGen      total 37888K, used 5092K [0x00000000d5580000, 0x00000000d7f80000, 0x0000000100000000)
  eden space 32768K, 0% used [0x00000000d5580000,0x00000000d5580000,0x00000000d7580000)
  from space 5120K, 99% used [0x00000000d7a80000,0x00000000d7f79340,0x00000000d7f80000)
  to   space 5120K, 0% used [0x00000000d7580000,0x00000000d7580000,0x00000000d7a80000)
 ParOldGen       total 86016K, used 2942K [0x0000000080000000, 0x0000000085400000, 0x00000000d5580000)
  object space 86016K, 3% used [0x0000000080000000,0x00000000802dfa00,0x0000000085400000)
 Metaspace       used 14564K, capacity 15090K, committed 15232K, reserved 1062912K
  class space    used 1995K, capacity 2165K, committed 2176K, reserved 1048576K
}
Event: 4.686 GC heap before
{Heap before GC invocations=5 (full 0):
 PSYoungGen      total 37888K, used 37860K [0x00000000d5580000, 0x00000000d7f80000, 0x0000000100000000)
  eden space 32768K, 100% used [0x00000000d5580000,0x00000000d7580000,0x00000000d7580000)
  from space 5120K, 99% used [0x00000000d7a80000,0x00000000d7f79340,0x00000000d7f80000)
  to   space 5120K, 0% used [0x00000000d7580000,0x00000000d7580000,0x00000000d7a80000)
 ParOldGen       total 86016K, used 2942K [0x0000000080000000, 0x0000000085400000, 0x00000000d5580000)
  object space 86016K, 3% used [0x0000000080000000,0x00000000802dfa00,0x0000000085400000)
 Metaspace       used 17525K, capacity 18170K, committed 18560K, reserved 1064960K
  class space    used 2393K, capacity 2575K, committed 2688K, reserved 1048576K
Event: 4.697 GC heap after
Heap after GC invocations=5 (full 0):
 PSYoungGen      total 37888K, used 5104K [0x00000000d5580000, 0x00000000d7f80000, 0x0000000100000000)
  eden space 32768K, 0% used [0x00000000d5580000,0x00000000d5580000,0x00000000d7580000)
  from space 5120K, 99% used [0x00000000d7580000,0x00000000d7a7c030,0x00000000d7a80000)
  to   space 5120K, 0% used [0x00000000d7a80000,0x00000000d7a80000,0x00000000d7f80000)
 ParOldGen       total 86016K, used 5673K [0x0000000080000000, 0x0000000085400000, 0x00000000d5580000)
  object space 86016K, 6% used [0x0000000080000000,0x000000008058a478,0x0000000085400000)
 Metaspace       used 17525K, capacity 18170K, committed 18560K, reserved 1064960K
  class space    used 2393K, capacity 2575K, committed 2688K, reserved 1048576K
}

Deoptimization events (10 events):
Event: 4.269 Thread 0x000000001ae39000 Uncommon trap: reason=class_check action=maybe_recompile pc=0x0000000002adc218 method=java.util.regex.Matcher.match(II)Z @ 86
Event: 4.282 Thread 0x000000001ae39000 Uncommon trap: reason=class_check action=maybe_recompile pc=0x0000000002adc218 method=java.util.regex.Matcher.match(II)Z @ 86
Event: 4.282 Thread 0x000000001ae39000 Uncommon trap: reason=class_check action=maybe_recompile pc=0x0000000002adc218 method=java.util.regex.Matcher.match(II)Z @ 86
Event: 4.283 Thread 0x000000001ae39000 Uncommon trap: reason=class_check action=maybe_recompile pc=0x000000000296f250 method=java.util.regex.Matcher.match(II)Z @ 86
Event: 4.381 Thread 0x000000001ae39000 Uncommon trap: reason=unstable_if action=reinterpret pc=0x0000000002ac1b9c method=java.io.File.getName()Ljava/lang/String; @ 16
Event: 4.611 Thread 0x000000001ae39000 Uncommon trap: reason=unstable_if action=reinterpret pc=0x0000000002ac4a30 method=java.util.LinkedHashMap.afterNodeInsertion(Z)V @ 1
Event: 4.611 Thread 0x000000001ae39000 Uncommon trap: reason=unstable_if action=reinterpret pc=0x0000000002a02b84 method=java.util.HashMap.getNode(ILjava/lang/Object;)Ljava/util/HashMap$Node; @ 129
Event: 4.611 Thread 0x000000001ae39000 Uncommon trap: reason=bimorphic action=maybe_recompile pc=0x0000000002ca55d4 method=java.util.HashMap.putVal(ILjava/lang/Object;Ljava/lang/Object;ZZ)Ljava/lang/Object; @ 203
Event: 4.614 Thread 0x000000001ae39000 Uncommon trap: reason=unstable_if action=reinterpret pc=0x0000000002a01990 method=java.util.HashMap.getNode(ILjava/lang/Object;)Ljava/util/HashMap$Node; @ 129
Event: 4.614 Thread 0x000000001ae39000 Uncommon trap: reason=bimorphic action=maybe_recompile pc=0x0000000002ca55d4 method=java.util.HashMap.putVal(ILjava/lang/Object;Ljava/lang/Object;ZZ)Ljava/lang/Object; @ 203

Classes redefined (0 events):
No events

Internal exceptions (10 events):
Event: 3.957 Thread 0x000000001addb000 Exception <a 'java/lang/NoSuchMethodError': <clinit>> (0x00000000d563fa50) thrown at [C:\src\AOSP-openjdk-git\hotspot\src\share\vm\prims\jni.cpp, line 1615]
Event: 3.959 Thread 0x000000001addb000 Exception <a 'java/lang/NoSuchMethodError': <clinit>> (0x00000000d5655e30) thrown at [C:\src\AOSP-openjdk-git\hotspot\src\share\vm\prims\jni.cpp, line 1615]
Event: 3.973 Thread 0x000000001addb000 Exception <a 'java/lang/NoSuchMethodError': <clinit>> (0x00000000d56cfbf8) thrown at [C:\src\AOSP-openjdk-git\hotspot\src\share\vm\prims\jni.cpp, line 1615]
Event: 3.978 Thread 0x000000001addb000 Exception <a 'java/lang/NoSuchMethodError': <clinit>> (0x00000000d56ff328) thrown at [C:\src\AOSP-openjdk-git\hotspot\src\share\vm\prims\jni.cpp, line 1615]
Event: 3.981 Thread 0x000000001addb000 Exception <a 'java/lang/NoSuchMethodError': <clinit>> (0x00000000d572d8e0) thrown at [C:\src\AOSP-openjdk-git\hotspot\src\share\vm\prims\jni.cpp, line 1615]
Event: 3.982 Thread 0x000000001addb000 Exception <a 'java/lang/NoSuchMethodError': <clinit>> (0x00000000d5739d58) thrown at [C:\src\AOSP-openjdk-git\hotspot\src\share\vm\prims\jni.cpp, line 1615]
Event: 4.429 Thread 0x000000001ae39000 Exception <a 'java/lang/NoSuchMethodError': java.lang.Object.lambda$and$0(Ljava/util/function/Predicate;Ljava/lang/Object;)Z> (0x00000000d5c034d8) thrown at [C:\src\AOSP-openjdk-git\hotspot\src\share\vm\interpreter\linkResolver.cpp, line 620]
Event: 4.438 Thread 0x000000001ae39000 Exception <a 'java/lang/IncompatibleClassChangeError': Found class java.lang.Object, but interface was expected> (0x00000000d5c137d0) thrown at [C:\src\AOSP-openjdk-git\hotspot\src\share\vm\interpreter\linkResolver.cpp, line 653]
Event: 4.442 Thread 0x000000001ae39000 Exception <a 'java/lang/NoSuchMethodError': java.lang.Object.lambda$or$2(Ljava/util/function/Predicate;Ljava/lang/Object;)Z> (0x00000000d5c18320) thrown at [C:\src\AOSP-openjdk-git\hotspot\src\share\vm\interpreter\linkResolver.cpp, line 620]
Event: 4.655 Thread 0x000000001ae39000 Exception <a 'java/lang/NoSuchMethodError': java.lang.Object.lambda$static$0(Lorg/gradle/internal/state/ModelObject;)Ljava/lang/String;> (0x00000000d73b9020) thrown at [C:\src\AOSP-openjdk-git\hotspot\src\share\vm\interpreter\linkResolver.cpp, line 620]

Events (10 events):
Event: 4.722 loading class org/gradle/plugin/management/PluginRequest
Event: 4.722 loading class org/gradle/plugin/management/PluginRequest done
Event: 4.723 loading class org/gradle/api/internal/artifacts/DefaultModuleIdentifier
Event: 4.723 loading class org/gradle/api/internal/artifacts/DefaultModuleIdentifier done
Event: 4.723 loading class com/google/common/base/Objects
Event: 4.723 loading class com/google/common/base/Objects done
Event: 4.724 loading class com/google/common/base/ExtraObjectsMethodsForWeb
Event: 4.724 loading class com/google/common/base/ExtraObjectsMethodsForWeb done
Event: 4.725 loading class org/gradle/api/internal/artifacts/DefaultModuleVersionSelector
Event: 4.725 loading class org/gradle/api/internal/artifacts/DefaultModuleVersionSelector done


Dynamic libraries:
0x00007ff7d96b0000 - 0x00007ff7d96e1000 	C:\Program Files\Android\Android Studio\jre\bin\java.exe
0x00007ffce63c0000 - 0x00007ffce65b0000 	C:\Windows\SYSTEM32\ntdll.dll
0x00007ffce5ab0000 - 0x00007ffce5b62000 	C:\Windows\System32\KERNEL32.DLL
0x00007ffce3bd0000 - 0x00007ffce3e75000 	C:\Windows\System32\KERNELBASE.dll
0x00007ffce5b70000 - 0x00007ffce5c13000 	C:\Windows\System32\ADVAPI32.dll
0x00007ffce54d0000 - 0x00007ffce556e000 	C:\Windows\System32\msvcrt.dll
0x00007ffce5090000 - 0x00007ffce5127000 	C:\Windows\System32\sechost.dll
0x00007ffce53b0000 - 0x00007ffce54d0000 	C:\Windows\System32\RPCRT4.dll
0x00007ffce6090000 - 0x00007ffce6224000 	C:\Windows\System32\USER32.dll
0x00007ffce4410000 - 0x00007ffce4431000 	C:\Windows\System32\win32u.dll
0x00007ffce48d0000 - 0x00007ffce48f6000 	C:\Windows\System32\GDI32.dll
0x00007ffce3ff0000 - 0x00007ffce4186000 	C:\Windows\System32\gdi32full.dll
0x00007ffce3b30000 - 0x00007ffce3bce000 	C:\Windows\System32\msvcp_win.dll
0x00007ffce41e0000 - 0x00007ffce42da000 	C:\Windows\System32\ucrtbase.dll
0x00007ffcd19e0000 - 0x00007ffcd1c64000 	C:\Windows\WinSxS\amd64_microsoft.windows.common-controls_6595b64144ccf1df_6.0.18362.1198_none_9e820b57e45ad92f\COMCTL32.dll
0x00007ffce4590000 - 0x00007ffce48c5000 	C:\Windows\System32\combase.dll
0x00007ffce42e0000 - 0x00007ffce4360000 	C:\Windows\System32\bcryptPrimitives.dll
0x00007ffce5060000 - 0x00007ffce508e000 	C:\Windows\System32\IMM32.DLL
0x000000006bb40000 - 0x000000006bc12000 	C:\Program Files\Android\Android Studio\jre\jre\bin\msvcr100.dll
0x000000006c3d0000 - 0x000000006cc1b000 	C:\Program Files\Android\Android Studio\jre\jre\bin\server\jvm.dll
0x00007ffce5ee0000 - 0x00007ffce5ee8000 	C:\Windows\System32\PSAPI.DLL
0x00007ffce0fd0000 - 0x00007ffce0ff4000 	C:\Windows\SYSTEM32\WINMM.dll
0x00007ffcdd430000 - 0x00007ffcdd43a000 	C:\Windows\SYSTEM32\VERSION.dll
0x00007ffcd0600000 - 0x00007ffcd0609000 	C:\Windows\SYSTEM32\WSOCK32.dll
0x00007ffce5ef0000 - 0x00007ffce5f5f000 	C:\Windows\System32\WS2_32.dll
0x00007ffce0f70000 - 0x00007ffce0f9d000 	C:\Windows\SYSTEM32\WINMMBASE.dll
0x00007ffce4190000 - 0x00007ffce41da000 	C:\Windows\System32\cfgmgr32.dll
0x00007ffcde480000 - 0x00007ffcde48f000 	C:\Program Files\Android\Android Studio\jre\jre\bin\verify.dll
0x00007ffcde450000 - 0x00007ffcde479000 	C:\Program Files\Android\Android Studio\jre\jre\bin\java.dll
0x00007ffcde380000 - 0x00007ffcde396000 	C:\Program Files\Android\Android Studio\jre\jre\bin\zip.dll
0x00007ffce4970000 - 0x00007ffce5057000 	C:\Windows\System32\SHELL32.dll
0x00007ffce5f60000 - 0x00007ffce6009000 	C:\Windows\System32\shcore.dll
0x00007ffce3310000 - 0x00007ffce3a91000 	C:\Windows\System32\windows.storage.dll
0x00007ffce32e0000 - 0x00007ffce3303000 	C:\Windows\System32\profapi.dll
0x00007ffce3270000 - 0x00007ffce32ba000 	C:\Windows\System32\powrprof.dll
0x00007ffce3240000 - 0x00007ffce3250000 	C:\Windows\System32\UMPDC.dll
0x00007ffce5570000 - 0x00007ffce55c2000 	C:\Windows\System32\shlwapi.dll
0x00007ffce3250000 - 0x00007ffce3261000 	C:\Windows\System32\kernel.appcore.dll
0x00007ffce3fd0000 - 0x00007ffce3fe7000 	C:\Windows\System32\cryptsp.dll
0x00007ffcde350000 - 0x00007ffcde36a000 	C:\Program Files\Android\Android Studio\jre\jre\bin\net.dll
0x00007ffce2a90000 - 0x00007ffce2af7000 	C:\Windows\system32\mswsock.dll
0x00007ffcde4f0000 - 0x00007ffcde503000 	C:\Program Files\Android\Android Studio\jre\jre\bin\nio.dll
0x00007ffcdf5e0000 - 0x00007ffcdf607000 	C:\Users\mustafa\.gradle\native\f6784746aeab05261644944871eae4fe03e0ef1612fff0a4a95f87b438bc6780\windows-amd64\native-platform.dll
0x00007ffcde4c0000 - 0x00007ffcde4cd000 	C:\Program Files\Android\Android Studio\jre\jre\bin\management.dll
0x00007ffce2600000 - 0x00007ffce2633000 	C:\Windows\system32\rsaenh.dll
0x00007ffce3b00000 - 0x00007ffce3b26000 	C:\Windows\System32\bcrypt.dll
0x00007ffce3120000 - 0x00007ffce3145000 	C:\Windows\SYSTEM32\USERENV.dll
0x00007ffce2c60000 - 0x00007ffce2c6c000 	C:\Windows\SYSTEM32\CRYPTBASE.dll
0x00007ffce27a0000 - 0x00007ffce27da000 	C:\Windows\SYSTEM32\IPHLPAPI.DLL
0x00007ffce4900000 - 0x00007ffce4908000 	C:\Windows\System32\NSI.dll
0x00007ffcdacd0000 - 0x00007ffcdace6000 	C:\Windows\SYSTEM32\dhcpcsvc6.DLL
0x00007ffcdacb0000 - 0x00007ffcdaccc000 	C:\Windows\SYSTEM32\dhcpcsvc.DLL
0x00007ffce27e0000 - 0x00007ffce28ab000 	C:\Windows\SYSTEM32\DNSAPI.dll
0x00007ffcdacf0000 - 0x00007ffcdacfb000 	C:\Windows\SYSTEM32\WINNSI.DLL

VM Arguments:
jvm_args: -Xmx2048m -Dfile.encoding=windows-1252 -Duser.country=US -Duser.language=en -Duser.variant 
java_command: org.gradle.launcher.daemon.bootstrap.GradleDaemon 6.5
java_class_path (initial): C:\Users\mustafa\.gradle\wrapper\dists\gradle-6.5-bin\6nifqtx7604sqp1q6g8wikw7p\gradle-6.5\lib\gradle-launcher-6.5.jar
Launcher Type: SUN_STANDARD

Environment Variables:
PATH=C:\Windows\system32;C:\Windows;C:\Windows\System32\Wbem;C:\Windows\System32\WindowsPowerShell\v1.0\;C:\Windows\System32\OpenSSH\;C:\Program Files\Git\cmd;E:\Sdk\platform-tools;C:\Users\mustafa\anaconda3;C:\Users\mustafa\anaconda3\Library\mingw-w64\bin;C:\Users\mustafa\anaconda3\Library\usr\bin;C:\Users\mustafa\anaconda3\Library\bin;C:\Users\mustafa\anaconda3\Scripts;C:\Users\mustafa\AppData\Local\Microsoft\WindowsApps
USERNAME=mustafa
OS=Windows_NT
PROCESSOR_IDENTIFIER=Intel64 Family 6 Model 142 Stepping 9, GenuineIntel



---------------  S Y S T E M  ---------------

OS: Windows 10.0 , 64 bit Build 18362 (10.0.18362.1110)

CPU:total 4 (initial active 4) (2 cores per cpu, 2 threads per core) family 6 model 142 stepping 9, cmov, cx8, fxsr, mmx, sse, sse2, sse3, ssse3, sse4.1, sse4.2, popcnt, avx, avx2, aes, clmul, erms, 3dnowpref, lzcnt, ht, tsc, tscinvbit, bmi1, bmi2, adx

Memory: 4k page, physical 8154720k(232296k free), swap 27283300k(2124k free)

vm_info: OpenJDK 64-Bit Server VM (25.242-b01) for windows-amd64 JRE (1.8.0_242-release-1644-b01), built by "builder" with MS VC++ 10.0 (VS2010)

time: Mon Nov 23 10:49:42 2020
timezone: Egypt Standard Time
elapsed time: 4 seconds (0d 0h 0m 4s)

