#
# There is insufficient memory for the Java Runtime Environment to continue.
# Native memory allocation (malloc) failed to allocate 32744 bytes for ChunkPool::allocate
# Possible reasons:
#   The system is out of physical RAM or swap space
#   The process is running with CompressedOops enabled, and the Java Heap may be blocking the growth of the native heap
# Possible solutions:
#   Reduce memory load on the system
#   Increase physical memory or swap space
#   Check if swap backing store is full
#   Decrease Java heap size (-Xmx/-Xms)
#   Decrease number of Java threads
#   Decrease Java thread stack sizes (-Xss)
#   Set larger code cache with -XX:ReservedCodeCacheSize=
#   JVM is running with Unscaled Compressed Oops mode in which the Java heap is
#     placed in the first 4GB address space. The Java Heap base address is the
#     maximum limit for the native heap growth. Please use -XX:HeapBaseMinAddress
#     to set the Java Heap base and to place the Java Heap above 4GB virtual address.
# This output file may be truncated or incomplete.
#
#  Out of Memory Error (allocation.cpp:272), pid=19092, tid=0x0000000000002fa8
#
# JRE version: OpenJDK Runtime Environment (8.0_242-b01) (build 1.8.0_242-release-1644-b01)
# Java VM: OpenJDK 64-Bit Server VM (25.242-b01 mixed mode windows-amd64 compressed oops)
# Failed to write core dump. Minidumps are not enabled by default on client versions of Windows
#

---------------  T H R E A D  ---------------

Current thread (0x000000001b36a800):  JavaThread "Daemon worker" [_thread_in_vm, id=12200, stack(0x000000001cf70000,0x000000001d070000)]

Stack: [0x000000001cf70000,0x000000001d070000]
[error occurred during error reporting (printing stack bounds), id 0xc0000005]

Native frames: (J=compiled Java code, j=interpreted, Vv=VM code, C=native code)

Java frames: (J=compiled Java code, j=interpreted, Vv=VM code)
J 829  java.lang.ClassLoader.defineClass1(Ljava/lang/String;[BIILjava/security/ProtectionDomain;Ljava/lang/String;)Ljava/lang/Class; (0 bytes) @ 0x0000000002eea45f [0x0000000002eea3c0+0x9f]
J 631 C1 java.lang.ClassLoader.defineClass(Ljava/lang/String;[BIILjava/security/ProtectionDomain;)Ljava/lang/Class; (43 bytes) @ 0x0000000002e429a4 [0x0000000002e423c0+0x5e4]
J 573 C1 java.net.URLClassLoader.defineClass(Ljava/lang/String;Lsun/misc/Resource;)Ljava/lang/Class; (142 bytes) @ 0x0000000002e16524 [0x0000000002e149c0+0x1b64]
J 497 C1 java.net.URLClassLoader$1.run()Ljava/lang/Class; (63 bytes) @ 0x0000000002dc382c [0x0000000002dc3560+0x2cc]
J 496 C1 java.net.URLClassLoader$1.run()Ljava/lang/Object; (5 bytes) @ 0x0000000002dc31cc [0x0000000002dc3140+0x8c]
v  ~StubRoutines::call_stub
J 423  java.security.AccessController.doPrivileged(Ljava/security/PrivilegedExceptionAction;Ljava/security/AccessControlContext;)Ljava/lang/Object; (0 bytes) @ 0x0000000002d9b2a6 [0x0000000002d9b240+0x66]
J 1613 C2 java.net.URLClassLoader.findClass(Ljava/lang/String;)Ljava/lang/Class; (47 bytes) @ 0x000000000312fab0 [0x000000000312fa20+0x90]
J 1537 C2 java.lang.ClassLoader.loadClass(Ljava/lang/String;Z)Ljava/lang/Class; (122 bytes) @ 0x0000000003106980 [0x0000000003105940+0x1040]
J 446 C1 java.lang.ClassLoader.loadClass(Ljava/lang/String;)Ljava/lang/Class; (7 bytes) @ 0x0000000002da63cc [0x0000000002da62c0+0x10c]
v  ~StubRoutines::call_stub
j  org.gradle.internal.classpath.DefaultCachedClasspathTransformer.fileTransformerFor(Lorg/gradle/internal/classpath/CachedClasspathTransformer$StandardTransform;)Lorg/gradle/internal/classpath/ClasspathFileTransformer;+36
j  org.gradle.internal.classpath.DefaultCachedClasspathTransformer.transform(Lorg/gradle/internal/classpath/ClassPath;Lorg/gradle/internal/classpath/CachedClasspathTransformer$StandardTransform;)Lorg/gradle/internal/classpath/ClassPath;+4
j  org.gradle.plugin.use.resolve.service.internal.InjectedClasspathPluginResolver.<init>(Lorg/gradle/api/internal/initialization/ClassLoaderScope;Lorg/gradle/internal/classpath/CachedClasspathTransformer;Lorg/gradle/api/internal/plugins/PluginInspector;Lorg/gradle/internal/classpath/ClassPath;)V+16
j  org.gradle.plugin.internal.PluginUsePluginServiceRegistry$BuildScopeServices.createInjectedClassPathPluginResolver(Lorg/gradle/initialization/ClassLoaderScopeRegistry;Lorg/gradle/api/internal/plugins/PluginInspector;Lorg/gradle/plugin/use/internal/InjectedPluginClasspath;Lorg/gradle/internal/classpath/CachedClasspathTransformer;)Lorg/gradle/plugin/use/resolve/service/internal/InjectedClasspathPluginResolver;+17
v  ~StubRoutines::call_stub
j  sun.reflect.NativeMethodAccessorImpl.invoke0(Ljava/lang/reflect/Method;Ljava/lang/Object;[Ljava/lang/Object;)Ljava/lang/Object;+0
j  sun.reflect.NativeMethodAccessorImpl.invoke(Ljava/lang/Object;[Ljava/lang/Object;)Ljava/lang/Object;+100
J 1228 C1 sun.reflect.DelegatingMethodAccessorImpl.invoke(Ljava/lang/Object;[Ljava/lang/Object;)Ljava/lang/Object; (10 bytes) @ 0x0000000003031a04 [0x0000000003031900+0x104]
J 1227 C1 java.lang.reflect.Method.invoke(Ljava/lang/Object;[Ljava/lang/Object;)Ljava/lang/Object; (62 bytes) @ 0x000000000303142c [0x0000000003031040+0x3ec]
j  org.gradle.internal.reflect.JavaMethod.invoke(Ljava/lang/Object;[Ljava/lang/Object;)Ljava/lang/Object;+6
j  org.gradle.internal.service.ReflectionBasedServiceMethod.invoke(Ljava/lang/Object;[Ljava/lang/Object;)Ljava/lang/Object;+6
j  org.gradle.internal.service.DefaultServiceRegistry$FactoryMethodService.invokeMethod([Ljava/lang/Object;)Ljava/lang/Object;+9
j  org.gradle.internal.service.DefaultServiceRegistry$FactoryService.create()Ljava/lang/Object;+7
J 1539 C1 org.gradle.internal.service.DefaultServiceRegistry$ManagedObjectServiceProvider.getInstance()Ljava/lang/Object; (81 bytes) @ 0x00000000030d5f0c [0x00000000030d5cc0+0x24c]
J 1538 C1 org.gradle.internal.service.DefaultServiceRegistry$SingletonService.get()Ljava/lang/Object; (5 bytes) @ 0x00000000030d6474 [0x00000000030d6380+0xf4]
j  org.gradle.internal.service.DefaultServiceRegistry$FactoryService.assembleParameters()[Ljava/lang/Object;+44
j  org.gradle.internal.service.DefaultServiceRegistry$FactoryService.create()Ljava/lang/Object;+1
J 1539 C1 org.gradle.internal.service.DefaultServiceRegistry$ManagedObjectServiceProvider.getInstance()Ljava/lang/Object; (81 bytes) @ 0x00000000030d5f0c [0x00000000030d5cc0+0x24c]
J 1538 C1 org.gradle.internal.service.DefaultServiceRegistry$SingletonService.get()Ljava/lang/Object; (5 bytes) @ 0x00000000030d6474 [0x00000000030d6380+0xf4]
j  org.gradle.internal.service.DefaultServiceRegistry$FactoryService.assembleParameters()[Ljava/lang/Object;+44
j  org.gradle.internal.service.DefaultServiceRegistry$FactoryService.create()Ljava/lang/Object;+1
J 1539 C1 org.gradle.internal.service.DefaultServiceRegistry$ManagedObjectServiceProvider.getInstance()Ljava/lang/Object; (81 bytes) @ 0x00000000030d5f0c [0x00000000030d5cc0+0x24c]
J 1538 C1 org.gradle.internal.service.DefaultServiceRegistry$SingletonService.get()Ljava/lang/Object; (5 bytes) @ 0x00000000030d6474 [0x00000000030d6380+0xf4]
j  org.gradle.internal.service.DefaultServiceRegistry.find(Ljava/lang/reflect/Type;)Ljava/lang/Object;+22
j  org.gradle.internal.service.DefaultServiceRegistry.get(Ljava/lang/reflect/Type;)Ljava/lang/Object;+2
j  org.gradle.internal.service.DefaultServiceRegistry.get(Ljava/lang/Class;)Ljava/lang/Object;+3
j  org.gradle.internal.service.scopes.BuildScopeServices.defaultScriptPluginFactory()Lorg/gradle/configuration/DefaultScriptPluginFactory;+32
j  org.gradle.internal.service.scopes.BuildScopeServices.createScriptPluginFactory(Lorg/gradle/internal/instantiation/InstantiatorFactory;Lorg/gradle/internal/operations/BuildOperationExecutor;Lorg/gradle/configuration/internal/UserCodeApplicationContext;)Lorg/gradle/configuration/ScriptPluginFactory;+1
v  ~StubRoutines::call_stub
j  sun.reflect.NativeMethodAccessorImpl.invoke0(Ljava/lang/reflect/Method;Ljava/lang/Object;[Ljava/lang/Object;)Ljava/lang/Object;+0
j  sun.reflect.NativeMethodAccessorImpl.invoke(Ljava/lang/Object;[Ljava/lang/Object;)Ljava/lang/Object;+100
J 1228 C1 sun.reflect.DelegatingMethodAccessorImpl.invoke(Ljava/lang/Object;[Ljava/lang/Object;)Ljava/lang/Object; (10 bytes) @ 0x0000000003031a04 [0x0000000003031900+0x104]
J 1227 C1 java.lang.reflect.Method.invoke(Ljava/lang/Object;[Ljava/lang/Object;)Ljava/lang/Object; (62 bytes) @ 0x000000000303142c [0x0000000003031040+0x3ec]
j  org.gradle.internal.reflect.JavaMethod.invoke(Ljava/lang/Object;[Ljava/lang/Object;)Ljava/lang/Object;+6
j  org.gradle.internal.service.ReflectionBasedServiceMethod.invoke(Ljava/lang/Object;[Ljava/lang/Object;)Ljava/lang/Object;+6
j  org.gradle.internal.service.DefaultServiceRegistry$FactoryMethodService.invokeMethod([Ljava/lang/Object;)Ljava/lang/Object;+9
j  org.gradle.internal.service.DefaultServiceRegistry$FactoryService.create()Ljava/lang/Object;+7
J 1539 C1 org.gradle.internal.service.DefaultServiceRegistry$ManagedObjectServiceProvider.getInstance()Ljava/lang/Object; (81 bytes) @ 0x00000000030d5f0c [0x00000000030d5cc0+0x24c]
J 1538 C1 org.gradle.internal.service.DefaultServiceRegistry$SingletonService.get()Ljava/lang/Object; (5 bytes) @ 0x00000000030d6474 [0x00000000030d6380+0xf4]
j  org.gradle.internal.service.DefaultServiceRegistry$FactoryService.assembleParameters()[Ljava/lang/Object;+44
j  org.gradle.internal.service.DefaultServiceRegistry$FactoryService.create()Ljava/lang/Object;+1
J 1539 C1 org.gradle.internal.service.DefaultServiceRegistry$ManagedObjectServiceProvider.getInstance()Ljava/lang/Object; (81 bytes) @ 0x00000000030d5f0c [0x00000000030d5cc0+0x24c]
J 1538 C1 org.gradle.internal.service.DefaultServiceRegistry$SingletonService.get()Ljava/lang/Object; (5 bytes) @ 0x00000000030d6474 [0x00000000030d6380+0xf4]
j  org.gradle.internal.service.DefaultServiceRegistry$FactoryService.assembleParameters()[Ljava/lang/Object;+44
j  org.gradle.internal.service.DefaultServiceRegistry$FactoryService.create()Ljava/lang/Object;+1
J 1539 C1 org.gradle.internal.service.DefaultServiceRegistry$ManagedObjectServiceProvider.getInstance()Ljava/lang/Object; (81 bytes) @ 0x00000000030d5f0c [0x00000000030d5cc0+0x24c]
J 1538 C1 org.gradle.internal.service.DefaultServiceRegistry$SingletonService.get()Ljava/lang/Object; (5 bytes) @ 0x00000000030d6474 [0x00000000030d6380+0xf4]
j  org.gradle.internal.service.DefaultServiceRegistry.find(Ljava/lang/reflect/Type;)Ljava/lang/Object;+22
j  org.gradle.internal.service.DefaultServiceRegistry.get(Ljava/lang/reflect/Type;)Ljava/lang/Object;+2
j  org.gradle.internal.service.DefaultServiceRegistry.get(Ljava/lang/Class;)Ljava/lang/Object;+3
j  org.gradle.initialization.DefaultGradleLauncherFactory.doNewInstance(Lorg/gradle/api/internal/BuildDefinition;Lorg/gradle/internal/build/BuildState;Lorg/gradle/initialization/GradleLauncher;Lorg/gradle/internal/service/scopes/BuildTreeScopeServices;Ljava/util/List;)Lorg/gradle/initialization/DefaultGradleLauncher;+231
j  org.gradle.initialization.DefaultGradleLauncherFactory.newInstance(Lorg/gradle/api/internal/BuildDefinition;Lorg/gradle/internal/build/RootBuildState;Lorg/gradle/internal/service/scopes/BuildTreeScopeServices;)Lorg/gradle/initialization/GradleLauncher;+33
j  org.gradle.composite.internal.DefaultRootBuildState.<init>(Lorg/gradle/api/internal/BuildDefinition;Lorg/gradle/initialization/GradleLauncherFactory;Lorg/gradle/internal/event/ListenerManager;Lorg/gradle/internal/service/scopes/BuildTreeScopeServices;)V+15
j  org.gradle.composite.internal.DefaultIncludedBuildRegistry.createRootBuild(Lorg/gradle/api/internal/BuildDefinition;)Lorg/gradle/internal/build/RootBuildState;+35
j  org.gradle.launcher.exec.InProcessBuildActionExecuter.execute(Lorg/gradle/internal/invocation/BuildAction;Lorg/gradle/initialization/BuildRequestContext;Lorg/gradle/launcher/exec/BuildActionParameters;Lorg/gradle/internal/service/ServiceRegistry;)Lorg/gradle/launcher/exec/BuildActionResult;+61
j  org.gradle.launcher.exec.InProcessBuildActionExecuter.execute(Lorg/gradle/internal/invocation/BuildAction;Lorg/gradle/initialization/BuildRequestContext;Ljava/lang/Object;Lorg/gradle/internal/service/ServiceRegistry;)Lorg/gradle/launcher/exec/BuildActionResult;+9
j  org.gradle.launcher.exec.BuildTreeScopeBuildActionExecuter.execute(Lorg/gradle/internal/invocation/BuildAction;Lorg/gradle/initialization/BuildRequestContext;Lorg/gradle/launcher/exec/BuildActionParameters;Lorg/gradle/internal/service/ServiceRegistry;)Lorg/gradle/launcher/exec/BuildActionResult;+38
j  org.gradle.launcher.exec.BuildTreeScopeBuildActionExecuter.execute(Lorg/gradle/internal/invocation/BuildAction;Lorg/gradle/initialization/BuildRequestContext;Ljava/lang/Object;Lorg/gradle/internal/service/ServiceRegistry;)Lorg/gradle/launcher/exec/BuildActionResult;+9
j  org.gradle.tooling.internal.provider.ContinuousBuildActionExecuter.execute(Lorg/gradle/internal/invocation/BuildAction;Lorg/gradle/initialization/BuildRequestContext;Lorg/gradle/launcher/exec/BuildActionParameters;Lorg/gradle/internal/service/ServiceRegistry;)Lorg/gradle/launcher/exec/BuildActionResult;+58
j  org.gradle.tooling.internal.provider.ContinuousBuildActionExecuter.execute(Lorg/gradle/internal/invocation/BuildAction;Lorg/gradle/initialization/BuildRequestContext;Ljava/lang/Object;Lorg/gradle/internal/service/ServiceRegistry;)Lorg/gradle/launcher/exec/BuildActionResult;+9
j  org.gradle.tooling.internal.provider.SubscribableBuildActionExecuter.execute(Lorg/gradle/internal/invocation/BuildAction;Lorg/gradle/initialization/BuildRequestContext;Lorg/gradle/launcher/exec/BuildActionParameters;Lorg/gradle/internal/service/ServiceRegistry;)Lorg/gradle/launcher/exec/BuildActionResult;+41
j  org.gradle.tooling.internal.provider.SubscribableBuildActionExecuter.execute(Lorg/gradle/internal/invocation/BuildAction;Lorg/gradle/initialization/BuildRequestContext;Ljava/lang/Object;Lorg/gradle/internal/service/ServiceRegistry;)Lorg/gradle/launcher/exec/BuildActionResult;+9
j  org.gradle.tooling.internal.provider.SessionScopeBuildActionExecuter.execute(Lorg/gradle/internal/invocation/BuildAction;Lorg/gradle/initialization/BuildRequestContext;Lorg/gradle/launcher/exec/BuildActionParameters;Lorg/gradle/internal/service/ServiceRegistry;)Lorg/gradle/launcher/exec/BuildActionResult;+117
j  org.gradle.tooling.internal.provider.SessionScopeBuildActionExecuter.execute(Lorg/gradle/internal/invocation/BuildAction;Lorg/gradle/initialization/BuildRequestContext;Ljava/lang/Object;Lorg/gradle/internal/service/ServiceRegistry;)Lorg/gradle/launcher/exec/BuildActionResult;+9
j  org.gradle.tooling.internal.provider.GradleThreadBuildActionExecuter.execute(Lorg/gradle/internal/invocation/BuildAction;Lorg/gradle/initialization/BuildRequestContext;Lorg/gradle/launcher/exec/BuildActionParameters;Lorg/gradle/internal/service/ServiceRegistry;)Lorg/gradle/launcher/exec/BuildActionResult;+12
j  org.gradle.tooling.internal.provider.GradleThreadBuildActionExecuter.execute(Lorg/gradle/internal/invocation/BuildAction;Lorg/gradle/initialization/BuildRequestContext;Ljava/lang/Object;Lorg/gradle/internal/service/ServiceRegistry;)Lorg/gradle/launcher/exec/BuildActionResult;+9
j  org.gradle.tooling.internal.provider.StartParamsValidatingActionExecuter.execute(Lorg/gradle/internal/invocation/BuildAction;Lorg/gradle/initialization/BuildRequestContext;Lorg/gradle/launcher/exec/BuildActionParameters;Lorg/gradle/internal/service/ServiceRegistry;)Lorg/gradle/launcher/exec/BuildActionResult;+177
j  org.gradle.tooling.internal.provider.StartParamsValidatingActionExecuter.execute(Lorg/gradle/internal/invocation/BuildAction;Lorg/gradle/initialization/BuildRequestContext;Ljava/lang/Object;Lorg/gradle/internal/service/ServiceRegistry;)Lorg/gradle/launcher/exec/BuildActionResult;+9
j  org.gradle.tooling.internal.provider.SessionFailureReportingActionExecuter.execute(Lorg/gradle/internal/invocation/BuildAction;Lorg/gradle/initialization/BuildRequestContext;Lorg/gradle/launcher/exec/BuildActionParameters;Lorg/gradle/internal/service/ServiceRegistry;)Lorg/gradle/launcher/exec/BuildActionResult;+9
j  org.gradle.tooling.internal.provider.SessionFailureReportingActionExecuter.execute(Lorg/gradle/internal/invocation/BuildAction;Lorg/gradle/initialization/BuildRequestContext;Ljava/lang/Object;Lorg/gradle/internal/service/ServiceRegistry;)Lorg/gradle/launcher/exec/BuildActionResult;+9
j  org.gradle.tooling.internal.provider.SetupLoggingActionExecuter.execute(Lorg/gradle/internal/invocation/BuildAction;Lorg/gradle/initialization/BuildRequestContext;Lorg/gradle/launcher/exec/BuildActionParameters;Lorg/gradle/internal/service/ServiceRegistry;)Lorg/gradle/launcher/exec/BuildActionResult;+52
j  org.gradle.tooling.internal.provider.SetupLoggingActionExecuter.execute(Lorg/gradle/internal/invocation/BuildAction;Lorg/gradle/initialization/BuildRequestContext;Ljava/lang/Object;Lorg/gradle/internal/service/ServiceRegistry;)Lorg/gradle/launcher/exec/BuildActionResult;+9
j  org.gradle.launcher.daemon.server.exec.ExecuteBuild.doBuild(Lorg/gradle/launcher/daemon/server/api/DaemonCommandExecution;Lorg/gradle/launcher/daemon/protocol/Build;)V+118
j  org.gradle.launcher.daemon.server.exec.BuildCommandOnly.execute(Lorg/gradle/launcher/daemon/server/api/DaemonCommandExecution;)V+49
j  org.gradle.launcher.daemon.server.api.DaemonCommandExecution.proceed()Z+23
j  org.gradle.launcher.daemon.server.exec.WatchForDisconnection.execute(Lorg/gradle/launcher/daemon/server/api/DaemonCommandExecution;)V+19
j  org.gradle.launcher.daemon.server.api.DaemonCommandExecution.proceed()Z+23
j  org.gradle.launcher.daemon.server.exec.ResetDeprecationLogger.execute(Lorg/gradle/launcher/daemon/server/api/DaemonCommandExecution;)V+7
j  org.gradle.launcher.daemon.server.api.DaemonCommandExecution.proceed()Z+23
j  org.gradle.launcher.daemon.server.exec.RequestStopIfSingleUsedDaemon.execute(Lorg/gradle/launcher/daemon/server/api/DaemonCommandExecution;)V+33
j  org.gradle.launcher.daemon.server.api.DaemonCommandExecution.proceed()Z+23
j  org.gradle.launcher.daemon.server.exec.ForwardClientInput$2.create()Ljava/lang/Void;+4
j  org.gradle.launcher.daemon.server.exec.ForwardClientInput$2.create()Ljava/lang/Object;+1
j  org.gradle.util.Swapper.swap(Ljava/lang/Object;Lorg/gradle/internal/Factory;)Ljava/lang/Object;+21
j  org.gradle.launcher.daemon.server.exec.ForwardClientInput.execute(Lorg/gradle/launcher/daemon/server/api/DaemonCommandExecution;)V+63
j  org.gradle.launcher.daemon.server.api.DaemonCommandExecution.proceed()Z+23
j  org.gradle.launcher.daemon.server.exec.LogAndCheckHealth.execute(Lorg/gradle/launcher/daemon/server/api/DaemonCommandExecution;)V+28
j  org.gradle.launcher.daemon.server.api.DaemonCommandExecution.proceed()Z+23
j  org.gradle.launcher.daemon.server.exec.LogToClient.doBuild(Lorg/gradle/launcher/daemon/server/api/DaemonCommandExecution;Lorg/gradle/launcher/daemon/protocol/Build;)V+87
j  org.gradle.launcher.daemon.server.exec.BuildCommandOnly.execute(Lorg/gradle/launcher/daemon/server/api/DaemonCommandExecution;)V+49
j  org.gradle.launcher.daemon.server.api.DaemonCommandExecution.proceed()Z+23
j  org.gradle.launcher.daemon.server.exec.EstablishBuildEnvironment.doBuild(Lorg/gradle/launcher/daemon/server/api/DaemonCommandExecution;Lorg/gradle/launcher/daemon/protocol/Build;)V+351
j  org.gradle.launcher.daemon.server.exec.BuildCommandOnly.execute(Lorg/gradle/launcher/daemon/server/api/DaemonCommandExecution;)V+49
j  org.gradle.launcher.daemon.server.api.DaemonCommandExecution.proceed()Z+23
j  org.gradle.launcher.daemon.server.exec.StartBuildOrRespondWithBusy$1.run()V+44
j  org.gradle.launcher.daemon.server.DaemonStateCoordinator$1.run()V+4
j  org.gradle.internal.concurrent.ExecutorPolicy$CatchAndRecordFailures.onExecute(Ljava/lang/Runnable;)V+1
j  org.gradle.internal.concurrent.ManagedExecutorImpl$1.run()V+25
j  java.util.concurrent.ThreadPoolExecutor.runWorker(Ljava/util/concurrent/ThreadPoolExecutor$Worker;)V+95
j  java.util.concurrent.ThreadPoolExecutor$Worker.run()V+5
j  org.gradle.internal.concurrent.ThreadFactoryImpl$ManagedThreadRunnable.run()V+7
j  java.lang.Thread.run()V+11
v  ~StubRoutines::call_stub

---------------  P R O C E S S  ---------------

Java Threads: ( => current thread )
  0x00000000177f2800 JavaThread "Cache worker for file hash cache (C:\Users\mustafa\.gradle\caches\6.5\fileHashes)" [_thread_blocked, id=17456, stack(0x000000001d7a0000,0x000000001d8a0000)]
  0x00000000177ec800 JavaThread "File lock request listener" [_thread_in_native, id=18560, stack(0x000000001d6a0000,0x000000001d7a0000)]
  0x00000000177f1000 JavaThread "Cache worker for journal cache (C:\Users\mustafa\.gradle\caches\journal-1)" [_thread_blocked, id=13920, stack(0x000000001d370000,0x000000001d470000)]
  0x000000001b3cc800 JavaThread "Thread-9" [_thread_blocked, id=18160, stack(0x000000001d270000,0x000000001d370000)]
  0x000000001b44a000 JavaThread "Stdin handler" [_thread_blocked, id=16640, stack(0x000000001d170000,0x000000001d270000)]
  0x000000001b3b9800 JavaThread "Asynchronous log dispatcher for DefaultDaemonConnection: socket connection from /127.0.0.1:13276 to /127.0.0.1:13277" [_thread_blocked, id=7516, stack(0x000000001d070000,0x000000001d170000)]
=>0x000000001b36a800 JavaThread "Daemon worker" [_thread_in_vm, id=12200, stack(0x000000001cf70000,0x000000001d070000)]
  0x000000001aa9f000 JavaThread "Cancel handler" [_thread_blocked, id=19208, stack(0x000000001ce70000,0x000000001cf70000)]
  0x000000001b31b800 JavaThread "Handler for socket connection from /127.0.0.1:13276 to /127.0.0.1:13277" [_thread_in_native, id=16980, stack(0x000000001cd70000,0x000000001ce70000)]
  0x000000001b317000 JavaThread "Daemon" [_thread_blocked, id=8116, stack(0x000000001cc70000,0x000000001cd70000)]
  0x000000001b308800 JavaThread "Daemon periodic checks" [_thread_blocked, id=2204, stack(0x000000001c970000,0x000000001ca70000)]
  0x000000001b2be000 JavaThread "Incoming local TCP Connector on port 13276" [_thread_in_native, id=19164, stack(0x000000001c730000,0x000000001c830000)]
  0x0000000019224000 JavaThread "Daemon health stats" [_thread_blocked, id=17576, stack(0x000000001c0f0000,0x000000001c1f0000)]
  0x0000000019189800 JavaThread "Service Thread" daemon [_thread_blocked, id=17308, stack(0x0000000019550000,0x0000000019650000)]
  0x00000000177f3000 JavaThread "C1 CompilerThread2" daemon [_thread_blocked, id=16748, stack(0x0000000019050000,0x0000000019150000)]
  0x00000000177db800 JavaThread "C2 CompilerThread1" daemon [_thread_in_native, id=11468, stack(0x0000000018f50000,0x0000000019050000)]
  0x00000000177d7800 JavaThread "C2 CompilerThread0" daemon [_thread_in_native, id=6988, stack(0x0000000018e50000,0x0000000018f50000)]
  0x00000000177d3000 JavaThread "Attach Listener" daemon [_thread_blocked, id=11588, stack(0x0000000018d50000,0x0000000018e50000)]
  0x00000000177d2000 JavaThread "Signal Dispatcher" daemon [_thread_blocked, id=16616, stack(0x0000000018c50000,0x0000000018d50000)]
  0x0000000002bab000 JavaThread "Finalizer" daemon [_thread_blocked, id=15840, stack(0x0000000018a50000,0x0000000018b50000)]
  0x00000000177b9000 JavaThread "Reference Handler" daemon [_thread_blocked, id=11580, stack(0x0000000018950000,0x0000000018a50000)]
  0x0000000002a3e000 JavaThread "main" [_thread_blocked, id=9736, stack(0x00000000028f0000,0x00000000029f0000)]

Other Threads:
  0x0000000017796000 VMThread [stack: 0x0000000018850000,0x0000000018950000] [id=11528]
  0x000000001918a000 WatcherThread [stack: 0x0000000019650000,0x0000000019750000] [id=1144]

VM state:not at safepoint (normal execution)

VM Mutex/Monitor currently owned by a thread: None

heap address: 0x0000000080000000, size: 2048 MB, Compressed Oops mode: 32-bit
Narrow klass base: 0x0000000000000000, Narrow klass shift: 3
Compressed class space size: 1073741824 Address: 0x0000000100000000

Heap:
 PSYoungGen      total 37888K, used 8834K [0x00000000d5580000, 0x00000000d7f80000, 0x0000000100000000)
  eden space 32768K, 11% used [0x00000000d5580000,0x00000000d5928b68,0x00000000d7580000)
  from space 5120K, 99% used [0x00000000d7580000,0x00000000d7a78040,0x00000000d7a80000)
  to   space 5120K, 0% used [0x00000000d7a80000,0x00000000d7a80000,0x00000000d7f80000)
 ParOldGen       total 86016K, used 6002K [0x0000000080000000, 0x0000000085400000, 0x00000000d5580000)
  object space 86016K, 6% used [0x0000000080000000,0x00000000805dcb70,0x0000000085400000)
 Metaspace       used 17844K, capacity 18422K, committed 18560K, reserved 1064960K
  class space    used 2444K, capacity 2639K, committed 2688K, reserved 1048576K

Card table byte_map: [0x0000000011f70000,0x0000000012380000] byte_map_base: 0x0000000011b70000

Marking Bits: (ParMarkBitMap*) 0x000000006cb9f030
 Begin Bits: [0x0000000012a30000, 0x0000000014a30000)
 End Bits:   [0x0000000014a30000, 0x0000000016a30000)

Polling page: 0x00000000029f0000

CodeCache: size=245760Kb used=5898Kb max_used=5898Kb free=239861Kb
 bounds [0x0000000002bb0000, 0x0000000003180000, 0x0000000011bb0000]
 total_blobs=2126 nmethods=1722 adapters=317
 compilation: enabled

Compilation events (10 events):
Event: 3.284 Thread 0x00000000177f3000 1726       3       org.gradle.internal.service.DefaultServiceRegistry$ManagedObjectServiceProvider::requiredBy (20 bytes)
Event: 3.284 Thread 0x00000000177f3000 nmethod 1726 0x0000000003172cd0 code [0x0000000003172e60, 0x0000000003173388]
Event: 3.284 Thread 0x00000000177f3000 1727       3       org.gradle.internal.service.DefaultServiceRegistry$ManagedObjectServiceProvider::fromSameRegistry (27 bytes)
Event: 3.284 Thread 0x00000000177f3000 nmethod 1727 0x00000000031734d0 code [0x0000000003173640, 0x0000000003173a10]
Event: 3.291 Thread 0x00000000177f3000 1729       3       org.gradle.internal.dispatch.ReflectionDispatch::dispatch (9 bytes)
Event: 3.291 Thread 0x00000000177f3000 nmethod 1729 0x0000000003173ad0 code [0x0000000003173c40, 0x0000000003173ec8]
Event: 3.291 Thread 0x00000000177f3000 1730   !   3       org.gradle.internal.dispatch.ReflectionDispatch::dispatch (42 bytes)
Event: 3.291 Thread 0x00000000177f3000 nmethod 1730 0x0000000003173f90 code [0x0000000003174160, 0x00000000031747d8]
Event: 3.291 Thread 0x00000000177f3000 1728       3       java.util.concurrent.locks.AbstractQueuedSynchronizer::setState (6 bytes)
Event: 3.292 Thread 0x00000000177f3000 nmethod 1728 0x0000000003174b50 code [0x0000000003174ca0, 0x0000000003174df0]

GC Heap History (10 events):
Event: 0.917 GC heap before
{Heap before GC invocations=1 (full 0):
 PSYoungGen      total 37888K, used 32768K [0x00000000d5580000, 0x00000000d7f80000, 0x0000000100000000)
  eden space 32768K, 100% used [0x00000000d5580000,0x00000000d7580000,0x00000000d7580000)
  from space 5120K, 0% used [0x00000000d7a80000,0x00000000d7a80000,0x00000000d7f80000)
  to   space 5120K, 0% used [0x00000000d7580000,0x00000000d7580000,0x00000000d7a80000)
 ParOldGen       total 86016K, used 0K [0x0000000080000000, 0x0000000085400000, 0x00000000d5580000)
  object space 86016K, 0% used [0x0000000080000000,0x0000000080000000,0x0000000085400000)
 Metaspace       used 7222K, capacity 7438K, committed 7680K, reserved 1056768K
  class space    used 890K, capacity 973K, committed 1024K, reserved 1048576K
Event: 0.924 GC heap after
Heap after GC invocations=1 (full 0):
 PSYoungGen      total 37888K, used 4343K [0x00000000d5580000, 0x00000000d7f80000, 0x0000000100000000)
  eden space 32768K, 0% used [0x00000000d5580000,0x00000000d5580000,0x00000000d7580000)
  from space 5120K, 84% used [0x00000000d7580000,0x00000000d79bdc90,0x00000000d7a80000)
  to   space 5120K, 0% used [0x00000000d7a80000,0x00000000d7a80000,0x00000000d7f80000)
 ParOldGen       total 86016K, used 8K [0x0000000080000000, 0x0000000085400000, 0x00000000d5580000)
  object space 86016K, 0% used [0x0000000080000000,0x0000000080002000,0x0000000085400000)
 Metaspace       used 7222K, capacity 7438K, committed 7680K, reserved 1056768K
  class space    used 890K, capacity 973K, committed 1024K, reserved 1048576K
}
Event: 1.251 GC heap before
{Heap before GC invocations=2 (full 0):
 PSYoungGen      total 37888K, used 37111K [0x00000000d5580000, 0x00000000d7f80000, 0x0000000100000000)
  eden space 32768K, 100% used [0x00000000d5580000,0x00000000d7580000,0x00000000d7580000)
  from space 5120K, 84% used [0x00000000d7580000,0x00000000d79bdc90,0x00000000d7a80000)
  to   space 5120K, 0% used [0x00000000d7a80000,0x00000000d7a80000,0x00000000d7f80000)
 ParOldGen       total 86016K, used 8K [0x0000000080000000, 0x0000000085400000, 0x00000000d5580000)
  object space 86016K, 0% used [0x0000000080000000,0x0000000080002000,0x0000000085400000)
 Metaspace       used 7439K, capacity 7642K, committed 7936K, reserved 1056768K
  class space    used 909K, capacity 977K, committed 1024K, reserved 1048576K
Event: 1.255 GC heap after
Heap after GC invocations=2 (full 0):
 PSYoungGen      total 37888K, used 3169K [0x00000000d5580000, 0x00000000d7f80000, 0x0000000100000000)
  eden space 32768K, 0% used [0x00000000d5580000,0x00000000d5580000,0x00000000d7580000)
  from space 5120K, 61% used [0x00000000d7a80000,0x00000000d7d985e8,0x00000000d7f80000)
  to   space 5120K, 0% used [0x00000000d7580000,0x00000000d7580000,0x00000000d7a80000)
 ParOldGen       total 86016K, used 16K [0x0000000080000000, 0x0000000085400000, 0x00000000d5580000)
  object space 86016K, 0% used [0x0000000080000000,0x0000000080004000,0x0000000085400000)
 Metaspace       used 7439K, capacity 7642K, committed 7936K, reserved 1056768K
  class space    used 909K, capacity 977K, committed 1024K, reserved 1048576K
}
Event: 2.599 GC heap before
{Heap before GC invocations=3 (full 0):
 PSYoungGen      total 37888K, used 35937K [0x00000000d5580000, 0x00000000d7f80000, 0x0000000100000000)
  eden space 32768K, 100% used [0x00000000d5580000,0x00000000d7580000,0x00000000d7580000)
  from space 5120K, 61% used [0x00000000d7a80000,0x00000000d7d985e8,0x00000000d7f80000)
  to   space 5120K, 0% used [0x00000000d7580000,0x00000000d7580000,0x00000000d7a80000)
 ParOldGen       total 86016K, used 16K [0x0000000080000000, 0x0000000085400000, 0x00000000d5580000)
  object space 86016K, 0% used [0x0000000080000000,0x0000000080004000,0x0000000085400000)
 Metaspace       used 11902K, capacity 12190K, committed 12544K, reserved 1060864K
  class space    used 1574K, capacity 1681K, committed 1792K, reserved 1048576K
Event: 2.603 GC heap after
Heap after GC invocations=3 (full 0):
 PSYoungGen      total 37888K, used 5104K [0x00000000d5580000, 0x00000000d7f80000, 0x0000000100000000)
  eden space 32768K, 0% used [0x00000000d5580000,0x00000000d5580000,0x00000000d7580000)
  from space 5120K, 99% used [0x00000000d7580000,0x00000000d7a7c010,0x00000000d7a80000)
  to   space 5120K, 0% used [0x00000000d7a80000,0x00000000d7a80000,0x00000000d7f80000)
 ParOldGen       total 86016K, used 828K [0x0000000080000000, 0x0000000085400000, 0x00000000d5580000)
  object space 86016K, 0% used [0x0000000080000000,0x00000000800cf3e8,0x0000000085400000)
 Metaspace       used 11902K, capacity 12190K, committed 12544K, reserved 1060864K
  class space    used 1574K, capacity 1681K, committed 1792K, reserved 1048576K
}
Event: 2.967 GC heap before
{Heap before GC invocations=4 (full 0):
 PSYoungGen      total 37888K, used 37872K [0x00000000d5580000, 0x00000000d7f80000, 0x0000000100000000)
  eden space 32768K, 100% used [0x00000000d5580000,0x00000000d7580000,0x00000000d7580000)
  from space 5120K, 99% used [0x00000000d7580000,0x00000000d7a7c010,0x00000000d7a80000)
  to   space 5120K, 0% used [0x00000000d7a80000,0x00000000d7a80000,0x00000000d7f80000)
 ParOldGen       total 86016K, used 828K [0x0000000080000000, 0x0000000085400000, 0x00000000d5580000)
  object space 86016K, 0% used [0x0000000080000000,0x00000000800cf3e8,0x0000000085400000)
 Metaspace       used 14600K, capacity 15150K, committed 15232K, reserved 1062912K
  class space    used 2001K, capacity 2165K, committed 2176K, reserved 1048576K
Event: 2.973 GC heap after
Heap after GC invocations=4 (full 0):
 PSYoungGen      total 37888K, used 5088K [0x00000000d5580000, 0x00000000d7f80000, 0x0000000100000000)
  eden space 32768K, 0% used [0x00000000d5580000,0x00000000d5580000,0x00000000d7580000)
  from space 5120K, 99% used [0x00000000d7a80000,0x00000000d7f78020,0x00000000d7f80000)
  to   space 5120K, 0% used [0x00000000d7580000,0x00000000d7580000,0x00000000d7a80000)
 ParOldGen       total 86016K, used 3088K [0x0000000080000000, 0x0000000085400000, 0x00000000d5580000)
  object space 86016K, 3% used [0x0000000080000000,0x00000000803043c0,0x0000000085400000)
 Metaspace       used 14600K, capacity 15150K, committed 15232K, reserved 1062912K
  class space    used 2001K, capacity 2165K, committed 2176K, reserved 1048576K
}
Event: 3.258 GC heap before
{Heap before GC invocations=5 (full 0):
 PSYoungGen      total 37888K, used 37856K [0x00000000d5580000, 0x00000000d7f80000, 0x0000000100000000)
  eden space 32768K, 100% used [0x00000000d5580000,0x00000000d7580000,0x00000000d7580000)
  from space 5120K, 99% used [0x00000000d7a80000,0x00000000d7f78020,0x00000000d7f80000)
  to   space 5120K, 0% used [0x00000000d7580000,0x00000000d7580000,0x00000000d7a80000)
 ParOldGen       total 86016K, used 3088K [0x0000000080000000, 0x0000000085400000, 0x00000000d5580000)
  object space 86016K, 3% used [0x0000000080000000,0x00000000803043c0,0x0000000085400000)
 Metaspace       used 17556K, capacity 18166K, committed 18560K, reserved 1064960K
  class space    used 2395K, capacity 2575K, committed 2688K, reserved 1048576K
Event: 3.265 GC heap after
Heap after GC invocations=5 (full 0):
 PSYoungGen      total 37888K, used 5088K [0x00000000d5580000, 0x00000000d7f80000, 0x0000000100000000)
  eden space 32768K, 0% used [0x00000000d5580000,0x00000000d5580000,0x00000000d7580000)
  from space 5120K, 99% used [0x00000000d7580000,0x00000000d7a78040,0x00000000d7a80000)
  to   space 5120K, 0% used [0x00000000d7a80000,0x00000000d7a80000,0x00000000d7f80000)
 ParOldGen       total 86016K, used 6002K [0x0000000080000000, 0x0000000085400000, 0x00000000d5580000)
  object space 86016K, 6% used [0x0000000080000000,0x00000000805dcb70,0x0000000085400000)
 Metaspace       used 17556K, capacity 18166K, committed 18560K, reserved 1064960K
  class space    used 2395K, capacity 2575K, committed 2688K, reserved 1048576K
}

Deoptimization events (10 events):
Event: 2.910 Thread 0x000000001b36a800 Uncommon trap: reason=class_check action=maybe_recompile pc=0x0000000002ef1dd8 method=java.util.regex.Matcher.match(II)Z @ 86
Event: 2.910 Thread 0x000000001b36a800 Uncommon trap: reason=class_check action=maybe_recompile pc=0x0000000002ef1dd8 method=java.util.regex.Matcher.match(II)Z @ 86
Event: 2.910 Thread 0x000000001b36a800 Uncommon trap: reason=class_check action=maybe_recompile pc=0x0000000002d6980c method=java.util.regex.Matcher.match(II)Z @ 86
Event: 3.004 Thread 0x000000001b36a800 Uncommon trap: reason=unstable_if action=reinterpret pc=0x0000000002eee4dc method=java.io.File.getName()Ljava/lang/String; @ 16
Event: 3.171 Thread 0x000000001b36a800 Uncommon trap: reason=unstable_if action=reinterpret pc=0x0000000002ee5670 method=java.util.LinkedHashMap.afterNodeInsertion(Z)V @ 1
Event: 3.172 Thread 0x000000001b36a800 Uncommon trap: reason=unstable_if action=reinterpret pc=0x0000000002e1b044 method=java.util.HashMap.getNode(ILjava/lang/Object;)Ljava/util/HashMap$Node; @ 129
Event: 3.172 Thread 0x000000001b36a800 Uncommon trap: reason=bimorphic action=maybe_recompile pc=0x000000000309e72c method=java.util.HashMap.putVal(ILjava/lang/Object;Ljava/lang/Object;ZZ)Ljava/lang/Object; @ 203
Event: 3.174 Thread 0x000000001b36a800 Uncommon trap: reason=unstable_if action=reinterpret pc=0x0000000002e1d2d0 method=java.util.HashMap.getNode(ILjava/lang/Object;)Ljava/util/HashMap$Node; @ 129
Event: 3.174 Thread 0x000000001b36a800 Uncommon trap: reason=bimorphic action=maybe_recompile pc=0x000000000309e72c method=java.util.HashMap.putVal(ILjava/lang/Object;Ljava/lang/Object;ZZ)Ljava/lang/Object; @ 203
Event: 3.175 Thread 0x000000001b36a800 Uncommon trap: reason=bimorphic action=maybe_recompile pc=0x00000000030b56bc method=java.util.HashMap.putVal(ILjava/lang/Object;Ljava/lang/Object;ZZ)Ljava/lang/Object; @ 203

Classes redefined (0 events):
No events

Internal exceptions (10 events):
Event: 2.614 Thread 0x000000001b31b800 Exception <a 'java/lang/NoSuchMethodError': <clinit>> (0x00000000d55d3e38) thrown at [C:\src\AOSP-openjdk-git\hotspot\src\share\vm\prims\jni.cpp, line 1615]
Event: 2.616 Thread 0x000000001b31b800 Exception <a 'java/lang/NoSuchMethodError': <clinit>> (0x00000000d55ea180) thrown at [C:\src\AOSP-openjdk-git\hotspot\src\share\vm\prims\jni.cpp, line 1615]
Event: 2.625 Thread 0x000000001b31b800 Exception <a 'java/lang/NoSuchMethodError': <clinit>> (0x00000000d5686e80) thrown at [C:\src\AOSP-openjdk-git\hotspot\src\share\vm\prims\jni.cpp, line 1615]
Event: 2.630 Thread 0x000000001b31b800 Exception <a 'java/lang/NoSuchMethodError': <clinit>> (0x00000000d56b6580) thrown at [C:\src\AOSP-openjdk-git\hotspot\src\share\vm\prims\jni.cpp, line 1615]
Event: 2.634 Thread 0x000000001b31b800 Exception <a 'java/lang/NoSuchMethodError': <clinit>> (0x00000000d56e4b50) thrown at [C:\src\AOSP-openjdk-git\hotspot\src\share\vm\prims\jni.cpp, line 1615]
Event: 2.635 Thread 0x000000001b31b800 Exception <a 'java/lang/NoSuchMethodError': <clinit>> (0x00000000d56f0fc8) thrown at [C:\src\AOSP-openjdk-git\hotspot\src\share\vm\prims\jni.cpp, line 1615]
Event: 3.029 Thread 0x000000001b36a800 Exception <a 'java/lang/NoSuchMethodError': java.lang.Object.lambda$and$0(Ljava/util/function/Predicate;Ljava/lang/Object;)Z> (0x00000000d5b406c8) thrown at [C:\src\AOSP-openjdk-git\hotspot\src\share\vm\interpreter\linkResolver.cpp, line 620]
Event: 3.036 Thread 0x000000001b36a800 Exception <a 'java/lang/IncompatibleClassChangeError': Found class java.lang.Object, but interface was expected> (0x00000000d5b509c0) thrown at [C:\src\AOSP-openjdk-git\hotspot\src\share\vm\interpreter\linkResolver.cpp, line 653]
Event: 3.038 Thread 0x000000001b36a800 Exception <a 'java/lang/NoSuchMethodError': java.lang.Object.lambda$or$2(Ljava/util/function/Predicate;Ljava/lang/Object;)Z> (0x00000000d5b55510) thrown at [C:\src\AOSP-openjdk-git\hotspot\src\share\vm\interpreter\linkResolver.cpp, line 620]
Event: 3.221 Thread 0x000000001b36a800 Exception <a 'java/lang/NoSuchMethodError': java.lang.Object.lambda$static$0(Lorg/gradle/internal/state/ModelObject;)Ljava/lang/String;> (0x00000000d72e23f0) thrown at [C:\src\AOSP-openjdk-git\hotspot\src\share\vm\interpreter\linkResolver.cpp, line 620]

Events (10 events):
Event: 3.299 loading class org/gradle/plugin/internal/PluginUsePluginServiceRegistry$BuildScopeServices$1
Event: 3.299 loading class org/gradle/plugin/internal/PluginUsePluginServiceRegistry$BuildScopeServices$1 done
Event: 3.299 loading class org/gradle/plugin/use/resolve/internal/PluginResolution
Event: 3.299 loading class org/gradle/plugin/use/resolve/internal/PluginResolution done
Event: 3.299 loading class org/gradle/internal/classpath/CachedClasspathTransformer$StandardTransform
Event: 3.299 loading class org/gradle/internal/classpath/CachedClasspathTransformer$StandardTransform done
Event: 3.299 loading class org/gradle/internal/classpath/DefaultCachedClasspathTransformer$1
Event: 3.299 loading class org/gradle/internal/classpath/DefaultCachedClasspathTransformer$1 done
Event: 3.300 loading class org/gradle/internal/classpath/InstrumentingClasspathFileTransformer
Event: 3.300 loading class org/gradle/internal/classpath/InstrumentingClasspathFileTransformer done


Dynamic libraries:
0x00007ff7d96b0000 - 0x00007ff7d96e1000 	C:\Program Files\Android\Android Studio\jre\bin\java.exe
0x00007ffce63c0000 - 0x00007ffce65b0000 	C:\Windows\SYSTEM32\ntdll.dll
0x00007ffce5ab0000 - 0x00007ffce5b62000 	C:\Windows\System32\KERNEL32.DLL
0x00007ffce3bd0000 - 0x00007ffce3e75000 	C:\Windows\System32\KERNELBASE.dll
0x00007ffce5b70000 - 0x00007ffce5c13000 	C:\Windows\System32\ADVAPI32.dll
0x00007ffce54d0000 - 0x00007ffce556e000 	C:\Windows\System32\msvcrt.dll
0x00007ffce5090000 - 0x00007ffce5127000 	C:\Windows\System32\sechost.dll
0x00007ffce53b0000 - 0x00007ffce54d0000 	C:\Windows\System32\RPCRT4.dll
0x00007ffce6090000 - 0x00007ffce6224000 	C:\Windows\System32\USER32.dll
0x00007ffce4410000 - 0x00007ffce4431000 	C:\Windows\System32\win32u.dll
0x00007ffce48d0000 - 0x00007ffce48f6000 	C:\Windows\System32\GDI32.dll
0x00007ffce3ff0000 - 0x00007ffce4186000 	C:\Windows\System32\gdi32full.dll
0x00007ffce3b30000 - 0x00007ffce3bce000 	C:\Windows\System32\msvcp_win.dll
0x00007ffce41e0000 - 0x00007ffce42da000 	C:\Windows\System32\ucrtbase.dll
0x00007ffcd19e0000 - 0x00007ffcd1c64000 	C:\Windows\WinSxS\amd64_microsoft.windows.common-controls_6595b64144ccf1df_6.0.18362.1198_none_9e820b57e45ad92f\COMCTL32.dll
0x00007ffce4590000 - 0x00007ffce48c5000 	C:\Windows\System32\combase.dll
0x00007ffce42e0000 - 0x00007ffce4360000 	C:\Windows\System32\bcryptPrimitives.dll
0x00007ffce5060000 - 0x00007ffce508e000 	C:\Windows\System32\IMM32.DLL
0x000000006bb40000 - 0x000000006bc12000 	C:\Program Files\Android\Android Studio\jre\jre\bin\msvcr100.dll
0x000000006c3d0000 - 0x000000006cc1b000 	C:\Program Files\Android\Android Studio\jre\jre\bin\server\jvm.dll
0x00007ffce5ee0000 - 0x00007ffce5ee8000 	C:\Windows\System32\PSAPI.DLL
0x00007ffcd0600000 - 0x00007ffcd0609000 	C:\Windows\SYSTEM32\WSOCK32.dll
0x00007ffce0fd0000 - 0x00007ffce0ff4000 	C:\Windows\SYSTEM32\WINMM.dll
0x00007ffcdd430000 - 0x00007ffcdd43a000 	C:\Windows\SYSTEM32\VERSION.dll
0x00007ffce5ef0000 - 0x00007ffce5f5f000 	C:\Windows\System32\WS2_32.dll
0x00007ffce0f70000 - 0x00007ffce0f9d000 	C:\Windows\SYSTEM32\WINMMBASE.dll
0x00007ffce4190000 - 0x00007ffce41da000 	C:\Windows\System32\cfgmgr32.dll
0x00007ffcde480000 - 0x00007ffcde48f000 	C:\Program Files\Android\Android Studio\jre\jre\bin\verify.dll
0x00007ffcde450000 - 0x00007ffcde479000 	C:\Program Files\Android\Android Studio\jre\jre\bin\java.dll
0x00007ffcde380000 - 0x00007ffcde396000 	C:\Program Files\Android\Android Studio\jre\jre\bin\zip.dll
0x00007ffce4970000 - 0x00007ffce5057000 	C:\Windows\System32\SHELL32.dll
0x00007ffce5f60000 - 0x00007ffce6009000 	C:\Windows\System32\shcore.dll
0x00007ffce3310000 - 0x00007ffce3a91000 	C:\Windows\System32\windows.storage.dll
0x00007ffce32e0000 - 0x00007ffce3303000 	C:\Windows\System32\profapi.dll
0x00007ffce3270000 - 0x00007ffce32ba000 	C:\Windows\System32\powrprof.dll
0x00007ffce3240000 - 0x00007ffce3250000 	C:\Windows\System32\UMPDC.dll
0x00007ffce5570000 - 0x00007ffce55c2000 	C:\Windows\System32\shlwapi.dll
0x00007ffce3250000 - 0x00007ffce3261000 	C:\Windows\System32\kernel.appcore.dll
0x00007ffce3fd0000 - 0x00007ffce3fe7000 	C:\Windows\System32\cryptsp.dll
0x00007ffcde350000 - 0x00007ffcde36a000 	C:\Program Files\Android\Android Studio\jre\jre\bin\net.dll
0x00007ffce2a90000 - 0x00007ffce2af7000 	C:\Windows\system32\mswsock.dll
0x00007ffcde4f0000 - 0x00007ffcde503000 	C:\Program Files\Android\Android Studio\jre\jre\bin\nio.dll
0x00007ffcdf5e0000 - 0x00007ffcdf607000 	C:\Users\mustafa\.gradle\native\f6784746aeab05261644944871eae4fe03e0ef1612fff0a4a95f87b438bc6780\windows-amd64\native-platform.dll
0x00007ffcde4c0000 - 0x00007ffcde4cd000 	C:\Program Files\Android\Android Studio\jre\jre\bin\management.dll
0x00007ffce2600000 - 0x00007ffce2633000 	C:\Windows\system32\rsaenh.dll
0x00007ffce3b00000 - 0x00007ffce3b26000 	C:\Windows\System32\bcrypt.dll
0x00007ffce3120000 - 0x00007ffce3145000 	C:\Windows\SYSTEM32\USERENV.dll
0x00007ffce2c60000 - 0x00007ffce2c6c000 	C:\Windows\SYSTEM32\CRYPTBASE.dll
0x00007ffce27a0000 - 0x00007ffce27da000 	C:\Windows\SYSTEM32\IPHLPAPI.DLL
0x00007ffce4900000 - 0x00007ffce4908000 	C:\Windows\System32\NSI.dll
0x00007ffcdacd0000 - 0x00007ffcdace6000 	C:\Windows\SYSTEM32\dhcpcsvc6.DLL
0x00007ffcdacb0000 - 0x00007ffcdaccc000 	C:\Windows\SYSTEM32\dhcpcsvc.DLL
0x00007ffce27e0000 - 0x00007ffce28ab000 	C:\Windows\SYSTEM32\DNSAPI.dll
0x00007ffcdacf0000 - 0x00007ffcdacfb000 	C:\Windows\SYSTEM32\WINNSI.DLL

VM Arguments:
jvm_args: -Xmx2048m -Dfile.encoding=windows-1252 -Duser.country=US -Duser.language=en -Duser.variant 
java_command: org.gradle.launcher.daemon.bootstrap.GradleDaemon 6.5
java_class_path (initial): C:\Users\mustafa\.gradle\wrapper\dists\gradle-6.5-bin\6nifqtx7604sqp1q6g8wikw7p\gradle-6.5\lib\gradle-launcher-6.5.jar
Launcher Type: SUN_STANDARD

Environment Variables:
PATH=C:\Windows\system32;C:\Windows;C:\Windows\System32\Wbem;C:\Windows\System32\WindowsPowerShell\v1.0\;C:\Windows\System32\OpenSSH\;C:\Program Files\Git\cmd;E:\Sdk\platform-tools;C:\Users\mustafa\anaconda3;C:\Users\mustafa\anaconda3\Library\mingw-w64\bin;C:\Users\mustafa\anaconda3\Library\usr\bin;C:\Users\mustafa\anaconda3\Library\bin;C:\Users\mustafa\anaconda3\Scripts;C:\Users\mustafa\AppData\Local\Microsoft\WindowsApps
USERNAME=mustafa
OS=Windows_NT
PROCESSOR_IDENTIFIER=Intel64 Family 6 Model 142 Stepping 9, GenuineIntel



---------------  S Y S T E M  ---------------

OS: Windows 10.0 , 64 bit Build 18362 (10.0.18362.1110)

CPU:total 4 (initial active 4) (2 cores per cpu, 2 threads per core) family 6 model 142 stepping 9, cmov, cx8, fxsr, mmx, sse, sse2, sse3, ssse3, sse4.1, sse4.2, popcnt, avx, avx2, aes, clmul, erms, 3dnowpref, lzcnt, ht, tsc, tscinvbit, bmi1, bmi2, adx

Memory: 4k page, physical 8154720k(281284k free), swap 27283300k(3080k free)

vm_info: OpenJDK 64-Bit Server VM (25.242-b01) for windows-amd64 JRE (1.8.0_242-release-1644-b01), built by "builder" with MS VC++ 10.0 (VS2010)

time: Mon Nov 23 10:30:29 2020
timezone: Egypt Standard Time
elapsed time: 3 seconds (0d 0h 0m 3s)

