#
# There is insufficient memory for the Java Runtime Environment to continue.
# Native memory allocation (malloc) failed to allocate 707536 bytes for Chunk::new
# Possible reasons:
#   The system is out of physical RAM or swap space
#   The process is running with CompressedOops enabled, and the Java Heap may be blocking the growth of the native heap
# Possible solutions:
#   Reduce memory load on the system
#   Increase physical memory or swap space
#   Check if swap backing store is full
#   Decrease Java heap size (-Xmx/-Xms)
#   Decrease number of Java threads
#   Decrease Java thread stack sizes (-Xss)
#   Set larger code cache with -XX:ReservedCodeCacheSize=
#   JVM is running with Unscaled Compressed Oops mode in which the Java heap is
#     placed in the first 4GB address space. The Java Heap base address is the
#     maximum limit for the native heap growth. Please use -XX:HeapBaseMinAddress
#     to set the Java Heap base and to place the Java Heap above 4GB virtual address.
# This output file may be truncated or incomplete.
#
#  Out of Memory Error (allocation.cpp:389), pid=12184, tid=0x0000000000004658
#
# JRE version: OpenJDK Runtime Environment (8.0_242-b01) (build 1.8.0_242-release-1644-b01)
# Java VM: OpenJDK 64-Bit Server VM (25.242-b01 mixed mode windows-amd64 compressed oops)
# Failed to write core dump. Minidumps are not enabled by default on client versions of Windows
#

---------------  T H R E A D  ---------------

Current thread (0x0000000017192000):  JavaThread "C2 CompilerThread0" daemon [_thread_in_native, id=18008, stack(0x00000000187e0000,0x00000000188e0000)]

Stack: [0x00000000187e0000,0x00000000188e0000]
[error occurred during error reporting (printing stack bounds), id 0xc0000005]

Native frames: (J=compiled Java code, j=interpreted, Vv=VM code, C=native code)


Current CompileTask:
C2: 788053 23924       4       org.gradle.api.internal.artifacts.ivyservice.resolveengine.result.DesugaredAttributeContainerSerializer::read (155 bytes)


---------------  P R O C E S S  ---------------

Java Threads: ( => current thread )
  0x000000002e4a2800 JavaThread "Cache worker for execution history cache (E:\MustafaElsayed\Projects\Packing-App\.gradle\6.5\executionHistory)" [_thread_blocked, id=16808, stack(0x000000002c250000,0x000000002c350000)]
  0x000000002e4a0000 JavaThread "Execution worker for ':' Thread 3" [_thread_blocked, id=17144, stack(0x000000002bb50000,0x000000002bc50000)]
  0x000000002e49b800 JavaThread "Execution worker for ':' Thread 2" [_thread_blocked, id=10460, stack(0x000000002b850000,0x000000002b950000)]
  0x000000002e49e800 JavaThread "Execution worker for ':'" [_thread_blocked, id=6676, stack(0x000000002b3a0000,0x000000002b4a0000)]
  0x000000002e49e000 JavaThread "Cache worker for file content cache (E:\MustafaElsayed\Projects\Packing-App\.gradle\6.5\fileContent)" [_thread_blocked, id=7060, stack(0x0000000029f80000,0x000000002a080000)]
  0x000000002e49c800 JavaThread "Cache worker for Build Output Cleanup Cache (E:\MustafaElsayed\Projects\Packing-App\.gradle\buildOutputCleanup)" [_thread_blocked, id=17100, stack(0x0000000029a80000,0x0000000029b80000)]
  0x000000002e49d000 JavaThread "jar transforms Thread 330" [_thread_blocked, id=12344, stack(0x0000000029980000,0x0000000029a80000)]
  0x000000002e4a1800 JavaThread "jar transforms Thread 329" [_thread_blocked, id=6320, stack(0x0000000029880000,0x0000000029980000)]
  0x000000002e493800 JavaThread "jar transforms Thread 328" [_thread_blocked, id=13004, stack(0x0000000029780000,0x0000000029880000)]
  0x000000002e495000 JavaThread "jar transforms Thread 327" [_thread_blocked, id=11256, stack(0x0000000029680000,0x0000000029780000)]
  0x000000002e49a000 JavaThread "jar transforms Thread 326" [_thread_blocked, id=11424, stack(0x0000000029580000,0x0000000029680000)]
  0x000000002e495800 JavaThread "jar transforms Thread 325" [_thread_blocked, id=16668, stack(0x0000000029480000,0x0000000029580000)]
  0x000000002e499800 JavaThread "jar transforms Thread 324" [_thread_blocked, id=6168, stack(0x0000000029380000,0x0000000029480000)]
  0x000000002e494000 JavaThread "jar transforms Thread 323" [_thread_blocked, id=18072, stack(0x0000000029280000,0x0000000029380000)]
  0x000000002e498000 JavaThread "jar transforms Thread 322" [_thread_blocked, id=9656, stack(0x0000000029180000,0x0000000029280000)]
  0x000000002e497000 JavaThread "jar transforms Thread 321" [_thread_blocked, id=16772, stack(0x0000000029080000,0x0000000029180000)]
  0x000000002e496800 JavaThread "jar transforms Thread 320" [_thread_blocked, id=8844, stack(0x0000000028f80000,0x0000000029080000)]
  0x000000002e498800 JavaThread "jar transforms Thread 319" [_thread_blocked, id=9748, stack(0x0000000028e80000,0x0000000028f80000)]
  0x0000000019f24000 JavaThread "jar transforms Thread 318" [_thread_blocked, id=12064, stack(0x0000000028d80000,0x0000000028e80000)]
  0x0000000019f21800 JavaThread "jar transforms Thread 317" [_thread_blocked, id=7828, stack(0x0000000028c80000,0x0000000028d80000)]
  0x0000000019f21000 JavaThread "jar transforms Thread 316" [_thread_blocked, id=14888, stack(0x0000000028b80000,0x0000000028c80000)]
  0x0000000019f20000 JavaThread "jar transforms Thread 315" [_thread_blocked, id=17496, stack(0x0000000028a80000,0x0000000028b80000)]
  0x0000000019f27000 JavaThread "jar transforms Thread 314" [_thread_blocked, id=16784, stack(0x0000000028980000,0x0000000028a80000)]
  0x0000000019f1f800 JavaThread "jar transforms Thread 313" [_thread_blocked, id=8468, stack(0x0000000028880000,0x0000000028980000)]
  0x0000000019f26000 JavaThread "jar transforms Thread 312" [_thread_blocked, id=15884, stack(0x0000000028780000,0x0000000028880000)]
  0x0000000019f22800 JavaThread "jar transforms Thread 311" [_thread_blocked, id=12088, stack(0x0000000028680000,0x0000000028780000)]
  0x0000000019f23000 JavaThread "jar transforms Thread 310" [_thread_blocked, id=8408, stack(0x0000000028580000,0x0000000028680000)]
  0x0000000019f24800 JavaThread "jar transforms Thread 309" [_thread_blocked, id=3936, stack(0x0000000028480000,0x0000000028580000)]
  0x0000000019f25800 JavaThread "jar transforms Thread 308" [_thread_blocked, id=10284, stack(0x0000000028380000,0x0000000028480000)]
  0x0000000019f18000 JavaThread "jar transforms Thread 307" [_thread_blocked, id=6528, stack(0x0000000028280000,0x0000000028380000)]
  0x0000000019f1e800 JavaThread "jar transforms Thread 306" [_thread_blocked, id=17012, stack(0x0000000028180000,0x0000000028280000)]
  0x0000000019f1e000 JavaThread "jar transforms Thread 305" [_thread_blocked, id=17304, stack(0x0000000028080000,0x0000000028180000)]
  0x0000000019f1b800 JavaThread "jar transforms Thread 304" [_thread_blocked, id=7568, stack(0x0000000027f80000,0x0000000028080000)]
  0x0000000019f1d000 JavaThread "jar transforms Thread 303" [_thread_blocked, id=16988, stack(0x0000000027e80000,0x0000000027f80000)]
  0x0000000019f19800 JavaThread "jar transforms Thread 302" [_thread_blocked, id=6608, stack(0x0000000027d80000,0x0000000027e80000)]
  0x0000000019f1b000 JavaThread "jar transforms Thread 301" [_thread_blocked, id=12340, stack(0x0000000027c80000,0x0000000027d80000)]
  0x0000000019f1c800 JavaThread "jar transforms Thread 300" [_thread_blocked, id=15028, stack(0x0000000027b80000,0x0000000027c80000)]
  0x0000000019f1a000 JavaThread "jar transforms Thread 299" [_thread_blocked, id=8056, stack(0x0000000027a80000,0x0000000027b80000)]
  0x0000000019f18800 JavaThread "jar transforms Thread 298" [_thread_blocked, id=17180, stack(0x0000000027980000,0x0000000027a80000)]
  0x000000001aed7800 JavaThread "jar transforms Thread 297" [_thread_blocked, id=12084, stack(0x0000000027880000,0x0000000027980000)]
  0x000000001aed6000 JavaThread "jar transforms Thread 296" [_thread_blocked, id=2880, stack(0x0000000027780000,0x0000000027880000)]
  0x000000001aed6800 JavaThread "jar transforms Thread 295" [_thread_blocked, id=7244, stack(0x0000000027680000,0x0000000027780000)]
  0x000000001aed8000 JavaThread "jar transforms Thread 294" [_thread_blocked, id=18296, stack(0x0000000027580000,0x0000000027680000)]
  0x000000001aed5000 JavaThread "jar transforms Thread 293" [_thread_blocked, id=18136, stack(0x0000000027480000,0x0000000027580000)]
  0x000000001aecd800 JavaThread "jar transforms Thread 292" [_thread_blocked, id=11368, stack(0x0000000027380000,0x0000000027480000)]
  0x000000001aed4800 JavaThread "jar transforms Thread 291" [_thread_blocked, id=11952, stack(0x0000000027280000,0x0000000027380000)]
  0x000000001aed3800 JavaThread "jar transforms Thread 290" [_thread_blocked, id=9672, stack(0x0000000027180000,0x0000000027280000)]
  0x000000001aed3000 JavaThread "jar transforms Thread 289" [_thread_blocked, id=16236, stack(0x0000000027080000,0x0000000027180000)]
  0x000000001aecc000 JavaThread "jar transforms Thread 288" [_thread_blocked, id=7412, stack(0x0000000026f80000,0x0000000027080000)]
  0x000000001aed1800 JavaThread "jar transforms Thread 287" [_thread_blocked, id=17928, stack(0x0000000026e80000,0x0000000026f80000)]
  0x000000001aed0800 JavaThread "jar transforms Thread 286" [_thread_blocked, id=16456, stack(0x0000000026d80000,0x0000000026e80000)]
  0x000000001aed0000 JavaThread "jar transforms Thread 285" [_thread_blocked, id=11280, stack(0x0000000026c80000,0x0000000026d80000)]
  0x000000001aecf000 JavaThread "jar transforms Thread 284" [_thread_blocked, id=7544, stack(0x0000000026b80000,0x0000000026c80000)]
  0x000000001aed2000 JavaThread "jar transforms Thread 283" [_thread_blocked, id=11972, stack(0x0000000026a80000,0x0000000026b80000)]
  0x000000001aec9000 JavaThread "jar transforms Thread 282" [_thread_blocked, id=8360, stack(0x0000000026980000,0x0000000026a80000)]
  0x000000001aecd000 JavaThread "jar transforms Thread 281" [_thread_blocked, id=11564, stack(0x0000000026880000,0x0000000026980000)]
  0x000000001aecb800 JavaThread "jar transforms Thread 280" [_thread_blocked, id=692, stack(0x0000000026780000,0x0000000026880000)]
  0x000000001aeca800 JavaThread "jar transforms Thread 279" [_thread_blocked, id=11224, stack(0x0000000026680000,0x0000000026780000)]
  0x000000001aeca000 JavaThread "jar transforms Thread 278" [_thread_blocked, id=16896, stack(0x0000000026580000,0x0000000026680000)]
  0x000000001aece800 JavaThread "jar transforms Thread 277" [_thread_blocked, id=13072, stack(0x0000000026480000,0x0000000026580000)]
  0x00000000302f9000 JavaThread "jar transforms Thread 276" [_thread_blocked, id=16992, stack(0x0000000026380000,0x0000000026480000)]
  0x00000000302f8800 JavaThread "jar transforms Thread 275" [_thread_blocked, id=16792, stack(0x0000000026280000,0x0000000026380000)]
  0x00000000302f7800 JavaThread "jar transforms Thread 274" [_thread_blocked, id=18244, stack(0x0000000026180000,0x0000000026280000)]
  0x00000000302f7000 JavaThread "jar transforms Thread 273" [_thread_blocked, id=17884, stack(0x0000000026080000,0x0000000026180000)]
  0x00000000302f6000 JavaThread "jar transforms Thread 272" [_thread_blocked, id=17344, stack(0x0000000025f80000,0x0000000026080000)]
  0x00000000302f5800 JavaThread "jar transforms Thread 271" [_thread_blocked, id=11268, stack(0x0000000025e80000,0x0000000025f80000)]
  0x00000000302f4800 JavaThread "jar transforms Thread 270" [_thread_blocked, id=11456, stack(0x0000000025d80000,0x0000000025e80000)]
  0x00000000302f4000 JavaThread "jar transforms Thread 269" [_thread_blocked, id=9852, stack(0x0000000025c80000,0x0000000025d80000)]
  0x00000000302ed000 JavaThread "jar transforms Thread 268" [_thread_blocked, id=17472, stack(0x0000000025b80000,0x0000000025c80000)]
  0x00000000302f3000 JavaThread "jar transforms Thread 267" [_thread_blocked, id=16844, stack(0x0000000025a80000,0x0000000025b80000)]
  0x00000000302f2800 JavaThread "jar transforms Thread 266" [_thread_blocked, id=14092, stack(0x0000000025980000,0x0000000025a80000)]
  0x00000000302f1800 JavaThread "jar transforms Thread 265" [_thread_blocked, id=7264, stack(0x0000000025880000,0x0000000025980000)]
  0x00000000302eb800 JavaThread "jar transforms Thread 264" [_thread_blocked, id=2956, stack(0x0000000025780000,0x0000000025880000)]
  0x00000000302ea800 JavaThread "jar transforms Thread 263" [_thread_blocked, id=1860, stack(0x0000000025680000,0x0000000025780000)]
  0x00000000302ea000 JavaThread "jar transforms Thread 262" [_thread_blocked, id=1588, stack(0x0000000025580000,0x0000000025680000)]
  0x00000000302ef800 JavaThread "jar transforms Thread 261" [_thread_blocked, id=8200, stack(0x0000000025480000,0x0000000025580000)]
  0x00000000302f1000 JavaThread "jar transforms Thread 260" [_thread_blocked, id=17944, stack(0x0000000025380000,0x0000000025480000)]
  0x00000000302ec000 JavaThread "jar transforms Thread 259" [_thread_blocked, id=17628, stack(0x0000000025280000,0x0000000025380000)]
  0x00000000302f0000 JavaThread "jar transforms Thread 258" [_thread_blocked, id=11400, stack(0x0000000025180000,0x0000000025280000)]
  0x00000000302ee000 JavaThread "jar transforms Thread 257" [_thread_blocked, id=17948, stack(0x0000000025080000,0x0000000025180000)]
  0x00000000302ee800 JavaThread "jar transforms Thread 256" [_thread_blocked, id=13060, stack(0x0000000024f80000,0x0000000025080000)]
  0x000000001d18c800 JavaThread "jar transforms Thread 255" [_thread_blocked, id=10616, stack(0x0000000024e80000,0x0000000024f80000)]
  0x000000001d18c000 JavaThread "jar transforms Thread 254" [_thread_blocked, id=1144, stack(0x0000000024d80000,0x0000000024e80000)]
  0x000000001d18b000 JavaThread "jar transforms Thread 253" [_thread_blocked, id=16736, stack(0x0000000024c80000,0x0000000024d80000)]
  0x000000001d18a800 JavaThread "jar transforms Thread 252" [_thread_blocked, id=10900, stack(0x0000000024b80000,0x0000000024c80000)]
  0x000000001d187800 JavaThread "jar transforms Thread 251" [_thread_blocked, id=2960, stack(0x0000000024a80000,0x0000000024b80000)]
  0x000000001b0a6800 JavaThread "jar transforms Thread 250" [_thread_blocked, id=14744, stack(0x0000000024980000,0x0000000024a80000)]
  0x000000001b0a6000 JavaThread "jar transforms Thread 249" [_thread_blocked, id=9620, stack(0x0000000024880000,0x0000000024980000)]
  0x000000001b0a7800 JavaThread "jar transforms Thread 248" [_thread_blocked, id=8240, stack(0x0000000024780000,0x0000000024880000)]
  0x000000001b0ac800 JavaThread "jar transforms Thread 247" [_thread_blocked, id=13524, stack(0x0000000024680000,0x0000000024780000)]
  0x000000001b0ac000 JavaThread "jar transforms Thread 246" [_thread_blocked, id=13268, stack(0x0000000024580000,0x0000000024680000)]
  0x000000001ee16000 JavaThread "jar transforms Thread 245" [_thread_blocked, id=15696, stack(0x0000000024480000,0x0000000024580000)]
  0x000000001ee15800 JavaThread "jar transforms Thread 244" [_thread_blocked, id=680, stack(0x0000000024380000,0x0000000024480000)]
  0x000000001ee19000 JavaThread "jar transforms Thread 243" [_thread_blocked, id=9220, stack(0x0000000024280000,0x0000000024380000)]
  0x000000001ee14800 JavaThread "jar transforms Thread 242" [_thread_blocked, id=2140, stack(0x0000000024180000,0x0000000024280000)]
  0x000000001ee18800 JavaThread "jar transforms Thread 241" [_thread_blocked, id=12356, stack(0x0000000024080000,0x0000000024180000)]
  0x000000001ee0d000 JavaThread "jar transforms Thread 240" [_thread_blocked, id=16504, stack(0x0000000023f80000,0x0000000024080000)]
  0x000000001ee13000 JavaThread "jar transforms Thread 239" [_thread_blocked, id=4392, stack(0x0000000023e80000,0x0000000023f80000)]
  0x000000001de05000 JavaThread "jar transforms Thread 238" [_thread_blocked, id=8640, stack(0x0000000023d80000,0x0000000023e80000)]
  0x000000001de02000 JavaThread "jar transforms Thread 237" [_thread_blocked, id=9868, stack(0x0000000023c80000,0x0000000023d80000)]
  0x000000001de04800 JavaThread "jar transforms Thread 236" [_thread_blocked, id=16436, stack(0x0000000023b80000,0x0000000023c80000)]
  0x000000001de00800 JavaThread "jar transforms Thread 235" [_thread_blocked, id=6224, stack(0x0000000023a80000,0x0000000023b80000)]
  0x000000001de01800 JavaThread "jar transforms Thread 234" [_thread_blocked, id=8748, stack(0x0000000023980000,0x0000000023a80000)]
  0x000000001de03800 JavaThread "jar transforms Thread 233" [_thread_blocked, id=11884, stack(0x0000000023780000,0x0000000023880000)]
  0x000000001de00000 JavaThread "jar transforms Thread 232" [_thread_blocked, id=14408, stack(0x0000000023680000,0x0000000023780000)]
  0x000000001d8f9800 JavaThread "jar transforms Thread 231" [_thread_blocked, id=17196, stack(0x0000000023580000,0x0000000023680000)]
  0x000000001d8f8000 JavaThread "jar transforms Thread 230" [_thread_blocked, id=14248, stack(0x0000000023480000,0x0000000023580000)]
  0x000000001d8f9000 JavaThread "jar transforms Thread 229" [_thread_blocked, id=15804, stack(0x0000000023380000,0x0000000023480000)]
  0x000000001d8f7800 JavaThread "jar transforms Thread 228" [_thread_blocked, id=15764, stack(0x0000000023280000,0x0000000023380000)]
  0x000000001d8ef000 JavaThread "jar transforms Thread 227" [_thread_blocked, id=15840, stack(0x0000000023180000,0x0000000023280000)]
  0x000000001d8ee800 JavaThread "jar transforms Thread 226" [_thread_blocked, id=15820, stack(0x0000000023080000,0x0000000023180000)]
  0x000000001d8f5000 JavaThread "jar transforms Thread 225" [_thread_blocked, id=16664, stack(0x0000000022f80000,0x0000000023080000)]
  0x000000001d8f0800 JavaThread "jar transforms Thread 224" [_thread_blocked, id=15488, stack(0x0000000022e80000,0x0000000022f80000)]
  0x000000001d8f4800 JavaThread "jar transforms Thread 223" [_thread_blocked, id=18408, stack(0x0000000022d80000,0x0000000022e80000)]
  0x000000001d8ec000 JavaThread "jar transforms Thread 222" [_thread_blocked, id=16880, stack(0x0000000022c80000,0x0000000022d80000)]
  0x000000001d8f3000 JavaThread "jar transforms Thread 221" [_thread_blocked, id=18412, stack(0x0000000021760000,0x0000000021860000)]
  0x000000001d8f2000 JavaThread "Build operations Thread 4" [_thread_blocked, id=15792, stack(0x0000000021360000,0x0000000021460000)]
  0x00000000307c2800 JavaThread "Build operations Thread 3" [_thread_blocked, id=16916, stack(0x000000001faa0000,0x000000001fba0000)]
  0x00000000307c2000 JavaThread "Build operations Thread 2" [_thread_blocked, id=2176, stack(0x000000001f9a0000,0x000000001faa0000)]
  0x00000000307c1000 JavaThread "Build operations" [_thread_blocked, id=16228, stack(0x000000001f8a0000,0x000000001f9a0000)]
  0x00000000307b6000 JavaThread "Cache worker for cache directory md-rule (C:\Users\mustafa\.gradle\caches\6.5\md-rule)" [_thread_blocked, id=8548, stack(0x000000001f5a0000,0x000000001f6a0000)]
  0x00000000307bc800 JavaThread "Cache worker for cache directory md-supplier (C:\Users\mustafa\.gradle\caches\6.5\md-supplier)" [_thread_blocked, id=12528, stack(0x000000001cc00000,0x000000001cd00000)]
  0x00000000307b8000 JavaThread "Cache worker for checksums cache (E:\MustafaElsayed\Projects\Packing-App\.gradle\checksums)" [_thread_blocked, id=15644, stack(0x000000001cb00000,0x000000001cc00000)]
  0x00000000307b6800 JavaThread "Cache worker for file hash cache (E:\MustafaElsayed\Projects\Packing-App\.gradle\6.5\fileHashes)" [_thread_blocked, id=17768, stack(0x000000001ca00000,0x000000001cb00000)]
  0x00000000307bc000 JavaThread "Thread-302" [_thread_blocked, id=7604, stack(0x000000001c900000,0x000000001ca00000)]
  0x00000000307ba800 JavaThread "Stdin handler" [_thread_blocked, id=11472, stack(0x000000001c600000,0x000000001c700000)]
  0x00000000307b9800 JavaThread "Asynchronous log dispatcher for DefaultDaemonConnection: socket connection from /127.0.0.1:12824 to /127.0.0.1:13024" [_thread_blocked, id=10756, stack(0x000000001bfc0000,0x000000001c0c0000)]
  0x00000000307b5000 JavaThread "Daemon worker Thread 3" [_thread_in_Java, id=4588, stack(0x000000001bec0000,0x000000001bfc0000)]
  0x00000000307b9000 JavaThread "Cancel handler" [_thread_blocked, id=1512, stack(0x0000000000960000,0x0000000000a60000)]
  0x00000000307b7800 JavaThread "Handler for socket connection from /127.0.0.1:12824 to /127.0.0.1:13024" [_thread_in_native, id=15540, stack(0x0000000000860000,0x0000000000960000)]
  0x00000000307b4800 JavaThread "Daemon Thread 3" [_thread_blocked, id=8484, stack(0x0000000000760000,0x0000000000860000)]
  0x000000001ee0e800 JavaThread "Cache worker for Java compile cache (C:\Users\mustafa\.gradle\caches\6.5\javaCompile)" [_thread_blocked, id=17548, stack(0x000000002d190000,0x000000002d290000)]
  0x000000001d8f1800 JavaThread "Memory manager" [_thread_blocked, id=12324, stack(0x000000002a680000,0x000000002a780000)]
  0x000000001b0a8000 JavaThread "Cache worker for file content cache (C:\Users\mustafa\.gradle\caches\6.5\fileContent)" [_thread_blocked, id=1820, stack(0x0000000021460000,0x0000000021560000)]
  0x000000001b0a9800 JavaThread "Cache worker for execution history cache (C:\Users\mustafa\.gradle\caches\6.5\executionHistory)" [_thread_blocked, id=1696, stack(0x000000001fba0000,0x000000001fca0000)]
  0x000000001b0aa800 JavaThread "Cache worker for file hash cache (C:\Users\mustafa\.gradle\caches\6.5\fileHashes)" [_thread_blocked, id=7764, stack(0x000000001e0d0000,0x000000001e1d0000)]
  0x000000001b0ab000 JavaThread "File lock request listener" [_thread_in_native, id=4224, stack(0x000000001d000000,0x000000001d100000)]
  0x000000001b0a9000 JavaThread "Cache worker for journal cache (C:\Users\mustafa\.gradle\caches\journal-1)" [_thread_blocked, id=4024, stack(0x000000001cf00000,0x000000001d000000)]
  0x000000001ac29800 JavaThread "Daemon periodic checks" [_thread_blocked, id=7420, stack(0x000000001c300000,0x000000001c400000)]
  0x000000001a864000 JavaThread "Incoming local TCP Connector on port 12824" [_thread_in_native, id=6092, stack(0x000000001c0c0000,0x000000001c1c0000)]
  0x000000001913a800 JavaThread "Daemon health stats" [_thread_blocked, id=16412, stack(0x000000001aab0000,0x000000001abb0000)]
  0x0000000018b10800 JavaThread "Service Thread" daemon [_thread_blocked, id=8516, stack(0x0000000018ee0000,0x0000000018fe0000)]
  0x00000000171a3800 JavaThread "C1 CompilerThread2" daemon [_thread_blocked, id=16804, stack(0x00000000189e0000,0x0000000018ae0000)]
  0x000000001719a000 JavaThread "C2 CompilerThread1" daemon [_thread_in_native, id=18128, stack(0x00000000188e0000,0x00000000189e0000)]
=>0x0000000017192000 JavaThread "C2 CompilerThread0" daemon [_thread_in_native, id=18008, stack(0x00000000187e0000,0x00000000188e0000)]
  0x0000000017191000 JavaThread "Attach Listener" daemon [_thread_blocked, id=18044, stack(0x00000000186e0000,0x00000000187e0000)]
  0x0000000017190000 JavaThread "Signal Dispatcher" daemon [_thread_blocked, id=18112, stack(0x00000000185e0000,0x00000000186e0000)]
  0x000000000249b000 JavaThread "Finalizer" daemon [_thread_blocked, id=17712, stack(0x00000000183e0000,0x00000000184e0000)]
  0x0000000017179000 JavaThread "Reference Handler" daemon [_thread_blocked, id=5496, stack(0x00000000182e0000,0x00000000183e0000)]
  0x000000000256e000 JavaThread "main" [_thread_blocked, id=16484, stack(0x0000000000ac0000,0x0000000000bc0000)]

Other Threads:
  0x0000000017156000 VMThread [stack: 0x00000000181e0000,0x00000000182e0000] [id=11208]
  0x00000000171ed800 WatcherThread [stack: 0x0000000018fe0000,0x00000000190e0000] [id=18140]

VM state:not at safepoint (normal execution)

VM Mutex/Monitor currently owned by a thread: None

OutOfMemory and StackOverflow Exception counts:
OutOfMemoryError java_heap_errors=1

heap address: 0x0000000080000000, size: 2048 MB, Compressed Oops mode: 32-bit
Narrow klass base: 0x0000000000000000, Narrow klass shift: 3
Compressed class space size: 1073741824 Address: 0x0000000100000000

Heap:
 PSYoungGen      total 337408K, used 57261K [0x00000000d5580000, 0x00000000ec480000, 0x0000000100000000)
  eden space 299008K, 16% used [0x00000000d5580000,0x00000000d8593500,0x00000000e7980000)
  from space 38400K, 20% used [0x00000000e7980000,0x00000000e8158000,0x00000000e9f00000)
  to   space 25088K, 0% used [0x00000000eac00000,0x00000000eac00000,0x00000000ec480000)
 ParOldGen       total 237056K, used 73123K [0x0000000080000000, 0x000000008e780000, 0x00000000d5580000)
  object space 237056K, 30% used [0x0000000080000000,0x0000000084768df0,0x000000008e780000)
 Metaspace       used 109914K, capacity 115412K, committed 115544K, reserved 1150976K
  class space    used 13934K, capacity 14946K, committed 14976K, reserved 1048576K

Card table byte_map: [0x0000000011930000,0x0000000011d40000] byte_map_base: 0x0000000011530000

Marking Bits: (ParMarkBitMap*) 0x000000006cb9f030
 Begin Bits: [0x00000000123f0000, 0x00000000143f0000)
 End Bits:   [0x00000000143f0000, 0x00000000163f0000)

Polling page: 0x0000000002380000

CodeCache: size=245760Kb used=64603Kb max_used=64603Kb free=181156Kb
 bounds [0x0000000002570000, 0x00000000064e0000, 0x0000000011570000]
 total_blobs=19735 nmethods=18828 adapters=815
 compilation: enabled

Compilation events (10 events):
Event: 788.045 Thread 0x00000000171a3800 nmethod 23951 0x00000000064bc750 code [0x00000000064bc8e0, 0x00000000064bcc68]
Event: 788.045 Thread 0x00000000171a3800 23950       3       org.gradle.api.internal.artifacts.type.DefaultArtifactTypeContainer$DefaultArtifactTypeDefinition_Decorated::getAttributes (39 bytes)
Event: 788.045 Thread 0x00000000171a3800 nmethod 23950 0x00000000064c2710 code [0x00000000064c28e0, 0x00000000064c2fe8]
Event: 788.045 Thread 0x00000000171a3800 23952       3       org.gradle.api.internal.artifacts.ivyservice.resolveengine.result.DefaultResolutionResultBuilder::create (40 bytes)
Event: 788.046 Thread 0x00000000171a3800 nmethod 23952 0x00000000064c32d0 code [0x00000000064c3460, 0x00000000064c3888]
Event: 788.046 Thread 0x00000000171a3800 23954       3       org.gradle.api.internal.artifacts.ivyservice.resolveengine.result.ComponentResultSerializer::readResolvedVariants (45 bytes)
Event: 788.047 Thread 0x00000000171a3800 nmethod 23954 0x00000000064c3a10 code [0x00000000064c3c40, 0x00000000064c4848]
Event: 788.047 Thread 0x00000000171a3800 23955       3       org.gradle.api.internal.artifacts.ivyservice.resolveengine.result.ComponentSelectionReasonSerializer::readDescriptions (99 bytes)
Event: 788.049 Thread 0x00000000171a3800 nmethod 23955 0x00000000064c5010 code [0x00000000064c52e0, 0x00000000064c6b88]
Event: 788.049 Thread 0x00000000171a3800 23957       3       org.gradle.api.internal.artifacts.ivyservice.resolveengine.result.DefaultResolutionResultBuilder::visitOutgoingEdges (281 bytes)

GC Heap History (10 events):
Event: 64.469 GC heap before
{Heap before GC invocations=31 (full 6):
 PSYoungGen      total 324096K, used 299008K [0x00000000d5580000, 0x00000000ec480000, 0x0000000100000000)
  eden space 299008K, 100% used [0x00000000d5580000,0x00000000e7980000,0x00000000e7980000)
  from space 25088K, 0% used [0x00000000eac00000,0x00000000eac00000,0x00000000ec480000)
  to   space 38400K, 0% used [0x00000000e7980000,0x00000000e7980000,0x00000000e9f00000)
 ParOldGen       total 237056K, used 137667K [0x0000000080000000, 0x000000008e780000, 0x00000000d5580000)
  object space 237056K, 58% used [0x0000000080000000,0x0000000088670f20,0x000000008e780000)
 Metaspace       used 103802K, capacity 108844K, committed 109144K, reserved 1144832K
  class space    used 13443K, capacity 14376K, committed 14464K, reserved 1048576K
Event: 64.749 GC heap after
Heap after GC invocations=31 (full 6):
 PSYoungGen      total 337408K, used 38370K [0x00000000d5580000, 0x00000000ec480000, 0x0000000100000000)
  eden space 299008K, 0% used [0x00000000d5580000,0x00000000d5580000,0x00000000e7980000)
  from space 38400K, 99% used [0x00000000e7980000,0x00000000e9ef8980,0x00000000e9f00000)
  to   space 25088K, 0% used [0x00000000eac00000,0x00000000eac00000,0x00000000ec480000)
 ParOldGen       total 237056K, used 185109K [0x0000000080000000, 0x000000008e780000, 0x00000000d5580000)
  object space 237056K, 78% used [0x0000000080000000,0x000000008b4c5778,0x000000008e780000)
 Metaspace       used 103802K, capacity 108844K, committed 109144K, reserved 1144832K
  class space    used 13443K, capacity 14376K, committed 14464K, reserved 1048576K
}
Event: 64.749 GC heap before
{Heap before GC invocations=32 (full 7):
 PSYoungGen      total 337408K, used 38370K [0x00000000d5580000, 0x00000000ec480000, 0x0000000100000000)
  eden space 299008K, 0% used [0x00000000d5580000,0x00000000d5580000,0x00000000e7980000)
  from space 38400K, 99% used [0x00000000e7980000,0x00000000e9ef8980,0x00000000e9f00000)
  to   space 25088K, 0% used [0x00000000eac00000,0x00000000eac00000,0x00000000ec480000)
 ParOldGen       total 237056K, used 185109K [0x0000000080000000, 0x000000008e780000, 0x00000000d5580000)
  object space 237056K, 78% used [0x0000000080000000,0x000000008b4c5778,0x000000008e780000)
 Metaspace       used 103802K, capacity 108844K, committed 109144K, reserved 1144832K
  class space    used 13443K, capacity 14376K, committed 14464K, reserved 1048576K
Event: 66.562 GC heap after
Heap after GC invocations=32 (full 7):
 PSYoungGen      total 337408K, used 0K [0x00000000d5580000, 0x00000000ec480000, 0x0000000100000000)
  eden space 299008K, 0% used [0x00000000d5580000,0x00000000d5580000,0x00000000e7980000)
  from space 38400K, 0% used [0x00000000e7980000,0x00000000e7980000,0x00000000e9f00000)
  to   space 25088K, 0% used [0x00000000eac00000,0x00000000eac00000,0x00000000ec480000)
 ParOldGen       total 237056K, used 187688K [0x0000000080000000, 0x000000008e780000, 0x00000000d5580000)
  object space 237056K, 79% used [0x0000000080000000,0x000000008b74a288,0x000000008e780000)
 Metaspace       used 103802K, capacity 108844K, committed 109144K, reserved 1144832K
  class space    used 13443K, capacity 14376K, committed 14464K, reserved 1048576K
}
Event: 245.283 GC heap before
{Heap before GC invocations=33 (full 8):
 PSYoungGen      total 337408K, used 299008K [0x00000000d5580000, 0x00000000ec480000, 0x0000000100000000)
  eden space 299008K, 100% used [0x00000000d5580000,0x00000000e7980000,0x00000000e7980000)
  from space 38400K, 0% used [0x00000000e7980000,0x00000000e7980000,0x00000000e9f00000)
  to   space 25088K, 0% used [0x00000000eac00000,0x00000000eac00000,0x00000000ec480000)
 ParOldGen       total 237056K, used 187688K [0x0000000080000000, 0x000000008e780000, 0x00000000d5580000)
  object space 237056K, 79% used [0x0000000080000000,0x000000008b74a288,0x000000008e780000)
 Metaspace       used 108314K, capacity 113610K, committed 113880K, reserved 1148928K
  class space    used 13826K, capacity 14801K, committed 14848K, reserved 1048576K
Event: 245.821 GC heap after
Heap after GC invocations=33 (full 8):
 PSYoungGen      total 337408K, used 0K [0x00000000d5580000, 0x00000000ec480000, 0x0000000100000000)
  eden space 299008K, 0% used [0x00000000d5580000,0x00000000d5580000,0x00000000e7980000)
  from space 38400K, 0% used [0x00000000e7980000,0x00000000e7980000,0x00000000e9f00000)
  to   space 25088K, 0% used [0x00000000eac00000,0x00000000eac00000,0x00000000ec480000)
 ParOldGen       total 237056K, used 73107K [0x0000000080000000, 0x000000008e780000, 0x00000000d5580000)
  object space 237056K, 30% used [0x0000000080000000,0x0000000084764df0,0x000000008e780000)
 Metaspace       used 108314K, capacity 113610K, committed 113880K, reserved 1148928K
  class space    used 13826K, capacity 14801K, committed 14848K, reserved 1048576K
}
Event: 276.961 GC heap before
{Heap before GC invocations=34 (full 8):
 PSYoungGen      total 337408K, used 299008K [0x00000000d5580000, 0x00000000ec480000, 0x0000000100000000)
  eden space 299008K, 100% used [0x00000000d5580000,0x00000000e7980000,0x00000000e7980000)
  from space 38400K, 0% used [0x00000000e7980000,0x00000000e7980000,0x00000000e9f00000)
  to   space 25088K, 0% used [0x00000000eac00000,0x00000000eac00000,0x00000000ec480000)
 ParOldGen       total 237056K, used 73107K [0x0000000080000000, 0x000000008e780000, 0x00000000d5580000)
  object space 237056K, 30% used [0x0000000080000000,0x0000000084764df0,0x000000008e780000)
 Metaspace       used 109212K, capacity 114628K, committed 114776K, reserved 1148928K
  class space    used 13896K, capacity 14894K, committed 14976K, reserved 1048576K
Event: 277.023 GC heap after
Heap after GC invocations=34 (full 8):
 PSYoungGen      total 324096K, used 21371K [0x00000000d5580000, 0x00000000ec480000, 0x0000000100000000)
  eden space 299008K, 0% used [0x00000000d5580000,0x00000000d5580000,0x00000000e7980000)
  from space 25088K, 85% used [0x00000000eac00000,0x00000000ec0dee80,0x00000000ec480000)
  to   space 38400K, 0% used [0x00000000e7980000,0x00000000e7980000,0x00000000e9f00000)
 ParOldGen       total 237056K, used 73115K [0x0000000080000000, 0x000000008e780000, 0x00000000d5580000)
  object space 237056K, 30% used [0x0000000080000000,0x0000000084766df0,0x000000008e780000)
 Metaspace       used 109212K, capacity 114628K, committed 114776K, reserved 1148928K
  class space    used 13896K, capacity 14894K, committed 14976K, reserved 1048576K
}
Event: 785.327 GC heap before
{Heap before GC invocations=35 (full 8):
 PSYoungGen      total 324096K, used 320379K [0x00000000d5580000, 0x00000000ec480000, 0x0000000100000000)
  eden space 299008K, 100% used [0x00000000d5580000,0x00000000e7980000,0x00000000e7980000)
  from space 25088K, 85% used [0x00000000eac00000,0x00000000ec0dee80,0x00000000ec480000)
  to   space 38400K, 0% used [0x00000000e7980000,0x00000000e7980000,0x00000000e9f00000)
 ParOldGen       total 237056K, used 73115K [0x0000000080000000, 0x000000008e780000, 0x00000000d5580000)
  object space 237056K, 30% used [0x0000000080000000,0x0000000084766df0,0x000000008e780000)
 Metaspace       used 109578K, capacity 115068K, committed 115288K, reserved 1148928K
  class space    used 13910K, capacity 14920K, committed 14976K, reserved 1048576K
Event: 785.711 GC heap after
Heap after GC invocations=35 (full 8):
 PSYoungGen      total 337408K, used 8032K [0x00000000d5580000, 0x00000000ec480000, 0x0000000100000000)
  eden space 299008K, 0% used [0x00000000d5580000,0x00000000d5580000,0x00000000e7980000)
  from space 38400K, 20% used [0x00000000e7980000,0x00000000e8158000,0x00000000e9f00000)
  to   space 25088K, 0% used [0x00000000eac00000,0x00000000eac00000,0x00000000ec480000)
 ParOldGen       total 237056K, used 73123K [0x0000000080000000, 0x000000008e780000, 0x00000000d5580000)
  object space 237056K, 30% used [0x0000000080000000,0x0000000084768df0,0x000000008e780000)
 Metaspace       used 109578K, capacity 115068K, committed 115288K, reserved 1148928K
  class space    used 13910K, capacity 14920K, committed 14976K, reserved 1048576K
}

Deoptimization events (10 events):
Event: 278.343 Thread 0x00000000307b5000 Uncommon trap: reason=unstable_if action=reinterpret pc=0x0000000002ea0db0 method=com.esotericsoftware.kryo.io.Output.writeVarLong(JZ)I @ 55
Event: 278.448 Thread 0x000000001d8f9800 Uncommon trap: reason=speculate_class_check action=maybe_recompile pc=0x0000000006076f78 method=org.gradle.internal.snapshot.AbstractIncompleteSnapshotWithChildren$2.handleNewChild(I)Lorg/gradle/internal/snapshot/FileSystemNode; @ 62
Event: 279.149 Thread 0x000000001d8f9800 Uncommon trap: reason=speculate_class_check action=maybe_recompile pc=0x0000000006076f78 method=org.gradle.internal.snapshot.AbstractIncompleteSnapshotWithChildren$2.handleNewChild(I)Lorg/gradle/internal/snapshot/FileSystemNode; @ 62
Event: 279.274 Thread 0x000000001d8f8000 Uncommon trap: reason=class_check action=maybe_recompile pc=0x0000000004df69cc method=org.gradle.internal.fingerprint.classpath.impl.ClasspathFingerprintingStrategy$ClasspathContentFingerprintingVisitor.visitFile(Lorg/gradle/internal/snapshot/CompleteFile
Event: 279.345 Thread 0x000000001d8f2000 Uncommon trap: reason=class_check action=maybe_recompile pc=0x0000000005c5699c method=java.util.HashMap.removeNode(ILjava/lang/Object;Ljava/lang/Object;ZZ)Ljava/util/HashMap$Node; @ 143
Event: 279.355 Thread 0x000000001d8f5000 Uncommon trap: reason=unstable_if action=reinterpret pc=0x00000000053b3308 method=java.util.concurrent.locks.AbstractQueuedSynchronizer.acquire(I)V @ 20
Event: 279.355 Thread 0x000000001d8f4800 Uncommon trap: reason=unstable_if action=reinterpret pc=0x0000000003b94740 method=java.util.concurrent.locks.AbstractQueuedSynchronizer.acquireQueued(Ljava/util/concurrent/locks/AbstractQueuedSynchronizer$Node;I)Z @ 70
Event: 784.701 Thread 0x00000000307b5000 Uncommon trap: reason=bimorphic action=maybe_recompile pc=0x0000000005936330 method=java.util.stream.ReduceOps$ReduceOp.evaluateSequential(Ljava/util/stream/PipelineHelper;Ljava/util/Spliterator;)Ljava/lang/Object; @ 2
Event: 787.280 Thread 0x00000000307b5000 Uncommon trap: reason=class_check action=maybe_recompile pc=0x0000000003a13da4 method=com.google.common.collect.SortedIterables.hasSameComparator(Ljava/util/Comparator;Ljava/lang/Iterable;)Z @ 11
Event: 787.313 Thread 0x00000000307b5000 Uncommon trap: reason=unstable_if action=reinterpret pc=0x0000000004ed3d90 method=com.google.common.collect.ImmutableListMultimap.get(Ljava/lang/Object;)Lcom/google/common/collect/ImmutableList; @ 13

Classes redefined (0 events):
No events

Internal exceptions (10 events):
Event: 277.240 Thread 0x000000001d8f2000 Exception <a 'sun/nio/fs/WindowsException'> (0x00000000d7d5f968) thrown at [C:\src\AOSP-openjdk-git\hotspot\src\share\vm\prims\jni.cpp, line 710]
Event: 278.365 Thread 0x000000001d8f9800 Exception <a 'sun/nio/fs/WindowsException'> (0x00000000de848358) thrown at [C:\src\AOSP-openjdk-git\hotspot\src\share\vm\prims\jni.cpp, line 710]
Event: 278.365 Thread 0x000000001d8f9800 Exception <a 'sun/nio/fs/WindowsException'> (0x00000000de849040) thrown at [C:\src\AOSP-openjdk-git\hotspot\src\share\vm\prims\jni.cpp, line 710]
Event: 278.365 Thread 0x000000001d8f9800 Exception <a 'sun/nio/fs/WindowsException'> (0x00000000de84cd80) thrown at [C:\src\AOSP-openjdk-git\hotspot\src\share\vm\prims\jni.cpp, line 710]
Event: 278.365 Thread 0x000000001d8f9800 Exception <a 'sun/nio/fs/WindowsException'> (0x00000000de84daa8) thrown at [C:\src\AOSP-openjdk-git\hotspot\src\share\vm\prims\jni.cpp, line 710]
Event: 278.365 Thread 0x000000001d8f9800 Exception <a 'sun/nio/fs/WindowsException'> (0x00000000de854900) thrown at [C:\src\AOSP-openjdk-git\hotspot\src\share\vm\prims\jni.cpp, line 710]
Event: 278.365 Thread 0x000000001d8f9800 Exception <a 'sun/nio/fs/WindowsException'> (0x00000000de855638) thrown at [C:\src\AOSP-openjdk-git\hotspot\src\share\vm\prims\jni.cpp, line 710]
Event: 278.546 Thread 0x000000001d8f9800 Exception <a 'sun/nio/fs/WindowsException'> (0x00000000df9f6b00) thrown at [C:\src\AOSP-openjdk-git\hotspot\src\share\vm\prims\jni.cpp, line 710]
Event: 278.547 Thread 0x000000001d8f9800 Exception <a 'sun/nio/fs/WindowsException'> (0x00000000df9f7818) thrown at [C:\src\AOSP-openjdk-git\hotspot\src\share\vm\prims\jni.cpp, line 710]
Event: 787.692 Thread 0x00000000307b5000 Exception <a 'sun/nio/fs/WindowsException'> (0x00000000d7936e30) thrown at [C:\src\AOSP-openjdk-git\hotspot\src\share\vm\prims\jni.cpp, line 710]

Events (10 events):
Event: 787.801 Thread 0x00000000307b5000 DEOPT PACKING pc=0x000000000275c64c sp=0x000000001bfb9480
Event: 787.801 Thread 0x00000000307b5000 DEOPT UNPACKING pc=0x00000000025b75d0 sp=0x000000001bfb92f8 mode 0
Event: 787.890 loading class org/gradle/api/internal/provider/ValueSupplier$PlusProducer
Event: 787.890 loading class org/gradle/api/internal/provider/ValueSupplier$PlusProducer done
Event: 787.904 Thread 0x000000002e49e800 Thread added: 0x000000002e49e800
Event: 787.904 Thread 0x000000002e49b800 Thread added: 0x000000002e49b800
Event: 787.904 Thread 0x000000002e4a0000 Thread added: 0x000000002e4a0000
Event: 787.906 Thread 0x000000002e4a2800 Thread added: 0x000000002e4a2800
Event: 787.929 loading class org/gradle/internal/typeconversion/NotationConverterToNotationParserAdapter$1
Event: 787.929 loading class org/gradle/internal/typeconversion/NotationConverterToNotationParserAdapter$1 done


Dynamic libraries:
0x00007ff7d96b0000 - 0x00007ff7d96e1000 	C:\Program Files\Android\Android Studio\jre\bin\java.exe
0x00007ffce63c0000 - 0x00007ffce65b0000 	C:\Windows\SYSTEM32\ntdll.dll
0x00007ffce5ab0000 - 0x00007ffce5b62000 	C:\Windows\System32\KERNEL32.DLL
0x00007ffce3bd0000 - 0x00007ffce3e75000 	C:\Windows\System32\KERNELBASE.dll
0x00007ffce5b70000 - 0x00007ffce5c13000 	C:\Windows\System32\ADVAPI32.dll
0x00007ffce54d0000 - 0x00007ffce556e000 	C:\Windows\System32\msvcrt.dll
0x00007ffce5090000 - 0x00007ffce5127000 	C:\Windows\System32\sechost.dll
0x00007ffce53b0000 - 0x00007ffce54d0000 	C:\Windows\System32\RPCRT4.dll
0x00007ffce6090000 - 0x00007ffce6224000 	C:\Windows\System32\USER32.dll
0x00007ffce4410000 - 0x00007ffce4431000 	C:\Windows\System32\win32u.dll
0x00007ffce48d0000 - 0x00007ffce48f6000 	C:\Windows\System32\GDI32.dll
0x00007ffce3ff0000 - 0x00007ffce4186000 	C:\Windows\System32\gdi32full.dll
0x00007ffce3b30000 - 0x00007ffce3bce000 	C:\Windows\System32\msvcp_win.dll
0x00007ffce41e0000 - 0x00007ffce42da000 	C:\Windows\System32\ucrtbase.dll
0x00007ffcd19e0000 - 0x00007ffcd1c64000 	C:\Windows\WinSxS\amd64_microsoft.windows.common-controls_6595b64144ccf1df_6.0.18362.1198_none_9e820b57e45ad92f\COMCTL32.dll
0x00007ffce4590000 - 0x00007ffce48c5000 	C:\Windows\System32\combase.dll
0x00007ffce42e0000 - 0x00007ffce4360000 	C:\Windows\System32\bcryptPrimitives.dll
0x00007ffce5060000 - 0x00007ffce508e000 	C:\Windows\System32\IMM32.DLL
0x000000006bb40000 - 0x000000006bc12000 	C:\Program Files\Android\Android Studio\jre\jre\bin\msvcr100.dll
0x000000006c3d0000 - 0x000000006cc1b000 	C:\Program Files\Android\Android Studio\jre\jre\bin\server\jvm.dll
0x00007ffce5ee0000 - 0x00007ffce5ee8000 	C:\Windows\System32\PSAPI.DLL
0x00007ffce0fd0000 - 0x00007ffce0ff4000 	C:\Windows\SYSTEM32\WINMM.dll
0x00007ffcdd430000 - 0x00007ffcdd43a000 	C:\Windows\SYSTEM32\VERSION.dll
0x00007ffcd0600000 - 0x00007ffcd0609000 	C:\Windows\SYSTEM32\WSOCK32.dll
0x00007ffce0f70000 - 0x00007ffce0f9d000 	C:\Windows\SYSTEM32\winmmbase.dll
0x00007ffce4190000 - 0x00007ffce41da000 	C:\Windows\System32\cfgmgr32.dll
0x00007ffce5ef0000 - 0x00007ffce5f5f000 	C:\Windows\System32\WS2_32.dll
0x00007ffcde480000 - 0x00007ffcde48f000 	C:\Program Files\Android\Android Studio\jre\jre\bin\verify.dll
0x00007ffcde450000 - 0x00007ffcde479000 	C:\Program Files\Android\Android Studio\jre\jre\bin\java.dll
0x00007ffcde380000 - 0x00007ffcde396000 	C:\Program Files\Android\Android Studio\jre\jre\bin\zip.dll
0x00007ffce4970000 - 0x00007ffce5057000 	C:\Windows\System32\SHELL32.dll
0x00007ffce5f60000 - 0x00007ffce6009000 	C:\Windows\System32\shcore.dll
0x00007ffce3310000 - 0x00007ffce3a91000 	C:\Windows\System32\windows.storage.dll
0x00007ffce32e0000 - 0x00007ffce3303000 	C:\Windows\System32\profapi.dll
0x00007ffce3270000 - 0x00007ffce32ba000 	C:\Windows\System32\powrprof.dll
0x00007ffce3240000 - 0x00007ffce3250000 	C:\Windows\System32\UMPDC.dll
0x00007ffce5570000 - 0x00007ffce55c2000 	C:\Windows\System32\shlwapi.dll
0x00007ffce3250000 - 0x00007ffce3261000 	C:\Windows\System32\kernel.appcore.dll
0x00007ffce3fd0000 - 0x00007ffce3fe7000 	C:\Windows\System32\cryptsp.dll
0x00007ffcde350000 - 0x00007ffcde36a000 	C:\Program Files\Android\Android Studio\jre\jre\bin\net.dll
0x00007ffce2a90000 - 0x00007ffce2af7000 	C:\Windows\system32\mswsock.dll
0x00007ffcde4f0000 - 0x00007ffcde503000 	C:\Program Files\Android\Android Studio\jre\jre\bin\nio.dll
0x00007ffcdf5e0000 - 0x00007ffcdf607000 	C:\Users\mustafa\.gradle\native\f6784746aeab05261644944871eae4fe03e0ef1612fff0a4a95f87b438bc6780\windows-amd64\native-platform.dll
0x00007ffcde4c0000 - 0x00007ffcde4cd000 	C:\Program Files\Android\Android Studio\jre\jre\bin\management.dll
0x00007ffce2600000 - 0x00007ffce2633000 	C:\Windows\system32\rsaenh.dll
0x00007ffce3b00000 - 0x00007ffce3b26000 	C:\Windows\System32\bcrypt.dll
0x00007ffce3120000 - 0x00007ffce3145000 	C:\Windows\SYSTEM32\USERENV.dll
0x00007ffce2c60000 - 0x00007ffce2c6c000 	C:\Windows\SYSTEM32\CRYPTBASE.dll
0x00007ffce27a0000 - 0x00007ffce27da000 	C:\Windows\SYSTEM32\IPHLPAPI.DLL
0x00007ffce4900000 - 0x00007ffce4908000 	C:\Windows\System32\NSI.dll
0x00007ffcdacd0000 - 0x00007ffcdace6000 	C:\Windows\SYSTEM32\dhcpcsvc6.DLL
0x00007ffcdacb0000 - 0x00007ffcdaccc000 	C:\Windows\SYSTEM32\dhcpcsvc.DLL
0x00007ffce27e0000 - 0x00007ffce28ab000 	C:\Windows\SYSTEM32\DNSAPI.dll
0x00007ffcdacf0000 - 0x00007ffcdacfb000 	C:\Windows\SYSTEM32\WINNSI.DLL
0x0000000066e00000 - 0x0000000066f03000 	C:\Users\mustafa\AppData\Local\Temp\sqlite-3.25.2-a2b8d496-273b-40a8-a00f-1895f99d32da-sqlitejdbc.dll

VM Arguments:
jvm_args: -Xmx2048m -Dfile.encoding=windows-1252 -Duser.country=US -Duser.language=en -Duser.variant 
java_command: org.gradle.launcher.daemon.bootstrap.GradleDaemon 6.5
java_class_path (initial): C:\Users\mustafa\.gradle\wrapper\dists\gradle-6.5-bin\6nifqtx7604sqp1q6g8wikw7p\gradle-6.5\lib\gradle-launcher-6.5.jar
Launcher Type: SUN_STANDARD

Environment Variables:
PATH=C:\Windows\system32;C:\Windows;C:\Windows\System32\Wbem;C:\Windows\System32\WindowsPowerShell\v1.0\;C:\Windows\System32\OpenSSH\;C:\Program Files\Git\cmd;E:\Sdk\platform-tools;C:\Users\mustafa\anaconda3;C:\Users\mustafa\anaconda3\Library\mingw-w64\bin;C:\Users\mustafa\anaconda3\Library\usr\bin;C:\Users\mustafa\anaconda3\Library\bin;C:\Users\mustafa\anaconda3\Scripts;C:\Users\mustafa\AppData\Local\Microsoft\WindowsApps
USERNAME=mustafa
OS=Windows_NT
PROCESSOR_IDENTIFIER=Intel64 Family 6 Model 142 Stepping 9, GenuineIntel



---------------  S Y S T E M  ---------------

OS: Windows 10.0 , 64 bit Build 18362 (10.0.18362.1110)

CPU:total 4 (initial active 4) (2 cores per cpu, 2 threads per core) family 6 model 142 stepping 9, cmov, cx8, fxsr, mmx, sse, sse2, sse3, ssse3, sse4.1, sse4.2, popcnt, avx, avx2, aes, clmul, erms, 3dnowpref, lzcnt, ht, tsc, tscinvbit, bmi1, bmi2, adx

Memory: 4k page, physical 8154720k(342924k free), swap 27283300k(3536k free)

vm_info: OpenJDK 64-Bit Server VM (25.242-b01) for windows-amd64 JRE (1.8.0_242-release-1644-b01), built by "builder" with MS VC++ 10.0 (VS2010)

time: Mon Nov 23 10:25:05 2020
timezone: Egypt Standard Time
elapsed time: 788 seconds (0d 0h 13m 8s)

