#
# There is insufficient memory for the Java Runtime Environment to continue.
# Native memory allocation (malloc) failed to allocate 855216 bytes for Chunk::new
# Possible reasons:
#   The system is out of physical RAM or swap space
#   The process is running with CompressedOops enabled, and the Java Heap may be blocking the growth of the native heap
# Possible solutions:
#   Reduce memory load on the system
#   Increase physical memory or swap space
#   Check if swap backing store is full
#   Decrease Java heap size (-Xmx/-Xms)
#   Decrease number of Java threads
#   Decrease Java thread stack sizes (-Xss)
#   Set larger code cache with -XX:ReservedCodeCacheSize=
#   JVM is running with Unscaled Compressed Oops mode in which the Java heap is
#     placed in the first 4GB address space. The Java Heap base address is the
#     maximum limit for the native heap growth. Please use -XX:HeapBaseMinAddress
#     to set the Java Heap base and to place the Java Heap above 4GB virtual address.
# This output file may be truncated or incomplete.
#
#  Out of Memory Error (allocation.cpp:389), pid=5216, tid=0x0000000000000bb4
#
# JRE version: OpenJDK Runtime Environment (8.0_242-b01) (build 1.8.0_242-release-1644-b01)
# Java VM: OpenJDK 64-Bit Server VM (25.242-b01 mixed mode windows-amd64 compressed oops)
# Failed to write core dump. Minidumps are not enabled by default on client versions of Windows
#

---------------  T H R E A D  ---------------

Current thread (0x00000000171eb000):  JavaThread "C2 CompilerThread1" daemon [_thread_in_native, id=2996, stack(0x0000000018950000,0x0000000018a50000)]

Stack: [0x0000000018950000,0x0000000018a50000]
[error occurred during error reporting (printing stack bounds), id 0xc0000005]

Native frames: (J=compiled Java code, j=interpreted, Vv=VM code, C=native code)


Current CompileTask:
C2: 279875 22974       4       com.android.tools.r8.ir.conversion.o::a (1153 bytes)


---------------  P R O C E S S  ---------------

Java Threads: ( => current thread )
  0x000000001e13e800 JavaThread "WorkerExecutor Queue Thread 5" [_thread_blocked, id=19704, stack(0x00000000327f0000,0x00000000328f0000)]
  0x000000001e138000 JavaThread "Cache worker for Java compile cache (E:\MustafaElsayed\Projects\Packing-App\.gradle\6.5\javaCompile)" [_thread_blocked, id=14456, stack(0x000000002ede0000,0x000000002eee0000)]
  0x000000001e138800 JavaThread "stdout" [_thread_in_native, id=20084, stack(0x000000002eae0000,0x000000002ebe0000)]
  0x000000001e135800 JavaThread "stderr" [_thread_in_native, id=19472, stack(0x000000002e6e0000,0x000000002e7e0000)]
  0x000000001e131000 JavaThread "pool-6-thread-1" [_thread_blocked, id=1000, stack(0x000000002e5e0000,0x000000002e6e0000)]
  0x000000001e130000 JavaThread "WorkerExecutor Queue Thread 4" [_thread_blocked, id=17488, stack(0x000000002e4e0000,0x000000002e5e0000)]
  0x000000001e135000 JavaThread "WorkerExecutor Queue Thread 3" [_thread_in_Java, id=3908, stack(0x000000002e3e0000,0x000000002e4e0000)]
  0x000000001e136800 JavaThread "WorkerExecutor Queue Thread 2" [_thread_blocked, id=1376, stack(0x000000002dee0000,0x000000002dfe0000)]
  0x000000001e132800 JavaThread "WorkerExecutor Queue" [_thread_blocked, id=7384, stack(0x000000002cfe0000,0x000000002d0e0000)]
  0x000000001e134000 JavaThread "Cache worker for execution history cache (E:\MustafaElsayed\Projects\Packing-App\.gradle\6.5\executionHistory)" [_thread_blocked, id=10828, stack(0x000000002cde0000,0x000000002cee0000)]
  0x000000001e131800 JavaThread "Execution worker for ':' Thread 3" [_thread_blocked, id=20364, stack(0x000000002baa0000,0x000000002bba0000)]
  0x000000001e2ec000 JavaThread "Execution worker for ':' Thread 2" [_thread_blocked, id=11212, stack(0x00000000294d0000,0x00000000295d0000)]
  0x000000001e2ea000 JavaThread "Execution worker for ':'" [_thread_blocked, id=5112, stack(0x00000000293d0000,0x00000000294d0000)]
  0x000000001e2eb800 JavaThread "Cache worker for file content cache (E:\MustafaElsayed\Projects\Packing-App\.gradle\6.5\fileContent)" [_thread_blocked, id=18272, stack(0x00000000292d0000,0x00000000293d0000)]
  0x000000001e2ed000 JavaThread "Cache worker for Build Output Cleanup Cache (E:\MustafaElsayed\Projects\Packing-App\.gradle\buildOutputCleanup)" [_thread_blocked, id=20216, stack(0x00000000291d0000,0x00000000292d0000)]
  0x000000001e2ee800 JavaThread "jar transforms Thread 220" [_thread_blocked, id=19140, stack(0x00000000290d0000,0x00000000291d0000)]
  0x000000001e2ea800 JavaThread "jar transforms Thread 219" [_thread_blocked, id=8328, stack(0x0000000028fd0000,0x00000000290d0000)]
  0x000000001e2ed800 JavaThread "jar transforms Thread 218" [_thread_blocked, id=8716, stack(0x0000000028ed0000,0x0000000028fd0000)]
  0x000000001e2e2800 JavaThread "jar transforms Thread 217" [_thread_blocked, id=11500, stack(0x0000000028dd0000,0x0000000028ed0000)]
  0x000000001e2e9000 JavaThread "jar transforms Thread 216" [_thread_blocked, id=10484, stack(0x0000000028cd0000,0x0000000028dd0000)]
  0x000000001e2e8800 JavaThread "jar transforms Thread 215" [_thread_blocked, id=11044, stack(0x0000000028bd0000,0x0000000028cd0000)]
  0x000000001e2e7800 JavaThread "jar transforms Thread 214" [_thread_blocked, id=16104, stack(0x0000000028ad0000,0x0000000028bd0000)]
  0x000000001e2e7000 JavaThread "jar transforms Thread 213" [_thread_blocked, id=19220, stack(0x00000000289d0000,0x0000000028ad0000)]
  0x000000001e2df800 JavaThread "jar transforms Thread 212" [_thread_blocked, id=2860, stack(0x00000000288d0000,0x00000000289d0000)]
  0x000000001e2e6000 JavaThread "jar transforms Thread 211" [_thread_blocked, id=13784, stack(0x00000000287d0000,0x00000000288d0000)]
  0x000000001e2e3000 JavaThread "jar transforms Thread 210" [_thread_blocked, id=19736, stack(0x00000000286d0000,0x00000000287d0000)]
  0x000000001e2e1800 JavaThread "jar transforms Thread 209" [_thread_blocked, id=12504, stack(0x00000000285d0000,0x00000000286d0000)]
  0x000000001e2e5800 JavaThread "jar transforms Thread 208" [_thread_blocked, id=19688, stack(0x00000000284d0000,0x00000000285d0000)]
  0x000000001e2e1000 JavaThread "jar transforms Thread 207" [_thread_blocked, id=12008, stack(0x00000000283d0000,0x00000000284d0000)]
  0x000000001e2e4800 JavaThread "jar transforms Thread 206" [_thread_blocked, id=1400, stack(0x00000000282d0000,0x00000000283d0000)]
  0x000000001e2e0000 JavaThread "jar transforms Thread 205" [_thread_blocked, id=4540, stack(0x00000000281d0000,0x00000000282d0000)]
  0x000000001e2e4000 JavaThread "jar transforms Thread 204" [_thread_blocked, id=18728, stack(0x00000000280d0000,0x00000000281d0000)]
  0x000000001ace9000 JavaThread "jar transforms Thread 203" [_thread_blocked, id=10076, stack(0x0000000027fd0000,0x00000000280d0000)]
  0x000000001ace3000 JavaThread "jar transforms Thread 202" [_thread_blocked, id=11792, stack(0x0000000027ed0000,0x0000000027fd0000)]
  0x000000001ace8000 JavaThread "jar transforms Thread 201" [_thread_blocked, id=19896, stack(0x0000000027dd0000,0x0000000027ed0000)]
  0x000000001ace7800 JavaThread "jar transforms Thread 200" [_thread_blocked, id=3456, stack(0x0000000027cd0000,0x0000000027dd0000)]
  0x000000001ace6800 JavaThread "jar transforms Thread 199" [_thread_blocked, id=20276, stack(0x0000000027bd0000,0x0000000027cd0000)]
  0x000000001ace6000 JavaThread "jar transforms Thread 198" [_thread_blocked, id=17612, stack(0x0000000027ad0000,0x0000000027bd0000)]
  0x000000001ace2000 JavaThread "jar transforms Thread 197" [_thread_blocked, id=15524, stack(0x00000000279d0000,0x0000000027ad0000)]
  0x000000001ace5000 JavaThread "jar transforms Thread 196" [_thread_blocked, id=10768, stack(0x00000000278d0000,0x00000000279d0000)]
  0x000000001ace4800 JavaThread "jar transforms Thread 195" [_thread_blocked, id=19464, stack(0x00000000277d0000,0x00000000278d0000)]
  0x000000001ace3800 JavaThread "jar transforms Thread 194" [_thread_blocked, id=18436, stack(0x00000000276d0000,0x00000000277d0000)]
  0x000000001acda800 JavaThread "jar transforms Thread 193" [_thread_blocked, id=2792, stack(0x00000000275d0000,0x00000000276d0000)]
  0x000000001acdd000 JavaThread "jar transforms Thread 192" [_thread_blocked, id=20436, stack(0x00000000274d0000,0x00000000275d0000)]
  0x000000001ace1800 JavaThread "jar transforms Thread 191" [_thread_blocked, id=9368, stack(0x00000000273d0000,0x00000000274d0000)]
  0x000000001acdb800 JavaThread "jar transforms Thread 190" [_thread_blocked, id=13628, stack(0x00000000272d0000,0x00000000273d0000)]
  0x000000001acda000 JavaThread "jar transforms Thread 189" [_thread_blocked, id=20260, stack(0x00000000271d0000,0x00000000272d0000)]
  0x000000001ace0000 JavaThread "jar transforms Thread 188" [_thread_blocked, id=17428, stack(0x00000000270d0000,0x00000000271d0000)]
  0x000000001acdc000 JavaThread "jar transforms Thread 187" [_thread_blocked, id=7672, stack(0x0000000026fd0000,0x00000000270d0000)]
  0x000000001ace0800 JavaThread "jar transforms Thread 186" [_thread_blocked, id=20408, stack(0x0000000026ed0000,0x0000000026fd0000)]
  0x000000001acde800 JavaThread "jar transforms Thread 185" [_thread_blocked, id=16464, stack(0x0000000026dd0000,0x0000000026ed0000)]
  0x000000001acdd800 JavaThread "jar transforms Thread 184" [_thread_blocked, id=18496, stack(0x0000000026cd0000,0x0000000026dd0000)]
  0x000000001acdf000 JavaThread "jar transforms Thread 183" [_thread_blocked, id=19152, stack(0x0000000026bd0000,0x0000000026cd0000)]
  0x000000001af6f800 JavaThread "jar transforms Thread 182" [_thread_blocked, id=19940, stack(0x0000000026ad0000,0x0000000026bd0000)]
  0x000000001af75800 JavaThread "jar transforms Thread 181" [_thread_blocked, id=12980, stack(0x00000000269d0000,0x0000000026ad0000)]
  0x000000001af74800 JavaThread "jar transforms Thread 180" [_thread_blocked, id=13208, stack(0x00000000268d0000,0x00000000269d0000)]
  0x000000001af74000 JavaThread "jar transforms Thread 179" [_thread_blocked, id=904, stack(0x00000000267d0000,0x00000000268d0000)]
  0x000000001af71000 JavaThread "jar transforms Thread 178" [_thread_blocked, id=13872, stack(0x00000000266d0000,0x00000000267d0000)]
  0x000000001af73000 JavaThread "jar transforms Thread 177" [_thread_blocked, id=14444, stack(0x00000000265d0000,0x00000000266d0000)]
  0x000000001af76000 JavaThread "jar transforms Thread 176" [_thread_blocked, id=9272, stack(0x00000000264d0000,0x00000000265d0000)]
  0x000000001dfc1000 JavaThread "jar transforms Thread 175" [_thread_blocked, id=12668, stack(0x00000000263d0000,0x00000000264d0000)]
  0x000000001dfbe000 JavaThread "jar transforms Thread 174" [_thread_blocked, id=5636, stack(0x00000000262d0000,0x00000000263d0000)]
  0x000000001dfbd000 JavaThread "jar transforms Thread 173" [_thread_blocked, id=6600, stack(0x00000000261d0000,0x00000000262d0000)]
  0x000000001dfc0000 JavaThread "jar transforms Thread 172" [_thread_blocked, id=9232, stack(0x00000000260d0000,0x00000000261d0000)]
  0x000000001dfbf800 JavaThread "jar transforms Thread 171" [_thread_blocked, id=19936, stack(0x0000000025fd0000,0x00000000260d0000)]
  0x000000001dfbc800 JavaThread "jar transforms Thread 170" [_thread_blocked, id=2732, stack(0x0000000025ed0000,0x0000000025fd0000)]
  0x000000001dfbb800 JavaThread "jar transforms Thread 169" [_thread_blocked, id=17904, stack(0x0000000025dd0000,0x0000000025ed0000)]
  0x000000001dfb4000 JavaThread "jar transforms Thread 168" [_thread_blocked, id=16912, stack(0x0000000025cd0000,0x0000000025dd0000)]
  0x000000001dfba800 JavaThread "jar transforms Thread 167" [_thread_blocked, id=19252, stack(0x0000000025bd0000,0x0000000025cd0000)]
  0x000000001dfb3000 JavaThread "jar transforms Thread 166" [_thread_blocked, id=3308, stack(0x0000000025ad0000,0x0000000025bd0000)]
  0x000000001dfba000 JavaThread "jar transforms Thread 165" [_thread_blocked, id=19332, stack(0x00000000259d0000,0x0000000025ad0000)]
  0x000000001dfb8800 JavaThread "jar transforms Thread 164" [_thread_blocked, id=6512, stack(0x00000000258d0000,0x00000000259d0000)]
  0x000000001dfb6000 JavaThread "jar transforms Thread 163" [_thread_blocked, id=19664, stack(0x00000000257d0000,0x00000000258d0000)]
  0x000000001dfb4800 JavaThread "jar transforms Thread 162" [_thread_blocked, id=15004, stack(0x00000000256d0000,0x00000000257d0000)]
  0x000000001dfb5800 JavaThread "jar transforms Thread 161" [_thread_blocked, id=2576, stack(0x00000000255d0000,0x00000000256d0000)]
  0x000000001b82e800 JavaThread "jar transforms Thread 160" [_thread_blocked, id=6536, stack(0x00000000254d0000,0x00000000255d0000)]
  0x000000001b82e000 JavaThread "jar transforms Thread 159" [_thread_blocked, id=19624, stack(0x00000000253d0000,0x00000000254d0000)]
  0x000000001b826800 JavaThread "jar transforms Thread 158" [_thread_blocked, id=14180, stack(0x00000000252d0000,0x00000000253d0000)]
  0x000000001b82d000 JavaThread "jar transforms Thread 157" [_thread_blocked, id=9356, stack(0x00000000251d0000,0x00000000252d0000)]
  0x000000001b82c800 JavaThread "jar transforms Thread 156" [_thread_blocked, id=20080, stack(0x00000000250d0000,0x00000000251d0000)]
  0x000000001b82b800 JavaThread "jar transforms Thread 155" [_thread_blocked, id=18936, stack(0x0000000024fd0000,0x00000000250d0000)]
  0x000000001b824000 JavaThread "jar transforms Thread 154" [_thread_blocked, id=14744, stack(0x0000000024ed0000,0x0000000024fd0000)]
  0x000000001b82b000 JavaThread "jar transforms Thread 153" [_thread_blocked, id=15692, stack(0x0000000024dd0000,0x0000000024ed0000)]
  0x000000001b823800 JavaThread "jar transforms Thread 152" [_thread_blocked, id=16996, stack(0x0000000024cd0000,0x0000000024dd0000)]
  0x000000001b825800 JavaThread "jar transforms Thread 151" [_thread_blocked, id=10360, stack(0x0000000024bd0000,0x0000000024cd0000)]
  0x000000001b825000 JavaThread "jar transforms Thread 150" [_thread_blocked, id=18972, stack(0x0000000024ad0000,0x0000000024bd0000)]
  0x000000001b82a000 JavaThread "jar transforms Thread 149" [_thread_blocked, id=20464, stack(0x00000000249d0000,0x0000000024ad0000)]
  0x000000001b827000 JavaThread "jar transforms Thread 148" [_thread_blocked, id=20460, stack(0x00000000248d0000,0x00000000249d0000)]
  0x000000001b828800 JavaThread "jar transforms Thread 147" [_thread_blocked, id=20456, stack(0x00000000247d0000,0x00000000248d0000)]
  0x000000001b828000 JavaThread "jar transforms Thread 146" [_thread_blocked, id=20452, stack(0x00000000246d0000,0x00000000247d0000)]
  0x0000000019c37000 JavaThread "jar transforms Thread 145" [_thread_blocked, id=18000, stack(0x00000000245d0000,0x00000000246d0000)]
  0x0000000019c39800 JavaThread "jar transforms Thread 144" [_thread_blocked, id=8872, stack(0x00000000244d0000,0x00000000245d0000)]
  0x0000000019c35800 JavaThread "jar transforms Thread 143" [_thread_blocked, id=11092, stack(0x00000000243d0000,0x00000000244d0000)]
  0x0000000019c36800 JavaThread "jar transforms Thread 142" [_thread_blocked, id=13692, stack(0x00000000242d0000,0x00000000243d0000)]
  0x0000000019c2e000 JavaThread "jar transforms Thread 141" [_thread_blocked, id=20440, stack(0x00000000241d0000,0x00000000242d0000)]
  0x0000000019c35000 JavaThread "jar transforms Thread 140" [_thread_blocked, id=1344, stack(0x00000000240d0000,0x00000000241d0000)]
  0x0000000019c2d800 JavaThread "jar transforms Thread 139" [_thread_blocked, id=18020, stack(0x0000000023fd0000,0x00000000240d0000)]
  0x0000000019c33800 JavaThread "jar transforms Thread 138" [_thread_blocked, id=14280, stack(0x0000000023ed0000,0x0000000023fd0000)]
  0x0000000019c30800 JavaThread "jar transforms Thread 137" [_thread_blocked, id=9824, stack(0x0000000023dd0000,0x0000000023ed0000)]
  0x0000000019c34000 JavaThread "jar transforms Thread 136" [_thread_blocked, id=12860, stack(0x0000000023cd0000,0x0000000023dd0000)]
  0x0000000019c32800 JavaThread "jar transforms Thread 135" [_thread_blocked, id=8724, stack(0x0000000023bd0000,0x0000000023cd0000)]
  0x0000000019c2f000 JavaThread "jar transforms Thread 134" [_thread_blocked, id=17692, stack(0x0000000023ad0000,0x0000000023bd0000)]
  0x0000000019c32000 JavaThread "jar transforms Thread 133" [_thread_blocked, id=14008, stack(0x00000000239d0000,0x0000000023ad0000)]
  0x0000000019c2f800 JavaThread "jar transforms Thread 132" [_thread_blocked, id=19836, stack(0x00000000238d0000,0x00000000239d0000)]
  0x0000000019c31000 JavaThread "jar transforms Thread 131" [_thread_blocked, id=17964, stack(0x0000000022f20000,0x0000000023020000)]
  0x000000001b01d800 JavaThread "jar transforms Thread 130" [_thread_blocked, id=19676, stack(0x0000000022a10000,0x0000000022b10000)]
  0x000000001b01c800 JavaThread "jar transforms Thread 129" [_thread_blocked, id=15996, stack(0x0000000021f10000,0x0000000022010000)]
  0x000000001b01c000 JavaThread "jar transforms Thread 128" [_thread_blocked, id=2276, stack(0x0000000021c10000,0x0000000021d10000)]
  0x000000001b021000 JavaThread "jar transforms Thread 127" [_thread_blocked, id=19724, stack(0x0000000021940000,0x0000000021a40000)]
  0x000000001b01a800 JavaThread "jar transforms Thread 126" [_thread_blocked, id=10184, stack(0x0000000021840000,0x0000000021940000)]
  0x000000001b020800 JavaThread "jar transforms Thread 125" [_thread_blocked, id=6832, stack(0x0000000021740000,0x0000000021840000)]
  0x000000001b01f000 JavaThread "jar transforms Thread 124" [_thread_blocked, id=13600, stack(0x0000000021640000,0x0000000021740000)]
  0x000000001b01f800 JavaThread "jar transforms Thread 123" [_thread_blocked, id=14004, stack(0x0000000021540000,0x0000000021640000)]
  0x000000001b01e000 JavaThread "jar transforms Thread 122" [_thread_blocked, id=8048, stack(0x0000000021440000,0x0000000021540000)]
  0x000000001b01b000 JavaThread "jar transforms Thread 121" [_thread_blocked, id=18448, stack(0x0000000021340000,0x0000000021440000)]
  0x000000001b013000 JavaThread "jar transforms Thread 120" [_thread_blocked, id=8056, stack(0x0000000021240000,0x0000000021340000)]
  0x000000001b016800 JavaThread "jar transforms Thread 119" [_thread_blocked, id=19732, stack(0x0000000021140000,0x0000000021240000)]
  0x000000001b016000 JavaThread "jar transforms Thread 118" [_thread_blocked, id=19712, stack(0x0000000021040000,0x0000000021140000)]
  0x000000001b019800 JavaThread "jar transforms Thread 117" [_thread_blocked, id=16372, stack(0x0000000020f40000,0x0000000021040000)]
  0x000000001b018000 JavaThread "jar transforms Thread 116" [_thread_blocked, id=19948, stack(0x0000000020e40000,0x0000000020f40000)]
  0x000000001b017800 JavaThread "jar transforms Thread 115" [_thread_blocked, id=2968, stack(0x0000000020d40000,0x0000000020e40000)]
  0x0000000019ee6000 JavaThread "jar transforms Thread 114" [_thread_blocked, id=5480, stack(0x000000001fc10000,0x000000001fd10000)]
  0x0000000019eec000 JavaThread "jar transforms Thread 113" [_thread_blocked, id=19016, stack(0x000000001fb10000,0x000000001fc10000)]
  0x0000000019eec800 JavaThread "jar transforms Thread 112" [_thread_blocked, id=6904, stack(0x000000001fa10000,0x000000001fb10000)]
  0x0000000019ee7800 JavaThread "jar transforms Thread 111" [_thread_blocked, id=7320, stack(0x000000001f910000,0x000000001fa10000)]
  0x0000000019eeb000 JavaThread "Build operations Thread 4" [_thread_blocked, id=12516, stack(0x000000001f810000,0x000000001f910000)]
  0x0000000019ee8000 JavaThread "Build operations Thread 3" [_thread_blocked, id=13252, stack(0x000000001f710000,0x000000001f810000)]
  0x0000000019eea800 JavaThread "Build operations Thread 2" [_thread_blocked, id=17560, stack(0x000000001f610000,0x000000001f710000)]
  0x0000000019ee9800 JavaThread "Build operations" [_thread_blocked, id=11596, stack(0x000000001cc70000,0x000000001cd70000)]
  0x0000000019ee9000 JavaThread "Cache worker for cache directory md-rule (C:\Users\mustafa\.gradle\caches\6.5\md-rule)" [_thread_blocked, id=4576, stack(0x000000001cb70000,0x000000001cc70000)]
  0x0000000019ede000 JavaThread "Cache worker for cache directory md-supplier (C:\Users\mustafa\.gradle\caches\6.5\md-supplier)" [_thread_blocked, id=6656, stack(0x000000001ca70000,0x000000001cb70000)]
  0x0000000019ee5000 JavaThread "Cache worker for checksums cache (E:\MustafaElsayed\Projects\Packing-App\.gradle\checksums)" [_thread_blocked, id=19480, stack(0x000000001c970000,0x000000001ca70000)]
  0x0000000019edf000 JavaThread "Cache worker for file hash cache (E:\MustafaElsayed\Projects\Packing-App\.gradle\6.5\fileHashes)" [_thread_blocked, id=20132, stack(0x000000001c870000,0x000000001c970000)]
  0x0000000019edd800 JavaThread "Thread-170" [_thread_blocked, id=3904, stack(0x000000001c770000,0x000000001c870000)]
  0x0000000019ee4800 JavaThread "Stdin handler" [_thread_blocked, id=19952, stack(0x000000001c670000,0x000000001c770000)]
  0x0000000019ee1000 JavaThread "Asynchronous log dispatcher for DefaultDaemonConnection: socket connection from /127.0.0.1:2451 to /127.0.0.1:2529" [_thread_blocked, id=12920, stack(0x000000001c030000,0x000000001c130000)]
  0x0000000019ee0800 JavaThread "Daemon worker Thread 2" [_thread_blocked, id=20044, stack(0x000000001bf30000,0x000000001c030000)]
  0x0000000019ee3800 JavaThread "Cancel handler" [_thread_blocked, id=6344, stack(0x0000000000950000,0x0000000000a50000)]
  0x0000000019edf800 JavaThread "Handler for socket connection from /127.0.0.1:2451 to /127.0.0.1:2529" [_thread_in_native, id=19788, stack(0x0000000000850000,0x0000000000950000)]
  0x0000000019ee2000 JavaThread "Daemon Thread 2" [_thread_blocked, id=10436, stack(0x0000000000750000,0x0000000000850000)]
  0x000000001dfb7000 JavaThread "Cache worker for Java compile cache (C:\Users\mustafa\.gradle\caches\6.5\javaCompile)" [_thread_blocked, id=19548, stack(0x000000002e9e0000,0x000000002eae0000)]
  0x0000000019c38800 JavaThread "Memory manager" [_thread_blocked, id=20176, stack(0x000000002b9a0000,0x000000002baa0000)]
  0x000000001b831000 JavaThread "Cache worker for file content cache (C:\Users\mustafa\.gradle\caches\6.5\fileContent)" [_thread_blocked, id=12908, stack(0x0000000022910000,0x0000000022a10000)]
  0x000000001b830000 JavaThread "Cache worker for execution history cache (C:\Users\mustafa\.gradle\caches\6.5\executionHistory)" [_thread_blocked, id=5904, stack(0x0000000022410000,0x0000000022510000)]
  0x000000001af71800 JavaThread "Cache worker for file hash cache (C:\Users\mustafa\.gradle\caches\6.5\fileHashes)" [_thread_blocked, id=19228, stack(0x000000001d170000,0x000000001d270000)]
  0x000000001af70000 JavaThread "File lock request listener" [_thread_in_native, id=19452, stack(0x000000001d070000,0x000000001d170000)]
  0x000000001afde800 JavaThread "Cache worker for journal cache (C:\Users\mustafa\.gradle\caches\journal-1)" [_thread_blocked, id=18952, stack(0x000000001cf70000,0x000000001d070000)]
  0x000000001abc5000 JavaThread "Daemon periodic checks" [_thread_blocked, id=10068, stack(0x000000001c370000,0x000000001c470000)]
  0x000000001ab9d000 JavaThread "Incoming local TCP Connector on port 2451" [_thread_in_native, id=11336, stack(0x000000001c130000,0x000000001c230000)]
  0x000000001ab58800 JavaThread "Daemon health stats" [_thread_blocked, id=10464, stack(0x000000001baf0000,0x000000001bbf0000)]
  0x0000000018b78800 JavaThread "Service Thread" daemon [_thread_blocked, id=7176, stack(0x0000000018f50000,0x0000000019050000)]
  0x00000000171f5800 JavaThread "C1 CompilerThread2" daemon [_thread_blocked, id=7448, stack(0x0000000018a50000,0x0000000018b50000)]
=>0x00000000171eb000 JavaThread "C2 CompilerThread1" daemon [_thread_in_native, id=2996, stack(0x0000000018950000,0x0000000018a50000)]
  0x00000000171e3000 JavaThread "C2 CompilerThread0" daemon [_thread_in_native, id=15564, stack(0x0000000018850000,0x0000000018950000)]
  0x00000000171e2000 JavaThread "Attach Listener" daemon [_thread_blocked, id=2272, stack(0x0000000018750000,0x0000000018850000)]
  0x00000000171e1000 JavaThread "Signal Dispatcher" daemon [_thread_blocked, id=9456, stack(0x0000000018650000,0x0000000018750000)]
  0x00000000025bc000 JavaThread "Finalizer" daemon [_thread_blocked, id=8688, stack(0x0000000018450000,0x0000000018550000)]
  0x00000000171c9000 JavaThread "Reference Handler" daemon [_thread_blocked, id=2352, stack(0x0000000018350000,0x0000000018450000)]
  0x00000000024be000 JavaThread "main" [_thread_blocked, id=2424, stack(0x0000000002310000,0x0000000002410000)]

Other Threads:
  0x00000000171a6000 VMThread [stack: 0x0000000018250000,0x0000000018350000] [id=11508]
  0x000000001723e000 WatcherThread [stack: 0x0000000019050000,0x0000000019150000] [id=18764]

VM state:not at safepoint (normal execution)

VM Mutex/Monitor currently owned by a thread: None

OutOfMemory and StackOverflow Exception counts:
OutOfMemoryError java_heap_errors=1

heap address: 0x0000000080000000, size: 2048 MB, Compressed Oops mode: 32-bit
Narrow klass base: 0x0000000000000000, Narrow klass shift: 3
Compressed class space size: 1073741824 Address: 0x0000000100000000

Heap:
 PSYoungGen      total 524288K, used 381732K [0x00000000d5580000, 0x00000000fce00000, 0x0000000100000000)
  eden space 466944K, 69% used [0x00000000d5580000,0x00000000e924a5d0,0x00000000f1d80000)
  from space 57344K, 99% used [0x00000000f9600000,0x00000000fcdfec78,0x00000000fce00000)
  to   space 39936K, 0% used [0x00000000f1d80000,0x00000000f1d80000,0x00000000f4480000)
 ParOldGen       total 315904K, used 216579K [0x0000000080000000, 0x0000000093480000, 0x00000000d5580000)
  object space 315904K, 68% used [0x0000000080000000,0x000000008d380ff8,0x0000000093480000)
 Metaspace       used 125699K, capacity 131304K, committed 131544K, reserved 1163264K
  class space    used 15914K, capacity 17051K, committed 17152K, reserved 1048576K

Card table byte_map: [0x0000000011980000,0x0000000011d90000] byte_map_base: 0x0000000011580000

Marking Bits: (ParMarkBitMap*) 0x00000000565df030
 Begin Bits: [0x0000000012440000, 0x0000000014440000)
 End Bits:   [0x0000000014440000, 0x0000000016440000)

Polling page: 0x0000000000a70000

CodeCache: size=245760Kb used=64055Kb max_used=64055Kb free=181704Kb
 bounds [0x00000000025c0000, 0x00000000064a0000, 0x00000000115c0000]
 total_blobs=19960 nmethods=19037 adapters=833
 compilation: enabled

Compilation events (10 events):
Event: 279.808 Thread 0x00000000171f5800 nmethod 23052 0x0000000006433710 code [0x0000000006433880, 0x0000000006433d30]
Event: 279.808 Thread 0x00000000171f5800 23053       3       com.android.tools.r8.ir.conversion.H::a (56 bytes)
Event: 279.809 Thread 0x00000000171f5800 nmethod 23053 0x0000000006433e10 code [0x0000000006433fa0, 0x0000000006434558]
Event: 279.809 Thread 0x00000000171f5800 23054       3       com.android.tools.r8.ir.optimize.l::a (704 bytes)
Event: 279.816 Thread 0x00000000171f5800 nmethod 23054 0x0000000006434790 code [0x00000000064351c0, 0x000000000643cfe8]
Event: 279.816 Thread 0x00000000171f5800 23055       3       com.android.tools.r8.ir.regalloc.a::a (3992 bytes)
Event: 279.851 Thread 0x00000000171f5800 nmethod 23055 0x0000000006441650 code [0x00000000064435a0, 0x0000000006458d38]
Event: 279.851 Thread 0x00000000171f5800 23063       3       com.android.tools.r8.ir.regalloc.a::a (1761 bytes)
Event: 279.867 Thread 0x00000000171f5800 nmethod 23063 0x0000000006466110 code [0x0000000006467720, 0x0000000006477668]
Event: 279.868 Thread 0x00000000171f5800 23068       3       com.android.tools.r8.ir.optimize.a0::a (406 bytes)

GC Heap History (10 events):
Event: 84.458 GC heap before
{Heap before GC invocations=14 (full 3):
 PSYoungGen      total 427520K, used 327657K [0x00000000d5580000, 0x00000000f2900000, 0x0000000100000000)
  eden space 397824K, 74% used [0x00000000d5580000,0x00000000e787e5b8,0x00000000eda00000)
  from space 29696K, 99% used [0x00000000f0280000,0x00000000f1f7c180,0x00000000f1f80000)
  to   space 40448K, 0% used [0x00000000eda00000,0x00000000eda00000,0x00000000f0180000)
 ParOldGen       total 203776K, used 60599K [0x0000000080000000, 0x000000008c700000, 0x00000000d5580000)
  object space 203776K, 29% used [0x0000000080000000,0x0000000083b2dda8,0x000000008c700000)
 Metaspace       used 94001K, capacity 98238K, committed 98380K, reserved 1134592K
  class space    used 12349K, capacity 13225K, committed 13312K, reserved 1048576K
Event: 84.520 GC heap after
Heap after GC invocations=14 (full 3):
 PSYoungGen      total 438272K, used 22619K [0x00000000d5580000, 0x00000000f6e00000, 0x0000000100000000)
  eden space 397824K, 0% used [0x00000000d5580000,0x00000000d5580000,0x00000000eda00000)
  from space 40448K, 55% used [0x00000000eda00000,0x00000000ef016cc8,0x00000000f0180000)
  to   space 40448K, 0% used [0x00000000f4680000,0x00000000f4680000,0x00000000f6e00000)
 ParOldGen       total 203776K, used 89264K [0x0000000080000000, 0x000000008c700000, 0x00000000d5580000)
  object space 203776K, 43% used [0x0000000080000000,0x000000008572c0f8,0x000000008c700000)
 Metaspace       used 94001K, capacity 98238K, committed 98380K, reserved 1134592K
  class space    used 12349K, capacity 13225K, committed 13312K, reserved 1048576K
}
Event: 84.520 GC heap before
{Heap before GC invocations=15 (full 4):
 PSYoungGen      total 438272K, used 22619K [0x00000000d5580000, 0x00000000f6e00000, 0x0000000100000000)
  eden space 397824K, 0% used [0x00000000d5580000,0x00000000d5580000,0x00000000eda00000)
  from space 40448K, 55% used [0x00000000eda00000,0x00000000ef016cc8,0x00000000f0180000)
  to   space 40448K, 0% used [0x00000000f4680000,0x00000000f4680000,0x00000000f6e00000)
 ParOldGen       total 203776K, used 89264K [0x0000000080000000, 0x000000008c700000, 0x00000000d5580000)
  object space 203776K, 43% used [0x0000000080000000,0x000000008572c0f8,0x000000008c700000)
 Metaspace       used 94001K, capacity 98238K, committed 98380K, reserved 1134592K
  class space    used 12349K, capacity 13225K, committed 13312K, reserved 1048576K
Event: 84.855 GC heap after
Heap after GC invocations=15 (full 4):
 PSYoungGen      total 438272K, used 0K [0x00000000d5580000, 0x00000000f6e00000, 0x0000000100000000)
  eden space 397824K, 0% used [0x00000000d5580000,0x00000000d5580000,0x00000000eda00000)
  from space 40448K, 0% used [0x00000000eda00000,0x00000000eda00000,0x00000000f0180000)
  to   space 40448K, 0% used [0x00000000f4680000,0x00000000f4680000,0x00000000f6e00000)
 ParOldGen       total 315904K, used 74955K [0x0000000080000000, 0x0000000093480000, 0x00000000d5580000)
  object space 315904K, 23% used [0x0000000080000000,0x0000000084932da0,0x0000000093480000)
 Metaspace       used 93927K, capacity 98012K, committed 98380K, reserved 1134592K
  class space    used 12325K, capacity 13184K, committed 13312K, reserved 1048576K
}
Event: 131.342 GC heap before
{Heap before GC invocations=16 (full 4):
 PSYoungGen      total 438272K, used 397824K [0x00000000d5580000, 0x00000000f6e00000, 0x0000000100000000)
  eden space 397824K, 100% used [0x00000000d5580000,0x00000000eda00000,0x00000000eda00000)
  from space 40448K, 0% used [0x00000000eda00000,0x00000000eda00000,0x00000000f0180000)
  to   space 40448K, 0% used [0x00000000f4680000,0x00000000f4680000,0x00000000f6e00000)
 ParOldGen       total 315904K, used 74955K [0x0000000080000000, 0x0000000093480000, 0x00000000d5580000)
  object space 315904K, 23% used [0x0000000080000000,0x0000000084932da0,0x0000000093480000)
 Metaspace       used 109141K, capacity 113656K, committed 114008K, reserved 1148928K
  class space    used 13984K, capacity 14909K, committed 14976K, reserved 1048576K
Event: 131.377 GC heap after
Heap after GC invocations=16 (full 4):
 PSYoungGen      total 504832K, used 22831K [0x00000000d5580000, 0x00000000f6b80000, 0x0000000100000000)
  eden space 466944K, 0% used [0x00000000d5580000,0x00000000d5580000,0x00000000f1d80000)
  from space 37888K, 60% used [0x00000000f4680000,0x00000000f5ccbce8,0x00000000f6b80000)
  to   space 39936K, 0% used [0x00000000f1d80000,0x00000000f1d80000,0x00000000f4480000)
 ParOldGen       total 315904K, used 74963K [0x0000000080000000, 0x0000000093480000, 0x00000000d5580000)
  object space 315904K, 23% used [0x0000000080000000,0x0000000084934da0,0x0000000093480000)
 Metaspace       used 109141K, capacity 113656K, committed 114008K, reserved 1148928K
  class space    used 13984K, capacity 14909K, committed 14976K, reserved 1048576K
}
Event: 272.943 GC heap before
{Heap before GC invocations=17 (full 4):
 PSYoungGen      total 504832K, used 489775K [0x00000000d5580000, 0x00000000f6b80000, 0x0000000100000000)
  eden space 466944K, 100% used [0x00000000d5580000,0x00000000f1d80000,0x00000000f1d80000)
  from space 37888K, 60% used [0x00000000f4680000,0x00000000f5ccbce8,0x00000000f6b80000)
  to   space 39936K, 0% used [0x00000000f1d80000,0x00000000f1d80000,0x00000000f4480000)
 ParOldGen       total 315904K, used 74963K [0x0000000080000000, 0x0000000093480000, 0x00000000d5580000)
  object space 315904K, 23% used [0x0000000080000000,0x0000000084934da0,0x0000000093480000)
 Metaspace       used 112802K, capacity 117494K, committed 117848K, reserved 1150976K
  class space    used 14346K, capacity 15370K, committed 15488K, reserved 1048576K
Event: 273.011 GC heap after
Heap after GC invocations=17 (full 4):
 PSYoungGen      total 506880K, used 39909K [0x00000000d5580000, 0x00000000fce00000, 0x0000000100000000)
  eden space 466944K, 0% used [0x00000000d5580000,0x00000000d5580000,0x00000000f1d80000)
  from space 39936K, 99% used [0x00000000f1d80000,0x00000000f44796d0,0x00000000f4480000)
  to   space 57344K, 0% used [0x00000000f9600000,0x00000000f9600000,0x00000000fce00000)
 ParOldGen       total 315904K, used 105876K [0x0000000080000000, 0x0000000093480000, 0x00000000d5580000)
  object space 315904K, 33% used [0x0000000080000000,0x00000000867651e8,0x0000000093480000)
 Metaspace       used 112802K, capacity 117494K, committed 117848K, reserved 1150976K
  class space    used 14346K, capacity 15370K, committed 15488K, reserved 1048576K
}
Event: 276.795 GC heap before
{Heap before GC invocations=18 (full 4):
 PSYoungGen      total 506880K, used 506853K [0x00000000d5580000, 0x00000000fce00000, 0x0000000100000000)
  eden space 466944K, 100% used [0x00000000d5580000,0x00000000f1d80000,0x00000000f1d80000)
  from space 39936K, 99% used [0x00000000f1d80000,0x00000000f44796d0,0x00000000f4480000)
  to   space 57344K, 0% used [0x00000000f9600000,0x00000000f9600000,0x00000000fce00000)
 ParOldGen       total 315904K, used 105876K [0x0000000080000000, 0x0000000093480000, 0x00000000d5580000)
  object space 315904K, 33% used [0x0000000080000000,0x00000000867651e8,0x0000000093480000)
 Metaspace       used 121387K, capacity 126604K, committed 126936K, reserved 1159168K
  class space    used 15455K, capacity 16531K, committed 16640K, reserved 1048576K
Event: 277.020 GC heap after
Heap after GC invocations=18 (full 4):
 PSYoungGen      total 524288K, used 57339K [0x00000000d5580000, 0x00000000fce00000, 0x0000000100000000)
  eden space 466944K, 0% used [0x00000000d5580000,0x00000000d5580000,0x00000000f1d80000)
  from space 57344K, 99% used [0x00000000f9600000,0x00000000fcdfec78,0x00000000fce00000)
  to   space 39936K, 0% used [0x00000000f1d80000,0x00000000f1d80000,0x00000000f4480000)
 ParOldGen       total 315904K, used 216579K [0x0000000080000000, 0x0000000093480000, 0x00000000d5580000)
  object space 315904K, 68% used [0x0000000080000000,0x000000008d380ff8,0x0000000093480000)
 Metaspace       used 121387K, capacity 126604K, committed 126936K, reserved 1159168K
  class space    used 15455K, capacity 16531K, committed 16640K, reserved 1048576K
}

Deoptimization events (10 events):
Event: 279.067 Thread 0x000000001e130000 Uncommon trap: reason=unstable_if action=reinterpret pc=0x0000000005828a04 method=com.android.tools.r8.t.a.a.a.f.X.a(ILjava/lang/Object;)Ljava/lang/Object; @ 66
Event: 279.139 Thread 0x000000001e130000 Uncommon trap: reason=unstable_if action=reinterpret pc=0x0000000003ccf954 method=java.util.HashMap.computeIfAbsent(Ljava/lang/Object;Ljava/util/function/Function;)Ljava/lang/Object; @ 145
Event: 279.194 Thread 0x000000001e132800 Uncommon trap: reason=class_check action=maybe_recompile pc=0x0000000002cd6750 method=org.gradle.internal.operations.logging.LoggingBuildOperationProgressBroadcaster.onOutput(Lorg/gradle/internal/logging/events/OutputEvent;)V @ 8
Event: 279.194 Thread 0x000000001e135000 Uncommon trap: reason=unstable_if action=reinterpret pc=0x0000000005f940f4 method=com.android.tools.r8.z.a.a.f.a(II[C)Ljava/lang/String; @ 32
Event: 279.194 Thread 0x000000001e135000 Uncommon trap: reason=unstable_if action=reinterpret pc=0x0000000005a2737c method=com.android.tools.r8.graph.i0.a(C)I @ 7
Event: 279.194 Thread 0x000000001e135000 Uncommon trap: reason=unstable_if action=reinterpret pc=0x00000000040acd00 method=com.android.tools.r8.graph.i0.a(C[BI)I @ 7
Event: 279.209 Thread 0x000000001e132800 Uncommon trap: reason=class_check action=maybe_recompile pc=0x0000000002cd6750 method=org.gradle.internal.operations.logging.LoggingBuildOperationProgressBroadcaster.onOutput(Lorg/gradle/internal/logging/events/OutputEvent;)V @ 8
Event: 279.213 Thread 0x0000000019ee1000 Uncommon trap: reason=unstable_if action=reinterpret pc=0x00000000028fd58c method=com.esotericsoftware.kryo.io.Output.writeUtf8Length(I)V @ 42
Event: 279.510 Thread 0x000000001e135000 Uncommon trap: reason=unstable_if action=reinterpret pc=0x0000000006123798 method=com.android.tools.r8.z.a.a.f.a(II[C)Ljava/lang/String; @ 32
Event: 279.653 Thread 0x000000001e135000 Uncommon trap: reason=unstable_if action=reinterpret pc=0x00000000062bd1f4 method=com.android.tools.r8.graph.G0$c.a()V @ 300

Classes redefined (0 events):
No events

Internal exceptions (10 events):
Event: 278.065 Thread 0x0000000019ee0800 Exception <a 'sun/nio/fs/WindowsException'> (0x00000000dbbccda8) thrown at [C:\src\AOSP-openjdk-git\hotspot\src\share\vm\prims\jni.cpp, line 710]
Event: 278.065 Thread 0x0000000019ee0800 Exception <a 'sun/nio/fs/WindowsException'> (0x00000000dbbce630) thrown at [C:\src\AOSP-openjdk-git\hotspot\src\share\vm\prims\jni.cpp, line 710]
Event: 278.433 Thread 0x0000000019ee0800 Exception <a 'java/lang/NoSuchMethodError': <clinit>> (0x00000000e1e58fc8) thrown at [C:\src\AOSP-openjdk-git\hotspot\src\share\vm\prims\jni.cpp, line 1615]
Event: 278.468 Thread 0x000000001e130000 Exception <a 'java/lang/NoSuchMethodError': java.lang.Object.lambda$static$0(Ljava/lang/String;)Z> (0x00000000e370f920) thrown at [C:\src\AOSP-openjdk-git\hotspot\src\share\vm\interpreter\linkResolver.cpp, line 620]
Event: 278.508 Thread 0x000000001e135000 Exception <a 'sun/nio/fs/WindowsException'> (0x00000000e3fa9418) thrown at [C:\src\AOSP-openjdk-git\hotspot\src\share\vm\prims\jni.cpp, line 710]
Event: 278.517 Thread 0x000000001e130000 Exception <a 'sun/nio/fs/WindowsException'> (0x00000000e3f91928) thrown at [C:\src\AOSP-openjdk-git\hotspot\src\share\vm\prims\jni.cpp, line 710]
Event: 278.873 Thread 0x000000001e130000 Exception <a 'java/lang/NoSuchMethodError': java.lang.Object.b(Lcom/android/tools/r8/graph/n1$b;)Lcom/android/tools/r8/graph/n1$b;> (0x00000000e543fe08) thrown at [C:\src\AOSP-openjdk-git\hotspot\src\share\vm\interpreter\linkResolver.cpp, line 620]
Event: 278.918 Thread 0x000000001e135000 Exception <a 'java/lang/NoSuchMethodError': java.lang.Object.lambda$maxBy$1(Ljava/util/Comparator;Ljava/lang/Object;Ljava/lang/Object;)Ljava/lang/Object;> (0x00000000e55cd9e8) thrown at [C:\src\AOSP-openjdk-git\hotspot\src\share\vm\interpreter\linkResolve
Event: 279.131 Thread 0x000000001e133000 Exception <a 'sun/nio/fs/WindowsException'> (0x00000000e5e71b00) thrown at [C:\src\AOSP-openjdk-git\hotspot\src\share\vm\prims\jni.cpp, line 710]
Event: 279.187 Thread 0x000000001e133000 Exception <a 'java/lang/OutOfMemoryError'> (0x00000000e5e72570) thrown at [C:\src\AOSP-openjdk-git\hotspot\src\share\vm\prims\unsafe.cpp, line 618]

Events (10 events):
Event: 279.594 Executing VM operation: ForceSafepoint done
Event: 279.610 loading class com/android/tools/r8/s/b/I0
Event: 279.610 loading class com/android/tools/r8/s/b/I0 done
Event: 279.610 loading class com/android/tools/r8/s/b/I0
Event: 279.610 loading class com/android/tools/r8/s/b/I0 done
Event: 279.645 Thread 0x000000001e13e800 DEOPT PACKING pc=0x0000000006166a6b sp=0x00000000328ec760
Event: 279.645 Thread 0x000000001e13e800 DEOPT UNPACKING pc=0x00000000026075d0 sp=0x00000000328ec4b8 mode 0
Event: 279.653 Thread 0x000000001e135000 Uncommon trap: trap_request=0xffffff65 fr.pc=0x00000000062bd1f4
Event: 279.653 Thread 0x000000001e135000 DEOPT PACKING pc=0x00000000062bd1f4 sp=0x000000002e4dc0c0
Event: 279.653 Thread 0x000000001e135000 DEOPT UNPACKING pc=0x000000000260557b sp=0x000000002e4dc0b8 mode 2


Dynamic libraries:
0x00007ff69c990000 - 0x00007ff69c9c1000 	C:\Program Files\Android\Android Studio\jre\bin\java.exe
0x00007ff873cc0000 - 0x00007ff873eb0000 	C:\Windows\SYSTEM32\ntdll.dll
0x00007ff8738b0000 - 0x00007ff873962000 	C:\Windows\System32\KERNEL32.DLL
0x00007ff8710b0000 - 0x00007ff871355000 	C:\Windows\System32\KERNELBASE.dll
0x00007ff872540000 - 0x00007ff8725e3000 	C:\Windows\System32\ADVAPI32.dll
0x00007ff8725f0000 - 0x00007ff87268e000 	C:\Windows\System32\msvcrt.dll
0x00007ff873970000 - 0x00007ff873a07000 	C:\Windows\System32\sechost.dll
0x00007ff873570000 - 0x00007ff873690000 	C:\Windows\System32\RPCRT4.dll
0x00007ff873a10000 - 0x00007ff873ba4000 	C:\Windows\System32\USER32.dll
0x00007ff870c60000 - 0x00007ff870c81000 	C:\Windows\System32\win32u.dll
0x00007ff872510000 - 0x00007ff872536000 	C:\Windows\System32\GDI32.dll
0x00007ff870d10000 - 0x00007ff870ea6000 	C:\Windows\System32\gdi32full.dll
0x00007ff871010000 - 0x00007ff8710ae000 	C:\Windows\System32\msvcp_win.dll
0x00007ff870f10000 - 0x00007ff87100a000 	C:\Windows\System32\ucrtbase.dll
0x00007ff85fdc0000 - 0x00007ff860044000 	C:\Windows\WinSxS\amd64_microsoft.windows.common-controls_6595b64144ccf1df_6.0.18362.1198_none_9e820b57e45ad92f\COMCTL32.dll
0x00007ff872d10000 - 0x00007ff873045000 	C:\Windows\System32\combase.dll
0x00007ff870c90000 - 0x00007ff870d10000 	C:\Windows\System32\bcryptPrimitives.dll
0x00007ff873050000 - 0x00007ff87307e000 	C:\Windows\System32\IMM32.DLL
0x0000000054810000 - 0x00000000548e2000 	C:\Program Files\Android\Android Studio\jre\jre\bin\msvcr100.dll
0x0000000055e10000 - 0x000000005665b000 	C:\Program Files\Android\Android Studio\jre\jre\bin\server\jvm.dll
0x00007ff872c30000 - 0x00007ff872c38000 	C:\Windows\System32\PSAPI.DLL
0x00007ff86cde0000 - 0x00007ff86ce04000 	C:\Windows\SYSTEM32\WINMM.dll
0x00007ff85bc60000 - 0x00007ff85bc69000 	C:\Windows\SYSTEM32\WSOCK32.dll
0x00007ff869970000 - 0x00007ff86997a000 	C:\Windows\SYSTEM32\VERSION.dll
0x00007ff872c40000 - 0x00007ff872caf000 	C:\Windows\System32\WS2_32.dll
0x00007ff86cdb0000 - 0x00007ff86cddd000 	C:\Windows\SYSTEM32\WINMMBASE.dll
0x00007ff871d20000 - 0x00007ff871d6a000 	C:\Windows\System32\cfgmgr32.dll
0x00007ff861c90000 - 0x00007ff861c9f000 	C:\Program Files\Android\Android Studio\jre\jre\bin\verify.dll
0x00007ff861c60000 - 0x00007ff861c89000 	C:\Program Files\Android\Android Studio\jre\jre\bin\java.dll
0x00007ff861b60000 - 0x00007ff861b76000 	C:\Program Files\Android\Android Studio\jre\jre\bin\zip.dll
0x00007ff871d70000 - 0x00007ff872457000 	C:\Windows\System32\SHELL32.dll
0x00007ff872950000 - 0x00007ff8729f9000 	C:\Windows\System32\shcore.dll
0x00007ff871560000 - 0x00007ff871ce1000 	C:\Windows\System32\windows.storage.dll
0x00007ff870c10000 - 0x00007ff870c33000 	C:\Windows\System32\profapi.dll
0x00007ff870b80000 - 0x00007ff870bca000 	C:\Windows\System32\powrprof.dll
0x00007ff870b70000 - 0x00007ff870b80000 	C:\Windows\System32\UMPDC.dll
0x00007ff8737f0000 - 0x00007ff873842000 	C:\Windows\System32\shlwapi.dll
0x00007ff870bf0000 - 0x00007ff870c01000 	C:\Windows\System32\kernel.appcore.dll
0x00007ff870c40000 - 0x00007ff870c57000 	C:\Windows\System32\cryptsp.dll
0x00007ff861c00000 - 0x00007ff861c1a000 	C:\Program Files\Android\Android Studio\jre\jre\bin\net.dll
0x00007ff8703c0000 - 0x00007ff870427000 	C:\Windows\system32\mswsock.dll
0x00007ff861c20000 - 0x00007ff861c33000 	C:\Program Files\Android\Android Studio\jre\jre\bin\nio.dll
0x00007ff86b890000 - 0x00007ff86b8b7000 	C:\Users\mustafa\.gradle\native\f6784746aeab05261644944871eae4fe03e0ef1612fff0a4a95f87b438bc6780\windows-amd64\native-platform.dll
0x00007ff861bf0000 - 0x00007ff861bfd000 	C:\Program Files\Android\Android Studio\jre\jre\bin\management.dll
0x00007ff86ff30000 - 0x00007ff86ff63000 	C:\Windows\system32\rsaenh.dll
0x00007ff871cf0000 - 0x00007ff871d16000 	C:\Windows\System32\bcrypt.dll
0x00007ff870a50000 - 0x00007ff870a75000 	C:\Windows\SYSTEM32\USERENV.dll
0x00007ff870590000 - 0x00007ff87059c000 	C:\Windows\SYSTEM32\CRYPTBASE.dll
0x00007ff8700d0000 - 0x00007ff87010a000 	C:\Windows\SYSTEM32\IPHLPAPI.DLL
0x00007ff872460000 - 0x00007ff872468000 	C:\Windows\System32\NSI.dll
0x00007ff8692d0000 - 0x00007ff8692e6000 	C:\Windows\SYSTEM32\dhcpcsvc6.DLL
0x00007ff8692b0000 - 0x00007ff8692cc000 	C:\Windows\SYSTEM32\dhcpcsvc.DLL
0x00007ff870110000 - 0x00007ff8701db000 	C:\Windows\SYSTEM32\DNSAPI.dll
0x00007ff8692f0000 - 0x00007ff8692fb000 	C:\Windows\SYSTEM32\WINNSI.DLL
0x0000000066e00000 - 0x0000000066f03000 	C:\Users\mustafa\AppData\Local\Temp\sqlite-3.25.2-58dc67dd-69fe-4590-b8f8-e27b890700df-sqlitejdbc.dll
0x0000000031990000 - 0x0000000031a93000 	C:\Users\mustafa\AppData\Local\Temp\sqlite-3.25.2-870523a1-527b-4ae9-8998-5f0330c8f4f5-sqlitejdbc.dll

VM Arguments:
jvm_args: -Xmx2048m -Dfile.encoding=windows-1252 -Duser.country=US -Duser.language=en -Duser.variant 
java_command: org.gradle.launcher.daemon.bootstrap.GradleDaemon 6.5
java_class_path (initial): C:\Users\mustafa\.gradle\wrapper\dists\gradle-6.5-bin\6nifqtx7604sqp1q6g8wikw7p\gradle-6.5\lib\gradle-launcher-6.5.jar
Launcher Type: SUN_STANDARD

Environment Variables:
PATH=C:\Windows\system32;C:\Windows;C:\Windows\System32\Wbem;C:\Windows\System32\WindowsPowerShell\v1.0\;C:\Windows\System32\OpenSSH\;C:\Program Files\Git\cmd;E:\Sdk\platform-tools;C:\Users\mustafa\anaconda3;C:\Users\mustafa\anaconda3\Library\mingw-w64\bin;C:\Users\mustafa\anaconda3\Library\usr\bin;C:\Users\mustafa\anaconda3\Library\bin;C:\Users\mustafa\anaconda3\Scripts;C:\Users\mustafa\AppData\Local\Microsoft\WindowsApps
USERNAME=mustafa
OS=Windows_NT
PROCESSOR_IDENTIFIER=Intel64 Family 6 Model 142 Stepping 9, GenuineIntel



---------------  S Y S T E M  ---------------

OS: Windows 10.0 , 64 bit Build 18362 (10.0.18362.1110)

CPU:total 4 (initial active 4) (2 cores per cpu, 2 threads per core) family 6 model 142 stepping 9, cmov, cx8, fxsr, mmx, sse, sse2, sse3, ssse3, sse4.1, sse4.2, popcnt, avx, avx2, aes, clmul, erms, 3dnowpref, lzcnt, ht, tsc, tscinvbit, bmi1, bmi2, adx

Memory: 4k page, physical 16543328k(1287224k free), swap 35671908k(5196k free)

vm_info: OpenJDK 64-Bit Server VM (25.242-b01) for windows-amd64 JRE (1.8.0_242-release-1644-b01), built by "builder" with MS VC++ 10.0 (VS2010)

time: Sun Nov 22 10:48:25 2020
timezone: Egypt Standard Time
elapsed time: 279 seconds (0d 0h 4m 39s)

