#
# There is insufficient memory for the Java Runtime Environment to continue.
# Native memory allocation (malloc) failed to allocate 1138096 bytes for Chunk::new
# Possible reasons:
#   The system is out of physical RAM or swap space
#   The process is running with CompressedOops enabled, and the Java Heap may be blocking the growth of the native heap
# Possible solutions:
#   Reduce memory load on the system
#   Increase physical memory or swap space
#   Check if swap backing store is full
#   Decrease Java heap size (-Xmx/-Xms)
#   Decrease number of Java threads
#   Decrease Java thread stack sizes (-Xss)
#   Set larger code cache with -XX:ReservedCodeCacheSize=
#   JVM is running with Unscaled Compressed Oops mode in which the Java heap is
#     placed in the first 4GB address space. The Java Heap base address is the
#     maximum limit for the native heap growth. Please use -XX:HeapBaseMinAddress
#     to set the Java Heap base and to place the Java Heap above 4GB virtual address.
# This output file may be truncated or incomplete.
#
#  Out of Memory Error (allocation.cpp:389), pid=18956, tid=0x00000000000031b8
#
# JRE version: OpenJDK Runtime Environment (8.0_242-b01) (build 1.8.0_242-release-1644-b01)
# Java VM: OpenJDK 64-Bit Server VM (25.242-b01 mixed mode windows-amd64 compressed oops)
# Failed to write core dump. Minidumps are not enabled by default on client versions of Windows
#

---------------  T H R E A D  ---------------

Current thread (0x0000000017da6800):  JavaThread "C2 CompilerThread0" daemon [_thread_in_native, id=12728, stack(0x0000000019410000,0x0000000019510000)]

Stack: [0x0000000019410000,0x0000000019510000]
[error occurred during error reporting (printing stack bounds), id 0xc0000005]

Native frames: (J=compiled Java code, j=interpreted, Vv=VM code, C=native code)


Current CompileTask:
C2:   3169 1561       4       java.net.URLClassLoader$1::run (5 bytes)


---------------  P R O C E S S  ---------------

Java Threads: ( => current thread )
  0x000000001be3d800 JavaThread "Cache worker for file hash cache (C:\Users\mustafa\.gradle\caches\6.5\fileHashes)" [_thread_blocked, id=16692, stack(0x000000001ddd0000,0x000000001ded0000)]
  0x000000001be3f000 JavaThread "File lock request listener" [_thread_in_native, id=15260, stack(0x000000001dcd0000,0x000000001ddd0000)]
  0x000000001be43000 JavaThread "Cache worker for journal cache (C:\Users\mustafa\.gradle\caches\journal-1)" [_thread_blocked, id=8716, stack(0x000000001d990000,0x000000001da90000)]
  0x000000001a108000 JavaThread "Thread-9" [_thread_blocked, id=10264, stack(0x000000001d890000,0x000000001d990000)]
  0x000000001bbf1000 JavaThread "Stdin handler" [_thread_blocked, id=1648, stack(0x000000001d790000,0x000000001d890000)]
  0x000000001bc73000 JavaThread "Asynchronous log dispatcher for DefaultDaemonConnection: socket connection from /127.0.0.1:13480 to /127.0.0.1:13481" [_thread_blocked, id=18588, stack(0x000000001d690000,0x000000001d790000)]
  0x000000001bc8d000 JavaThread "Daemon worker" [_thread_in_vm, id=8552, stack(0x000000001d590000,0x000000001d690000)]
  0x000000001bc97800 JavaThread "Cancel handler" [_thread_blocked, id=9096, stack(0x000000001d490000,0x000000001d590000)]
  0x000000001bc41800 JavaThread "Handler for socket connection from /127.0.0.1:13480 to /127.0.0.1:13481" [_thread_in_native, id=18024, stack(0x000000001d390000,0x000000001d490000)]
  0x000000001bb90000 JavaThread "Daemon" [_thread_blocked, id=17564, stack(0x000000001d290000,0x000000001d390000)]
  0x000000001bc24800 JavaThread "Daemon periodic checks" [_thread_blocked, id=15560, stack(0x000000001cf90000,0x000000001d090000)]
  0x000000001bb46000 JavaThread "Incoming local TCP Connector on port 13480" [_thread_in_native, id=7840, stack(0x000000001cd50000,0x000000001ce50000)]
  0x000000001b8bc800 JavaThread "Daemon health stats" [_thread_blocked, id=18668, stack(0x000000001c710000,0x000000001c810000)]
  0x0000000019739000 JavaThread "Service Thread" daemon [_thread_blocked, id=17828, stack(0x0000000019b10000,0x0000000019c10000)]
  0x0000000017dc2800 JavaThread "C1 CompilerThread2" daemon [_thread_blocked, id=9852, stack(0x0000000019610000,0x0000000019710000)]
  0x0000000017db7800 JavaThread "C2 CompilerThread1" daemon [_thread_in_native, id=16760, stack(0x0000000019510000,0x0000000019610000)]
=>0x0000000017da6800 JavaThread "C2 CompilerThread0" daemon [_thread_in_native, id=12728, stack(0x0000000019410000,0x0000000019510000)]
  0x0000000017da6000 JavaThread "Attach Listener" daemon [_thread_blocked, id=12284, stack(0x0000000019310000,0x0000000019410000)]
  0x0000000017da3800 JavaThread "Signal Dispatcher" daemon [_thread_blocked, id=19448, stack(0x0000000019210000,0x0000000019310000)]
  0x000000000313c800 JavaThread "Finalizer" daemon [_thread_blocked, id=12428, stack(0x0000000019000000,0x0000000019100000)]
  0x0000000017d89000 JavaThread "Reference Handler" daemon [_thread_blocked, id=11448, stack(0x0000000018f00000,0x0000000019000000)]
  0x0000000002f2e000 JavaThread "main" [_thread_blocked, id=18352, stack(0x0000000002f30000,0x0000000003030000)]

Other Threads:
  0x0000000017d66000 VMThread [stack: 0x0000000018e00000,0x0000000018f00000] [id=18464]
  0x0000000017dfe000 WatcherThread [stack: 0x0000000019c10000,0x0000000019d10000] [id=16456]

VM state:not at safepoint (normal execution)

VM Mutex/Monitor currently owned by a thread: None

heap address: 0x0000000080000000, size: 2048 MB, Compressed Oops mode: 32-bit
Narrow klass base: 0x0000000000000000, Narrow klass shift: 3
Compressed class space size: 1073741824 Address: 0x0000000100000000

Heap:
 PSYoungGen      total 37888K, used 10919K [0x00000000d5580000, 0x00000000d7f80000, 0x0000000100000000)
  eden space 32768K, 17% used [0x00000000d5580000,0x00000000d5b31e08,0x00000000d7580000)
  from space 5120K, 99% used [0x00000000d7a80000,0x00000000d7f78040,0x00000000d7f80000)
  to   space 5120K, 0% used [0x00000000d7580000,0x00000000d7580000,0x00000000d7a80000)
 ParOldGen       total 86016K, used 2972K [0x0000000080000000, 0x0000000085400000, 0x00000000d5580000)
  object space 86016K, 3% used [0x0000000080000000,0x00000000802e7098,0x0000000085400000)
 Metaspace       used 15822K, capacity 16398K, committed 16640K, reserved 1062912K
  class space    used 2073K, capacity 2239K, committed 2304K, reserved 1048576K

Card table byte_map: [0x0000000012510000,0x0000000012920000] byte_map_base: 0x0000000012110000

Marking Bits: (ParMarkBitMap*) 0x000000006cb9f030
 Begin Bits: [0x0000000012fd0000, 0x0000000014fd0000)
 End Bits:   [0x0000000014fd0000, 0x0000000016fd0000)

Polling page: 0x0000000002f00000

CodeCache: size=245760Kb used=5561Kb max_used=5564Kb free=240198Kb
 bounds [0x0000000003150000, 0x00000000036d0000, 0x0000000012150000]
 total_blobs=1972 nmethods=1575 adapters=310
 compilation: enabled

Compilation events (10 events):
Event: 3.129 Thread 0x0000000017db7800 nmethod 1571 0x00000000036b5550 code [0x00000000036b56a0, 0x00000000036b5798]
Event: 3.136 Thread 0x0000000017dc2800 1573       3       jdk.internal.org.objectweb.asm.MethodWriter::visitInsn (106 bytes)
Event: 3.136 Thread 0x0000000017dc2800 nmethod 1573 0x00000000036b7f90 code [0x00000000036b8140, 0x00000000036b85e8]
Event: 3.147 Thread 0x0000000017db7800 1574       4       java.util.jar.Attributes$Name::isValid (45 bytes)
Event: 3.150 Thread 0x0000000017db7800 nmethod 1574 0x00000000036b7850 code [0x00000000036b79a0, 0x00000000036b7cd8]
Event: 3.151 Thread 0x0000000017db7800 1575       4       java.util.jar.Attributes$Name::hashCode (24 bytes)
Event: 3.155 Thread 0x0000000017db7800 nmethod 1575 0x00000000036c1850 code [0x00000000036c19a0, 0x00000000036c1c78]
Event: 3.157 Thread 0x0000000017dc2800 1576       3       java.io.WinNTFileSystem::parentOrNull (171 bytes)
Event: 3.158 Thread 0x0000000017dc2800 nmethod 1576 0x00000000036baad0 code [0x00000000036bad00, 0x00000000036bba78]
Event: 3.166 Thread 0x0000000017db7800 1577   !   4       java.util.zip.InflaterInputStream::read (138 bytes)

GC Heap History (8 events):
Event: 0.979 GC heap before
{Heap before GC invocations=1 (full 0):
 PSYoungGen      total 37888K, used 32768K [0x00000000d5580000, 0x00000000d7f80000, 0x0000000100000000)
  eden space 32768K, 100% used [0x00000000d5580000,0x00000000d7580000,0x00000000d7580000)
  from space 5120K, 0% used [0x00000000d7a80000,0x00000000d7a80000,0x00000000d7f80000)
  to   space 5120K, 0% used [0x00000000d7580000,0x00000000d7580000,0x00000000d7a80000)
 ParOldGen       total 86016K, used 0K [0x0000000080000000, 0x0000000085400000, 0x00000000d5580000)
  object space 86016K, 0% used [0x0000000080000000,0x0000000080000000,0x0000000085400000)
 Metaspace       used 7222K, capacity 7450K, committed 7680K, reserved 1056768K
  class space    used 890K, capacity 973K, committed 1024K, reserved 1048576K
Event: 0.987 GC heap after
Heap after GC invocations=1 (full 0):
 PSYoungGen      total 37888K, used 4341K [0x00000000d5580000, 0x00000000d7f80000, 0x0000000100000000)
  eden space 32768K, 0% used [0x00000000d5580000,0x00000000d5580000,0x00000000d7580000)
  from space 5120K, 84% used [0x00000000d7580000,0x00000000d79bd4c0,0x00000000d7a80000)
  to   space 5120K, 0% used [0x00000000d7a80000,0x00000000d7a80000,0x00000000d7f80000)
 ParOldGen       total 86016K, used 0K [0x0000000080000000, 0x0000000085400000, 0x00000000d5580000)
  object space 86016K, 0% used [0x0000000080000000,0x0000000080000000,0x0000000085400000)
 Metaspace       used 7222K, capacity 7450K, committed 7680K, reserved 1056768K
  class space    used 890K, capacity 973K, committed 1024K, reserved 1048576K
}
Event: 1.304 GC heap before
{Heap before GC invocations=2 (full 0):
 PSYoungGen      total 37888K, used 37109K [0x00000000d5580000, 0x00000000d7f80000, 0x0000000100000000)
  eden space 32768K, 100% used [0x00000000d5580000,0x00000000d7580000,0x00000000d7580000)
  from space 5120K, 84% used [0x00000000d7580000,0x00000000d79bd4c0,0x00000000d7a80000)
  to   space 5120K, 0% used [0x00000000d7a80000,0x00000000d7a80000,0x00000000d7f80000)
 ParOldGen       total 86016K, used 0K [0x0000000080000000, 0x0000000085400000, 0x00000000d5580000)
  object space 86016K, 0% used [0x0000000080000000,0x0000000080000000,0x0000000085400000)
 Metaspace       used 7444K, capacity 7654K, committed 7936K, reserved 1056768K
  class space    used 909K, capacity 977K, committed 1024K, reserved 1048576K
Event: 1.307 GC heap after
Heap after GC invocations=2 (full 0):
 PSYoungGen      total 37888K, used 3217K [0x00000000d5580000, 0x00000000d7f80000, 0x0000000100000000)
  eden space 32768K, 0% used [0x00000000d5580000,0x00000000d5580000,0x00000000d7580000)
  from space 5120K, 62% used [0x00000000d7a80000,0x00000000d7da4618,0x00000000d7f80000)
  to   space 5120K, 0% used [0x00000000d7580000,0x00000000d7580000,0x00000000d7a80000)
 ParOldGen       total 86016K, used 8K [0x0000000080000000, 0x0000000085400000, 0x00000000d5580000)
  object space 86016K, 0% used [0x0000000080000000,0x0000000080002000,0x0000000085400000)
 Metaspace       used 7444K, capacity 7654K, committed 7936K, reserved 1056768K
  class space    used 909K, capacity 977K, committed 1024K, reserved 1048576K
}
Event: 2.749 GC heap before
{Heap before GC invocations=3 (full 0):
 PSYoungGen      total 37888K, used 35985K [0x00000000d5580000, 0x00000000d7f80000, 0x0000000100000000)
  eden space 32768K, 100% used [0x00000000d5580000,0x00000000d7580000,0x00000000d7580000)
  from space 5120K, 62% used [0x00000000d7a80000,0x00000000d7da4618,0x00000000d7f80000)
  to   space 5120K, 0% used [0x00000000d7580000,0x00000000d7580000,0x00000000d7a80000)
 ParOldGen       total 86016K, used 8K [0x0000000080000000, 0x0000000085400000, 0x00000000d5580000)
  object space 86016K, 0% used [0x0000000080000000,0x0000000080002000,0x0000000085400000)
 Metaspace       used 11782K, capacity 12082K, committed 12416K, reserved 1060864K
  class space    used 1556K, capacity 1645K, committed 1664K, reserved 1048576K
Event: 2.754 GC heap after
Heap after GC invocations=3 (full 0):
 PSYoungGen      total 37888K, used 5120K [0x00000000d5580000, 0x00000000d7f80000, 0x0000000100000000)
  eden space 32768K, 0% used [0x00000000d5580000,0x00000000d5580000,0x00000000d7580000)
  from space 5120K, 100% used [0x00000000d7580000,0x00000000d7a80000,0x00000000d7a80000)
  to   space 5120K, 0% used [0x00000000d7a80000,0x00000000d7a80000,0x00000000d7f80000)
 ParOldGen       total 86016K, used 782K [0x0000000080000000, 0x0000000085400000, 0x00000000d5580000)
  object space 86016K, 0% used [0x0000000080000000,0x00000000800c3bc8,0x0000000085400000)
 Metaspace       used 11782K, capacity 12082K, committed 12416K, reserved 1060864K
  class space    used 1556K, capacity 1645K, committed 1664K, reserved 1048576K
}
Event: 3.087 GC heap before
{Heap before GC invocations=4 (full 0):
 PSYoungGen      total 37888K, used 37888K [0x00000000d5580000, 0x00000000d7f80000, 0x0000000100000000)
  eden space 32768K, 100% used [0x00000000d5580000,0x00000000d7580000,0x00000000d7580000)
  from space 5120K, 100% used [0x00000000d7580000,0x00000000d7a80000,0x00000000d7a80000)
  to   space 5120K, 0% used [0x00000000d7a80000,0x00000000d7a80000,0x00000000d7f80000)
 ParOldGen       total 86016K, used 782K [0x0000000080000000, 0x0000000085400000, 0x00000000d5580000)
  object space 86016K, 0% used [0x0000000080000000,0x00000000800c3bc8,0x0000000085400000)
 Metaspace       used 14577K, capacity 15162K, committed 15232K, reserved 1062912K
  class space    used 2000K, capacity 2165K, committed 2176K, reserved 1048576K
Event: 3.093 GC heap after
Heap after GC invocations=4 (full 0):
 PSYoungGen      total 37888K, used 5088K [0x00000000d5580000, 0x00000000d7f80000, 0x0000000100000000)
  eden space 32768K, 0% used [0x00000000d5580000,0x00000000d5580000,0x00000000d7580000)
  from space 5120K, 99% used [0x00000000d7a80000,0x00000000d7f78040,0x00000000d7f80000)
  to   space 5120K, 0% used [0x00000000d7580000,0x00000000d7580000,0x00000000d7a80000)
 ParOldGen       total 86016K, used 2972K [0x0000000080000000, 0x0000000085400000, 0x00000000d5580000)
  object space 86016K, 3% used [0x0000000080000000,0x00000000802e7098,0x0000000085400000)
 Metaspace       used 14577K, capacity 15162K, committed 15232K, reserved 1062912K
  class space    used 2000K, capacity 2165K, committed 2176K, reserved 1048576K
}

Deoptimization events (10 events):
Event: 2.821 Thread 0x000000001bc8d000 Uncommon trap: reason=bimorphic action=maybe_recompile pc=0x0000000003455f30 method=java.util.HashMap.putVal(ILjava/lang/Object;Ljava/lang/Object;ZZ)Ljava/lang/Object; @ 253
Event: 2.821 Thread 0x000000001bc8d000 Uncommon trap: reason=bimorphic action=maybe_recompile pc=0x0000000003455f30 method=java.util.HashMap.putVal(ILjava/lang/Object;Ljava/lang/Object;ZZ)Ljava/lang/Object; @ 253
Event: 2.821 Thread 0x000000001bc8d000 Uncommon trap: reason=bimorphic action=maybe_recompile pc=0x0000000003455f30 method=java.util.HashMap.putVal(ILjava/lang/Object;Ljava/lang/Object;ZZ)Ljava/lang/Object; @ 253
Event: 2.821 Thread 0x000000001bc8d000 Uncommon trap: reason=bimorphic action=maybe_recompile pc=0x0000000003455f30 method=java.util.HashMap.putVal(ILjava/lang/Object;Ljava/lang/Object;ZZ)Ljava/lang/Object; @ 253
Event: 2.821 Thread 0x000000001bc8d000 Uncommon trap: reason=bimorphic action=maybe_recompile pc=0x0000000003472e0c method=java.util.HashMap.putVal(ILjava/lang/Object;Ljava/lang/Object;ZZ)Ljava/lang/Object; @ 253
Event: 3.023 Thread 0x000000001bc8d000 Uncommon trap: reason=class_check action=maybe_recompile pc=0x00000000034974d8 method=java.util.regex.Matcher.match(II)Z @ 86
Event: 3.039 Thread 0x000000001bc8d000 Uncommon trap: reason=class_check action=maybe_recompile pc=0x00000000034974d8 method=java.util.regex.Matcher.match(II)Z @ 86
Event: 3.040 Thread 0x000000001bc8d000 Uncommon trap: reason=class_check action=maybe_recompile pc=0x00000000034974d8 method=java.util.regex.Matcher.match(II)Z @ 86
Event: 3.040 Thread 0x000000001bc8d000 Uncommon trap: reason=class_check action=maybe_recompile pc=0x000000000330c84c method=java.util.regex.Matcher.match(II)Z @ 86
Event: 3.138 Thread 0x000000001bc8d000 Uncommon trap: reason=unstable_if action=reinterpret pc=0x000000000348a7dc method=java.io.File.getName()Ljava/lang/String; @ 16

Classes redefined (0 events):
No events

Internal exceptions (10 events):
Event: 2.764 Thread 0x000000001bc41800 Exception <a 'java/lang/NoSuchMethodError': <clinit>> (0x00000000d55cf7c0) thrown at [C:\src\AOSP-openjdk-git\hotspot\src\share\vm\prims\jni.cpp, line 1615]
Event: 2.767 Thread 0x000000001bc41800 Exception <a 'java/lang/NoSuchMethodError': <clinit>> (0x00000000d55e20c8) thrown at [C:\src\AOSP-openjdk-git\hotspot\src\share\vm\prims\jni.cpp, line 1615]
Event: 2.770 Thread 0x000000001bc41800 Exception <a 'java/lang/NoSuchMethodError': <clinit>> (0x00000000d5609228) thrown at [C:\src\AOSP-openjdk-git\hotspot\src\share\vm\prims\jni.cpp, line 1615]
Event: 2.773 Thread 0x000000001bc41800 Exception <a 'java/lang/NoSuchMethodError': <clinit>> (0x00000000d5620da8) thrown at [C:\src\AOSP-openjdk-git\hotspot\src\share\vm\prims\jni.cpp, line 1615]
Event: 2.773 Thread 0x000000001bc41800 Exception <a 'java/lang/NoSuchMethodError': <clinit>> (0x00000000d5629948) thrown at [C:\src\AOSP-openjdk-git\hotspot\src\share\vm\prims\jni.cpp, line 1615]
Event: 2.775 Thread 0x000000001bc41800 Exception <a 'java/lang/NoSuchMethodError': <clinit>> (0x00000000d563fcb0) thrown at [C:\src\AOSP-openjdk-git\hotspot\src\share\vm\prims\jni.cpp, line 1615]
Event: 2.786 Thread 0x000000001bc41800 Exception <a 'java/lang/NoSuchMethodError': <clinit>> (0x00000000d56b9aa8) thrown at [C:\src\AOSP-openjdk-git\hotspot\src\share\vm\prims\jni.cpp, line 1615]
Event: 2.789 Thread 0x000000001bc41800 Exception <a 'java/lang/NoSuchMethodError': <clinit>> (0x00000000d56e91b0) thrown at [C:\src\AOSP-openjdk-git\hotspot\src\share\vm\prims\jni.cpp, line 1615]
Event: 2.793 Thread 0x000000001bc41800 Exception <a 'java/lang/NoSuchMethodError': <clinit>> (0x00000000d57177b0) thrown at [C:\src\AOSP-openjdk-git\hotspot\src\share\vm\prims\jni.cpp, line 1615]
Event: 2.795 Thread 0x000000001bc41800 Exception <a 'java/lang/NoSuchMethodError': <clinit>> (0x00000000d5723c28) thrown at [C:\src\AOSP-openjdk-git\hotspot\src\share\vm\prims\jni.cpp, line 1615]

Events (10 events):
Event: 3.163 loading class org/apache/tools/ant/util/VectorSet
Event: 3.163 loading class org/apache/tools/ant/util/VectorSet done
Event: 3.164 Executing VM operation: Deoptimize
Event: 3.164 Executing VM operation: Deoptimize done
Event: 3.164 loading class org/apache/tools/ant/taskdefs/condition/Os
Event: 3.164 loading class org/apache/tools/ant/taskdefs/condition/Os done
Event: 3.165 loading class org/apache/tools/ant/taskdefs/condition/Condition
Event: 3.165 loading class org/apache/tools/ant/taskdefs/condition/Condition done
Event: 3.166 loading class org/apache/tools/ant/util/FileUtils
Event: 3.166 loading class org/apache/tools/ant/util/FileUtils done


Dynamic libraries:
0x00007ff7d96b0000 - 0x00007ff7d96e1000 	C:\Program Files\Android\Android Studio\jre\bin\java.exe
0x00007ffce63c0000 - 0x00007ffce65b0000 	C:\Windows\SYSTEM32\ntdll.dll
0x00007ffce5ab0000 - 0x00007ffce5b62000 	C:\Windows\System32\KERNEL32.DLL
0x00007ffce3bd0000 - 0x00007ffce3e75000 	C:\Windows\System32\KERNELBASE.dll
0x00007ffce5b70000 - 0x00007ffce5c13000 	C:\Windows\System32\ADVAPI32.dll
0x00007ffce54d0000 - 0x00007ffce556e000 	C:\Windows\System32\msvcrt.dll
0x00007ffce5090000 - 0x00007ffce5127000 	C:\Windows\System32\sechost.dll
0x00007ffce53b0000 - 0x00007ffce54d0000 	C:\Windows\System32\RPCRT4.dll
0x00007ffce6090000 - 0x00007ffce6224000 	C:\Windows\System32\USER32.dll
0x00007ffce4410000 - 0x00007ffce4431000 	C:\Windows\System32\win32u.dll
0x00007ffce48d0000 - 0x00007ffce48f6000 	C:\Windows\System32\GDI32.dll
0x00007ffce3ff0000 - 0x00007ffce4186000 	C:\Windows\System32\gdi32full.dll
0x00007ffce3b30000 - 0x00007ffce3bce000 	C:\Windows\System32\msvcp_win.dll
0x00007ffce41e0000 - 0x00007ffce42da000 	C:\Windows\System32\ucrtbase.dll
0x00007ffcd19e0000 - 0x00007ffcd1c64000 	C:\Windows\WinSxS\amd64_microsoft.windows.common-controls_6595b64144ccf1df_6.0.18362.1198_none_9e820b57e45ad92f\COMCTL32.dll
0x00007ffce4590000 - 0x00007ffce48c5000 	C:\Windows\System32\combase.dll
0x00007ffce42e0000 - 0x00007ffce4360000 	C:\Windows\System32\bcryptPrimitives.dll
0x00007ffce5060000 - 0x00007ffce508e000 	C:\Windows\System32\IMM32.DLL
0x000000006bb40000 - 0x000000006bc12000 	C:\Program Files\Android\Android Studio\jre\jre\bin\msvcr100.dll
0x000000006c3d0000 - 0x000000006cc1b000 	C:\Program Files\Android\Android Studio\jre\jre\bin\server\jvm.dll
0x00007ffce5ee0000 - 0x00007ffce5ee8000 	C:\Windows\System32\PSAPI.DLL
0x00007ffce0fd0000 - 0x00007ffce0ff4000 	C:\Windows\SYSTEM32\WINMM.dll
0x00007ffcdd430000 - 0x00007ffcdd43a000 	C:\Windows\SYSTEM32\VERSION.dll
0x00007ffcd0600000 - 0x00007ffcd0609000 	C:\Windows\SYSTEM32\WSOCK32.dll
0x00007ffce5ef0000 - 0x00007ffce5f5f000 	C:\Windows\System32\WS2_32.dll
0x00007ffce0f70000 - 0x00007ffce0f9d000 	C:\Windows\SYSTEM32\winmmbase.dll
0x00007ffce4190000 - 0x00007ffce41da000 	C:\Windows\System32\cfgmgr32.dll
0x00007ffcde480000 - 0x00007ffcde48f000 	C:\Program Files\Android\Android Studio\jre\jre\bin\verify.dll
0x00007ffcde450000 - 0x00007ffcde479000 	C:\Program Files\Android\Android Studio\jre\jre\bin\java.dll
0x00007ffcde380000 - 0x00007ffcde396000 	C:\Program Files\Android\Android Studio\jre\jre\bin\zip.dll
0x00007ffce4970000 - 0x00007ffce5057000 	C:\Windows\System32\SHELL32.dll
0x00007ffce5f60000 - 0x00007ffce6009000 	C:\Windows\System32\shcore.dll
0x00007ffce3310000 - 0x00007ffce3a91000 	C:\Windows\System32\windows.storage.dll
0x00007ffce32e0000 - 0x00007ffce3303000 	C:\Windows\System32\profapi.dll
0x00007ffce3270000 - 0x00007ffce32ba000 	C:\Windows\System32\powrprof.dll
0x00007ffce3240000 - 0x00007ffce3250000 	C:\Windows\System32\UMPDC.dll
0x00007ffce5570000 - 0x00007ffce55c2000 	C:\Windows\System32\shlwapi.dll
0x00007ffce3250000 - 0x00007ffce3261000 	C:\Windows\System32\kernel.appcore.dll
0x00007ffce3fd0000 - 0x00007ffce3fe7000 	C:\Windows\System32\cryptsp.dll
0x00007ffcde350000 - 0x00007ffcde36a000 	C:\Program Files\Android\Android Studio\jre\jre\bin\net.dll
0x00007ffce2a90000 - 0x00007ffce2af7000 	C:\Windows\system32\mswsock.dll
0x00007ffcde4f0000 - 0x00007ffcde503000 	C:\Program Files\Android\Android Studio\jre\jre\bin\nio.dll
0x00007ffcdf5e0000 - 0x00007ffcdf607000 	C:\Users\mustafa\.gradle\native\f6784746aeab05261644944871eae4fe03e0ef1612fff0a4a95f87b438bc6780\windows-amd64\native-platform.dll
0x00007ffcde4c0000 - 0x00007ffcde4cd000 	C:\Program Files\Android\Android Studio\jre\jre\bin\management.dll
0x00007ffce2600000 - 0x00007ffce2633000 	C:\Windows\system32\rsaenh.dll
0x00007ffce3b00000 - 0x00007ffce3b26000 	C:\Windows\System32\bcrypt.dll
0x00007ffce3120000 - 0x00007ffce3145000 	C:\Windows\SYSTEM32\USERENV.dll
0x00007ffce2c60000 - 0x00007ffce2c6c000 	C:\Windows\SYSTEM32\CRYPTBASE.dll
0x00007ffce27a0000 - 0x00007ffce27da000 	C:\Windows\SYSTEM32\IPHLPAPI.DLL
0x00007ffce4900000 - 0x00007ffce4908000 	C:\Windows\System32\NSI.dll
0x00007ffcdacd0000 - 0x00007ffcdace6000 	C:\Windows\SYSTEM32\dhcpcsvc6.DLL
0x00007ffcdacb0000 - 0x00007ffcdaccc000 	C:\Windows\SYSTEM32\dhcpcsvc.DLL
0x00007ffce27e0000 - 0x00007ffce28ab000 	C:\Windows\SYSTEM32\DNSAPI.dll
0x00007ffcdacf0000 - 0x00007ffcdacfb000 	C:\Windows\SYSTEM32\WINNSI.DLL

VM Arguments:
jvm_args: -Xmx2048m -Dfile.encoding=windows-1252 -Duser.country=US -Duser.language=en -Duser.variant 
java_command: org.gradle.launcher.daemon.bootstrap.GradleDaemon 6.5
java_class_path (initial): C:\Users\mustafa\.gradle\wrapper\dists\gradle-6.5-bin\6nifqtx7604sqp1q6g8wikw7p\gradle-6.5\lib\gradle-launcher-6.5.jar
Launcher Type: SUN_STANDARD

Environment Variables:
PATH=C:\Windows\system32;C:\Windows;C:\Windows\System32\Wbem;C:\Windows\System32\WindowsPowerShell\v1.0\;C:\Windows\System32\OpenSSH\;C:\Program Files\Git\cmd;E:\Sdk\platform-tools;C:\Users\mustafa\anaconda3;C:\Users\mustafa\anaconda3\Library\mingw-w64\bin;C:\Users\mustafa\anaconda3\Library\usr\bin;C:\Users\mustafa\anaconda3\Library\bin;C:\Users\mustafa\anaconda3\Scripts;C:\Users\mustafa\AppData\Local\Microsoft\WindowsApps
USERNAME=mustafa
OS=Windows_NT
PROCESSOR_IDENTIFIER=Intel64 Family 6 Model 142 Stepping 9, GenuineIntel



---------------  S Y S T E M  ---------------

OS: Windows 10.0 , 64 bit Build 18362 (10.0.18362.1110)

CPU:total 4 (initial active 4) (2 cores per cpu, 2 threads per core) family 6 model 142 stepping 9, cmov, cx8, fxsr, mmx, sse, sse2, sse3, ssse3, sse4.1, sse4.2, popcnt, avx, avx2, aes, clmul, erms, 3dnowpref, lzcnt, ht, tsc, tscinvbit, bmi1, bmi2, adx

Memory: 4k page, physical 8154720k(437356k free), swap 27283300k(5260k free)

vm_info: OpenJDK 64-Bit Server VM (25.242-b01) for windows-amd64 JRE (1.8.0_242-release-1644-b01), built by "builder" with MS VC++ 10.0 (VS2010)

time: Mon Nov 23 10:40:42 2020
timezone: Egypt Standard Time
elapsed time: 3 seconds (0d 0h 0m 3s)

